# JRE version: OpenJDK Runtime Environment Temurin-17.0.9+9 (17.0.9+9) (build 17.0.9+9)
# Java VM: OpenJDK 64-Bit Server VM Temurin-17.0.9+9 (17.0.9+9, mixed mode, tiered, compressed oops, compressed class ptrs, g1 gc, windows-amd64)
GC Precious Log:
 CPUs: 12 total, 12 available
 Memory: 16087M
 Large Page Support: Disabled
 NUMA Support: Disabled
 Compressed Oops: Enabled (Zero based)
 Heap Region Size: 2M
 Heap Min Capacity: 8M
 Heap Initial Capacity: 252M
 Heap Max Capacity: 4022M
 Pre-touch: Disabled
 Parallel Workers: 10
 Concurrent Workers: 3
 Concurrent Refinement Workers: 10
 Periodic GC: Disabled
Heap:
 garbage-first heap   total 81920K, used 44665K [0x0000000704a00000, 0x0000000800000000)
  region size 2048K, 12 young (24576K), 2 survivors (4096K)
 Metaspace       used 45404K, committed 46016K, reserved 1114112K
  class space    used 5462K, committed 5760K, reserved 1048576K
GC Heap History (20 events):
Event: 6.035 GC heap before
{Heap before GC invocations=4 (full 0):
 garbage-first heap   total 49152K, used 32110K [0x0000000704a00000, 0x0000000800000000)
  region size 2048K, 14 young (28672K), 2 survivors (4096K)
 Metaspace       used 24991K, committed 25408K, reserved 1114112K
  class space    used 2815K, committed 3008K, reserved 1048576K
}
Event: 6.041 GC heap after
{Heap after GC invocations=5 (full 0):
 garbage-first heap   total 49152K, used 11730K [0x0000000704a00000, 0x0000000800000000)
  region size 2048K, 2 young (4096K), 2 survivors (4096K)
 Metaspace       used 24991K, committed 25408K, reserved 1114112K
  class space    used 2815K, committed 3008K, reserved 1048576K
}
Event: 6.067 GC heap before
{Heap before GC invocations=5 (full 0):
 garbage-first heap   total 49152K, used 13778K [0x0000000704a00000, 0x0000000800000000)
  region size 2048K, 3 young (6144K), 2 survivors (4096K)
 Metaspace       used 25121K, committed 25600K, reserved 1114112K
  class space    used 2859K, committed 3072K, reserved 1048576K
}
Event: 6.070 GC heap after
{Heap after GC invocations=6 (full 0):
 garbage-first heap   total 49152K, used 12078K [0x0000000704a00000, 0x0000000800000000)
  region size 2048K, 1 young (2048K), 1 survivors (2048K)
 Metaspace       used 25121K, committed 25600K, reserved 1114112K
  class space    used 2859K, committed 3072K, reserved 1048576K
}
Event: 6.211 GC heap before
{Heap before GC invocations=6 (full 0):
 garbage-first heap   total 49152K, used 30510K [0x0000000704a00000, 0x0000000800000000)
  region size 2048K, 10 young (20480K), 1 survivors (2048K)
 Metaspace       used 25277K, committed 25664K, reserved 1114112K
  class space    used 2859K, committed 3072K, reserved 1048576K
}
Event: 6.213 GC heap after
{Heap after GC invocations=7 (full 0):
 garbage-first heap   total 49152K, used 13357K [0x0000000704a00000, 0x0000000800000000)
  region size 2048K, 1 young (2048K), 1 survivors (2048K)
 Metaspace       used 25277K, committed 25664K, reserved 1114112K
  class space    used 2859K, committed 3072K, reserved 1048576K
}
Event: 6.366 GC heap before
{Heap before GC invocations=7 (full 0):
 garbage-first heap   total 49152K, used 31789K [0x0000000704a00000, 0x0000000800000000)
  region size 2048K, 10 young (20480K), 1 survivors (2048K)
 Metaspace       used 25347K, committed 25792K, reserved 1114112K
  class space    used 2872K, committed 3072K, reserved 1048576K
}
Event: 6.369 GC heap after
{Heap after GC invocations=8 (full 0):
 garbage-first heap   total 153600K, used 14862K [0x0000000704a00000, 0x0000000800000000)
  region size 2048K, 2 young (4096K), 2 survivors (4096K)
 Metaspace       used 25347K, committed 25792K, reserved 1114112K
  class space    used 2872K, committed 3072K, reserved 1048576K
}
Event: 48.347 GC heap before
{Heap before GC invocations=8 (full 0):
 garbage-first heap   total 153600K, used 80398K [0x0000000704a00000, 0x0000000800000000)
  region size 2048K, 35 young (71680K), 2 survivors (4096K)
 Metaspace       used 35492K, committed 35968K, reserved 1114112K
  class space    used 4369K, committed 4608K, reserved 1048576K
}
Event: 48.499 GC heap after
{Heap after GC invocations=9 (full 0):
 garbage-first heap   total 153600K, used 19886K [0x0000000704a00000, 0x0000000800000000)
  region size 2048K, 5 young (10240K), 5 survivors (10240K)
 Metaspace       used 35492K, committed 35968K, reserved 1114112K
  class space    used 4369K, committed 4608K, reserved 1048576K
}
Event: 60.252 GC heap before
{Heap before GC invocations=10 (full 0):
 garbage-first heap   total 81920K, used 58798K [0x0000000704a00000, 0x0000000800000000)
  region size 2048K, 24 young (49152K), 5 survivors (10240K)
 Metaspace       used 37370K, committed 37888K, reserved 1114112K
  class space    used 4556K, committed 4800K, reserved 1048576K
}
Event: 60.270 GC heap after
{Heap after GC invocations=11 (full 0):
 garbage-first heap   total 81920K, used 23311K [0x0000000704a00000, 0x0000000800000000)
  region size 2048K, 3 young (6144K), 3 survivors (6144K)
 Metaspace       used 37370K, committed 37888K, reserved 1114112K
  class space    used 4556K, committed 4800K, reserved 1048576K
}
Event: 60.346 GC heap before
{Heap before GC invocations=11 (full 0):
 garbage-first heap   total 81920K, used 25359K [0x0000000704a00000, 0x0000000800000000)
  region size 2048K, 4 young (8192K), 3 survivors (6144K)
 Metaspace       used 37382K, committed 37888K, reserved 1114112K
  class space    used 4556K, committed 4800K, reserved 1048576K
}
Event: 60.353 GC heap after
{Heap after GC invocations=12 (full 0):
 garbage-first heap   total 81920K, used 23536K [0x0000000704a00000, 0x0000000800000000)
  region size 2048K, 1 young (2048K), 1 survivors (2048K)
 Metaspace       used 37382K, committed 37888K, reserved 1114112K
  class space    used 4556K, committed 4800K, reserved 1048576K
}
Event: 69.216 GC heap before
{Heap before GC invocations=12 (full 0):
 garbage-first heap   total 81920K, used 56304K [0x0000000704a00000, 0x0000000800000000)
  region size 2048K, 18 young (36864K), 1 survivors (2048K)
 Metaspace       used 37885K, committed 38400K, reserved 1114112K
  class space    used 4603K, committed 4864K, reserved 1048576K
}
Event: 69.220 GC heap after
{Heap after GC invocations=13 (full 0):
 garbage-first heap   total 81920K, used 25305K [0x0000000704a00000, 0x0000000800000000)
  region size 2048K, 2 young (4096K), 2 survivors (4096K)
 Metaspace       used 37885K, committed 38400K, reserved 1114112K
  class space    used 4603K, committed 4864K, reserved 1048576K
}
Event: 83.589 GC heap before
{Heap before GC invocations=13 (full 0):
 garbage-first heap   total 81920K, used 58073K [0x0000000704a00000, 0x0000000800000000)
  region size 2048K, 19 young (38912K), 2 survivors (4096K)
 Metaspace       used 40912K, committed 41536K, reserved 1114112K
  class space    used 4996K, committed 5312K, reserved 1048576K
}
Event: 83.598 GC heap after
{Heap after GC invocations=14 (full 0):
 garbage-first heap   total 81920K, used 27168K [0x0000000704a00000, 0x0000000800000000)
  region size 2048K, 3 young (6144K), 3 survivors (6144K)
 Metaspace       used 40912K, committed 41536K, reserved 1114112K
  class space    used 4996K, committed 5312K, reserved 1048576K
}
Event: 91.912 GC heap before
{Heap before GC invocations=14 (full 0):
 garbage-first heap   total 81920K, used 59936K [0x0000000704a00000, 0x0000000800000000)
  region size 2048K, 20 young (40960K), 3 survivors (6144K)
 Metaspace       used 43276K, committed 43904K, reserved 1114112K
  class space    used 5263K, committed 5568K, reserved 1048576K
}
Event: 91.918 GC heap after
{Heap after GC invocations=15 (full 0):
 garbage-first heap   total 81920K, used 28281K [0x0000000704a00000, 0x0000000800000000)
  region size 2048K, 2 young (4096K), 2 survivors (4096K)
 Metaspace       used 43276K, committed 43904K, reserved 1114112K
  class space    used 5263K, committed 5568K, reserved 1048576K
}

