<?xml version="1.0" encoding="UTF-8"?>
<!-- Generated by org.testng.reporters.JUnitXMLReporter -->
<testsuite ignored="0" hostname="MSI" failures="2" tests="2" name="Default test" time="0.738" errors="0" timestamp="2024-04-22T15:39:00 EDT">
  <testcase classname="io.cucumber.testng.AbstractTestNGCucumberTests" name="runScenario" time="0.115">
    <failure type="io.cucumber.java.PendingException" message="TODO: implement me">
      <![CDATA[io.cucumber.java.PendingException: TODO: implement me
at dsAlgoStepDefinition.Login_stepdefinition.user_is_on_ds_algo_introduction_page(Login_stepdefinition.java:11)
at ✽.user is on DS Algo Introduction Page(file:///C:/Users/sofia/eclipse-workspace/DSAlgoProject/src/test/resources/Features/loginFeature.feature:5)
]]>
    </failure>
  </testcase> <!-- runScenario -->
  <testcase classname="io.cucumber.testng.AbstractTestNGCucumberTests" name="runScenario" time="0.033">
    <failure type="io.cucumber.java.PendingException" message="TODO: implement me">
      <![CDATA[io.cucumber.java.PendingException: TODO: implement me
at dsAlgoStepDefinition.Login_stepdefinition.user_is_on_ds_algo_sign_in_page(Login_stepdefinition.java:35)
at ✽.user is on DS Algo Sign in Page(file:///C:/Users/sofia/eclipse-workspace/DSAlgoProject/src/test/resources/Features/loginFeature.feature:12)
]]>
    </failure>
  </testcase> <!-- runScenario -->
</testsuite> <!-- Default test -->
