<?xml version="1.0" encoding="UTF-8"?>
<testng-results ignored="0" total="2" passed="0" failed="2" skipped="0">
  <reporter-output>
  </reporter-output>
  <suite started-at="2024-04-22T15:38:59 EDT" name="Default suite" finished-at="2024-04-22T15:39:00 EDT" duration-ms="738">
    <groups>
      <group name="cucumber">
        <method signature="AbstractTestNGCucumberTests.runScenario(io.cucumber.testng.PickleWrapper,io.cucumber.testng.FeatureWrapper)[pri:0, instance:dsAlgoRunner.Runner_Login@72cc7e6f]" name="runScenario" class="io.cucumber.testng.AbstractTestNGCucumberTests"/>
      </group> <!-- cucumber -->
    </groups>
    <test started-at="2024-04-22T15:38:59 EDT" name="Default test" finished-at="2024-04-22T15:39:00 EDT" duration-ms="738">
      <class name="dsAlgoRunner.Runner_Login">
        <test-method is-config="true" signature="setUpClass(org.testng.ITestContext)[pri:0, instance:dsAlgoRunner.Runner_Login@72cc7e6f]" started-at="2024-04-22T15:38:59 EDT" name="setUpClass" finished-at="2024-04-22T15:38:59 EDT" duration-ms="510" status="PASS">
          <params>
            <param index="0">
              <value>
                <![CDATA[org.testng.TestRunner@5649ec46]]>
              </value>
            </param>
          </params>
          <reporter-output>
          </reporter-output>
        </test-method> <!-- setUpClass -->
        <test-method signature="runScenario(io.cucumber.testng.PickleWrapper,io.cucumber.testng.FeatureWrapper)[pri:0, instance:dsAlgoRunner.Runner_Login@72cc7e6f]" started-at="2024-04-22T15:38:59 EDT" name="runScenario" description="Runs Cucumber Scenarios" data-provider="scenarios" finished-at="2024-04-22T15:38:59 EDT" duration-ms="115" status="FAIL">
          <params>
            <param index="0">
              <value>
                <![CDATA["F4S1 On DS Algo Introduction Page, test that user should be able to click Sign in link"]]>
              </value>
            </param>
            <param index="1">
              <value>
                <![CDATA["F4 As a user, I am able to open the browser and Sign In in dsalgo portal"]]>
              </value>
            </param>
          </params>
          <exception class="io.cucumber.java.PendingException">
            <message>
              <![CDATA[TODO: implement me]]>
            </message>
            <full-stacktrace>
              <![CDATA[io.cucumber.java.PendingException: TODO: implement me
at dsAlgoStepDefinition.Login_stepdefinition.user_is_on_ds_algo_introduction_page(Login_stepdefinition.java:11)
at ✽.user is on DS Algo Introduction Page(file:///C:/Users/sofia/eclipse-workspace/DSAlgoProject/src/test/resources/Features/loginFeature.feature:5)
]]>
            </full-stacktrace>
          </exception> <!-- io.cucumber.java.PendingException -->
          <reporter-output>
          </reporter-output>
        </test-method> <!-- runScenario -->
        <test-method signature="runScenario(io.cucumber.testng.PickleWrapper,io.cucumber.testng.FeatureWrapper)[pri:0, instance:dsAlgoRunner.Runner_Login@72cc7e6f]" started-at="2024-04-22T15:39:00 EDT" name="runScenario" description="Runs Cucumber Scenarios" data-provider="scenarios" finished-at="2024-04-22T15:39:00 EDT" duration-ms="33" status="FAIL">
          <params>
            <param index="0">
              <value>
                <![CDATA["F4S2 DS Algo Sign in Page, test that user Sign In successfully"]]>
              </value>
            </param>
            <param index="1">
              <value>
                <![CDATA["F4 As a user, I am able to open the browser and Sign In in dsalgo portal"]]>
              </value>
            </param>
          </params>
          <exception class="io.cucumber.java.PendingException">
            <message>
              <![CDATA[TODO: implement me]]>
            </message>
            <full-stacktrace>
              <![CDATA[io.cucumber.java.PendingException: TODO: implement me
at dsAlgoStepDefinition.Login_stepdefinition.user_is_on_ds_algo_sign_in_page(Login_stepdefinition.java:35)
at ✽.user is on DS Algo Sign in Page(file:///C:/Users/sofia/eclipse-workspace/DSAlgoProject/src/test/resources/Features/loginFeature.feature:12)
]]>
            </full-stacktrace>
          </exception> <!-- io.cucumber.java.PendingException -->
          <reporter-output>
          </reporter-output>
        </test-method> <!-- runScenario -->
        <test-method is-config="true" signature="tearDownClass()[pri:0, instance:dsAlgoRunner.Runner_Login@72cc7e6f]" started-at="2024-04-22T15:39:00 EDT" name="tearDownClass" finished-at="2024-04-22T15:39:00 EDT" duration-ms="21" status="PASS">
          <reporter-output>
          </reporter-output>
        </test-method> <!-- tearDownClass -->
      </class> <!-- dsAlgoRunner.Runner_Login -->
    </test> <!-- Default test -->
  </suite> <!-- Default suite -->
</testng-results>
