<?xml version="1.0" encoding="UTF-8"?>
<testng-results ignored="0" total="1" passed="1" failed="0" skipped="0">
  <reporter-output>
  </reporter-output>
  <suite started-at="2024-05-08T12:57:20 EDT" name="Default suite" finished-at="2024-05-08T12:57:24 EDT" duration-ms="4482">
    <groups>
      <group name="cucumber">
        <method signature="AbstractTestNGCucumberTests.runScenario(io.cucumber.testng.PickleWrapper,io.cucumber.testng.FeatureWrapper)[pri:0, instance:dsAlgoRunner.Runner_Test@1750fbeb]" name="runScenario" class="io.cucumber.testng.AbstractTestNGCucumberTests"/>
      </group> <!-- cucumber -->
    </groups>
    <test started-at="2024-05-08T12:57:20 EDT" name="Default test" finished-at="2024-05-08T12:57:24 EDT" duration-ms="4482">
      <class name="dsAlgoRunner.Runner_Test">
        <test-method is-config="true" signature="setUpClass(org.testng.ITestContext)[pri:0, instance:dsAlgoRunner.Runner_Test@1750fbeb]" started-at="2024-05-08T12:57:20 EDT" name="setUpClass" finished-at="2024-05-08T12:57:20 EDT" duration-ms="502" status="PASS">
          <params>
            <param index="0">
              <value>
                <![CDATA[org.testng.TestRunner@35e52059]]>
              </value>
            </param>
          </params>
          <reporter-output>
          </reporter-output>
        </test-method> <!-- setUpClass -->
        <test-method signature="runScenario(io.cucumber.testng.PickleWrapper,io.cucumber.testng.FeatureWrapper)[pri:0, instance:dsAlgoRunner.Runner_Test@1750fbeb]" started-at="2024-05-08T12:57:20 EDT" name="runScenario" description="Runs Cucumber Scenarios" data-provider="scenarios" finished-at="2024-05-08T12:57:24 EDT" duration-ms="3913" status="PASS">
          <params>
            <param index="0">
              <value>
                <![CDATA["The user clicks the Array Practice topic links and runs the  python code"]]>
              </value>
            </param>
            <param index="1">
              <value>
                <![CDATA["P1 As a user I want to navigate to the Array Practice home page"]]>
              </value>
            </param>
          </params>
          <reporter-output>
          </reporter-output>
        </test-method> <!-- runScenario -->
        <test-method is-config="true" signature="tearDownClass()[pri:0, instance:dsAlgoRunner.Runner_Test@1750fbeb]" started-at="2024-05-08T12:57:24 EDT" name="tearDownClass" finished-at="2024-05-08T12:57:24 EDT" duration-ms="18" status="PASS">
          <reporter-output>
          </reporter-output>
        </test-method> <!-- tearDownClass -->
      </class> <!-- dsAlgoRunner.Runner_Test -->
    </test> <!-- Default test -->
  </suite> <!-- Default suite -->
</testng-results>
