<?xml version="1.0" encoding="UTF-8"?>
<!-- Generated by org.testng.reporters.JUnitReportReporter -->
<testsuite hostname="DESKTOP-F07AI6Q" failures="0" tests="142" name="dsAlgoRunner.Runner_Test" time="2275.889" errors="38" timestamp="2024-05-13T13:49:03 EDT" skipped="0">
  <testcase classname="dsAlgoRunner.Runner_Test" name="runScenario" time="44.031"/>
  <system-out/>
  <testcase classname="dsAlgoRunner.Runner_Test" name="runScenario" time="25.909"/>
  <system-out/>
  <testcase classname="dsAlgoRunner.Runner_Test" name="runScenario" time="28.122"/>
  <system-out/>
  <testcase classname="dsAlgoRunner.Runner_Test" name="runScenario" time="10.476"/>
  <system-out/>
  <testcase classname="dsAlgoRunner.Runner_Test" name="runScenario" time="29.387"/>
  <system-out/>
  <testcase classname="dsAlgoRunner.Runner_Test" name="runScenario" time="5.684"/>
  <system-out/>
  <testcase classname="dsAlgoRunner.Runner_Test" name="runScenario" time="27.368"/>
  <system-out/>
  <testcase classname="dsAlgoRunner.Runner_Test" name="runScenario" time="22.403">
    <error message="Element &lt;a class=&quot;align-self-end btn btn-lg btn-block btn-primary&quot; href=&quot;stack&quot;&gt; is not clickable at point (217,682) because another element &lt;html&gt; obscures it
Build info: version: &#039;4.20.0&#039;, revision: &#039;866c76ca80&#039;
System info: os.name: &#039;Windows 11&#039;, os.arch: &#039;amd64&#039;, os.version: &#039;10.0&#039;, java.version: &#039;21.0.2&#039;
Driver info: org.openqa.selenium.firefox.FirefoxDriver
Command: [28a0c65b-b84a-4bc6-92c0-00f459aef990, clickElement {id=ab2ef497-c3e5-4bca-90b1-ba59adb97423}]
Capabilities {acceptInsecureCerts: true, browserName: firefox, browserVersion: 125.0.3, moz:accessibilityChecks: false, moz:buildID: 20240425211020, moz:debuggerAddress: 127.0.0.1:47019, moz:geckodriverVersion: 0.34.0, moz:headless: true, moz:platformVersion: 10.0, moz:processID: 4428, moz:profile: C:\Users\anjuk\AppData\Loca..., moz:shutdownTimeout: 60000, moz:webdriverClick: true, moz:windowless: false, pageLoadStrategy: normal, platformName: windows, proxy: Proxy(), se:cdp: ws://127.0.0.1:47019/devtoo..., se:cdpVersion: 85.0, setWindowRect: true, strictFileInteractability: false, timeouts: {implicit: 0, pageLoad: 300000, script: 30000}, unhandledPromptBehavior: dismiss and notify, userAgent: Mozilla/5.0 (Windows NT 10....}
Element: [[FirefoxDriver: firefox on windows (28a0c65b-b84a-4bc6-92c0-00f459aef990)] -&gt; xpath: //a[@href=&#039;stack&#039;]]
Session ID: 28a0c65b-b84a-4bc6-92c0-00f459aef990" type="org.openqa.selenium.ElementClickInterceptedException">
      <![CDATA[org.openqa.selenium.ElementClickInterceptedException: Element <a class="align-self-end btn btn-lg btn-block btn-primary" href="stack"> is not clickable at point (217,682) because another element <html> obscures it
Build info: version: '4.20.0', revision: '866c76ca80'
System info: os.name: 'Windows 11', os.arch: 'amd64', os.version: '10.0', java.version: '21.0.2'
Driver info: org.openqa.selenium.firefox.FirefoxDriver
Command: [28a0c65b-b84a-4bc6-92c0-00f459aef990, clickElement {id=ab2ef497-c3e5-4bca-90b1-ba59adb97423}]
Capabilities {acceptInsecureCerts: true, browserName: firefox, browserVersion: 125.0.3, moz:accessibilityChecks: false, moz:buildID: 20240425211020, moz:debuggerAddress: 127.0.0.1:47019, moz:geckodriverVersion: 0.34.0, moz:headless: true, moz:platformVersion: 10.0, moz:processID: 4428, moz:profile: C:\Users\anjuk\AppData\Loca..., moz:shutdownTimeout: 60000, moz:webdriverClick: true, moz:windowless: false, pageLoadStrategy: normal, platformName: windows, proxy: Proxy(), se:cdp: ws://127.0.0.1:47019/devtoo..., se:cdpVersion: 85.0, setWindowRect: true, strictFileInteractability: false, timeouts: {implicit: 0, pageLoad: 300000, script: 30000}, unhandledPromptBehavior: dismiss and notify, userAgent: Mozilla/5.0 (Windows NT 10....}
Element: [[FirefoxDriver: firefox on windows (28a0c65b-b84a-4bc6-92c0-00f459aef990)] -> xpath: //a[@href='stack']]
Session ID: 28a0c65b-b84a-4bc6-92c0-00f459aef990
at java.base/jdk.internal.reflect.DirectConstructorHandleAccessor.newInstance(DirectConstructorHandleAccessor.java:62)
at java.base/java.lang.reflect.Constructor.newInstanceWithCaller(Constructor.java:502)
at java.base/java.lang.reflect.Constructor.newInstance(Constructor.java:486)
at org.openqa.selenium.remote.ErrorCodec.decode(ErrorCodec.java:167)
at org.openqa.selenium.remote.codec.w3c.W3CHttpResponseCodec.decode(W3CHttpResponseCodec.java:138)
at org.openqa.selenium.remote.codec.w3c.W3CHttpResponseCodec.decode(W3CHttpResponseCodec.java:50)
at org.openqa.selenium.remote.HttpCommandExecutor.execute(HttpCommandExecutor.java:190)
at org.openqa.selenium.remote.service.DriverCommandExecutor.invokeExecute(DriverCommandExecutor.java:216)
at org.openqa.selenium.remote.service.DriverCommandExecutor.execute(DriverCommandExecutor.java:174)
at org.openqa.selenium.remote.RemoteWebDriver.execute(RemoteWebDriver.java:518)
at org.openqa.selenium.remote.RemoteWebElement.execute(RemoteWebElement.java:223)
at org.openqa.selenium.remote.RemoteWebElement.click(RemoteWebElement.java:76)
at java.base/jdk.internal.reflect.DirectMethodHandleAccessor.invoke(DirectMethodHandleAccessor.java:103)
at java.base/java.lang.reflect.Method.invoke(Method.java:580)
at org.openqa.selenium.support.pagefactory.internal.LocatingElementHandler.invoke(LocatingElementHandler.java:51)
at jdk.proxy2/jdk.proxy2.$Proxy28.click(Unknown Source)
at dsalgoPOM.DSStack_Page.StackHomePage(DSStack_Page.java:45)
at dsalgo_stepdefinition.DSStack_StepDefinition.the_user_is_on_the_stack_page(DSStack_StepDefinition.java:29)
at ✽.The user is on the stack page(file:///C:/MyDSAlgoCode/DSAlgoProject/src/test/resources/Features/DSStack.feature:30)
]]>
    </error>
  </testcase> <!-- runScenario -->
  <system-out/>
  <testcase classname="dsAlgoRunner.Runner_Test" name="runScenario" time="16.633">
    <error message="Element &lt;a class=&quot;align-self-end btn btn-lg btn-block btn-primary&quot; href=&quot;stack&quot;&gt; is not clickable at point (217,682) because another element &lt;html&gt; obscures it
Build info: version: &#039;4.20.0&#039;, revision: &#039;866c76ca80&#039;
System info: os.name: &#039;Windows 11&#039;, os.arch: &#039;amd64&#039;, os.version: &#039;10.0&#039;, java.version: &#039;21.0.2&#039;
Driver info: org.openqa.selenium.firefox.FirefoxDriver
Command: [f6b65775-ef67-4e75-9d68-0c39fb41aaab, clickElement {id=fe82f62e-ced0-48f6-8a9d-27013be8e496}]
Capabilities {acceptInsecureCerts: true, browserName: firefox, browserVersion: 125.0.3, moz:accessibilityChecks: false, moz:buildID: 20240425211020, moz:debuggerAddress: 127.0.0.1:24341, moz:geckodriverVersion: 0.34.0, moz:headless: true, moz:platformVersion: 10.0, moz:processID: 28404, moz:profile: C:\Users\anjuk\AppData\Loca..., moz:shutdownTimeout: 60000, moz:webdriverClick: true, moz:windowless: false, pageLoadStrategy: normal, platformName: windows, proxy: Proxy(), se:cdp: ws://127.0.0.1:24341/devtoo..., se:cdpVersion: 85.0, setWindowRect: true, strictFileInteractability: false, timeouts: {implicit: 0, pageLoad: 300000, script: 30000}, unhandledPromptBehavior: dismiss and notify, userAgent: Mozilla/5.0 (Windows NT 10....}
Element: [[FirefoxDriver: firefox on windows (f6b65775-ef67-4e75-9d68-0c39fb41aaab)] -&gt; xpath: //a[@href=&#039;stack&#039;]]
Session ID: f6b65775-ef67-4e75-9d68-0c39fb41aaab" type="org.openqa.selenium.ElementClickInterceptedException">
      <![CDATA[org.openqa.selenium.ElementClickInterceptedException: Element <a class="align-self-end btn btn-lg btn-block btn-primary" href="stack"> is not clickable at point (217,682) because another element <html> obscures it
Build info: version: '4.20.0', revision: '866c76ca80'
System info: os.name: 'Windows 11', os.arch: 'amd64', os.version: '10.0', java.version: '21.0.2'
Driver info: org.openqa.selenium.firefox.FirefoxDriver
Command: [f6b65775-ef67-4e75-9d68-0c39fb41aaab, clickElement {id=fe82f62e-ced0-48f6-8a9d-27013be8e496}]
Capabilities {acceptInsecureCerts: true, browserName: firefox, browserVersion: 125.0.3, moz:accessibilityChecks: false, moz:buildID: 20240425211020, moz:debuggerAddress: 127.0.0.1:24341, moz:geckodriverVersion: 0.34.0, moz:headless: true, moz:platformVersion: 10.0, moz:processID: 28404, moz:profile: C:\Users\anjuk\AppData\Loca..., moz:shutdownTimeout: 60000, moz:webdriverClick: true, moz:windowless: false, pageLoadStrategy: normal, platformName: windows, proxy: Proxy(), se:cdp: ws://127.0.0.1:24341/devtoo..., se:cdpVersion: 85.0, setWindowRect: true, strictFileInteractability: false, timeouts: {implicit: 0, pageLoad: 300000, script: 30000}, unhandledPromptBehavior: dismiss and notify, userAgent: Mozilla/5.0 (Windows NT 10....}
Element: [[FirefoxDriver: firefox on windows (f6b65775-ef67-4e75-9d68-0c39fb41aaab)] -> xpath: //a[@href='stack']]
Session ID: f6b65775-ef67-4e75-9d68-0c39fb41aaab
at java.base/jdk.internal.reflect.DirectConstructorHandleAccessor.newInstance(DirectConstructorHandleAccessor.java:62)
at java.base/java.lang.reflect.Constructor.newInstanceWithCaller(Constructor.java:502)
at java.base/java.lang.reflect.Constructor.newInstance(Constructor.java:486)
at org.openqa.selenium.remote.ErrorCodec.decode(ErrorCodec.java:167)
at org.openqa.selenium.remote.codec.w3c.W3CHttpResponseCodec.decode(W3CHttpResponseCodec.java:138)
at org.openqa.selenium.remote.codec.w3c.W3CHttpResponseCodec.decode(W3CHttpResponseCodec.java:50)
at org.openqa.selenium.remote.HttpCommandExecutor.execute(HttpCommandExecutor.java:190)
at org.openqa.selenium.remote.service.DriverCommandExecutor.invokeExecute(DriverCommandExecutor.java:216)
at org.openqa.selenium.remote.service.DriverCommandExecutor.execute(DriverCommandExecutor.java:174)
at org.openqa.selenium.remote.RemoteWebDriver.execute(RemoteWebDriver.java:518)
at org.openqa.selenium.remote.RemoteWebElement.execute(RemoteWebElement.java:223)
at org.openqa.selenium.remote.RemoteWebElement.click(RemoteWebElement.java:76)
at java.base/jdk.internal.reflect.DirectMethodHandleAccessor.invoke(DirectMethodHandleAccessor.java:103)
at java.base/java.lang.reflect.Method.invoke(Method.java:580)
at org.openqa.selenium.support.pagefactory.internal.LocatingElementHandler.invoke(LocatingElementHandler.java:51)
at jdk.proxy2/jdk.proxy2.$Proxy28.click(Unknown Source)
at dsalgoPOM.DSStack_Page.StackHomePage(DSStack_Page.java:45)
at dsalgo_stepdefinition.DSStack_StepDefinition.the_user_is_on_the_stack_page(DSStack_StepDefinition.java:29)
at ✽.The user is on the stack page(file:///C:/MyDSAlgoCode/DSAlgoProject/src/test/resources/Features/DSStack.feature:30)
]]>
    </error>
  </testcase> <!-- runScenario -->
  <system-out/>
  <testcase classname="dsAlgoRunner.Runner_Test" name="runScenario" time="11.114"/>
  <system-out/>
  <testcase classname="dsAlgoRunner.Runner_Test" name="runScenario" time="23.966"/>
  <system-out/>
  <testcase classname="dsAlgoRunner.Runner_Test" name="runScenario" time="10.272"/>
  <system-out/>
  <testcase classname="dsAlgoRunner.Runner_Test" name="runScenario" time="27.085"/>
  <system-out/>
  <testcase classname="dsAlgoRunner.Runner_Test" name="runScenario" time="5.321"/>
  <system-out/>
  <testcase classname="dsAlgoRunner.Runner_Test" name="runScenario" time="11.607"/>
  <system-out/>
  <testcase classname="dsAlgoRunner.Runner_Test" name="runScenario" time="17.943">
    <error message="Element &lt;a class=&quot;align-self-end btn btn-lg btn-block btn-primary&quot; href=&quot;tree&quot;&gt; is not clickable at point (1148,682) because another element &lt;html&gt; obscures it
Build info: version: &#039;4.20.0&#039;, revision: &#039;866c76ca80&#039;
System info: os.name: &#039;Windows 11&#039;, os.arch: &#039;amd64&#039;, os.version: &#039;10.0&#039;, java.version: &#039;21.0.2&#039;
Driver info: org.openqa.selenium.firefox.FirefoxDriver
Command: [0e5dd7aa-7ac3-48a7-8c4d-40d94a37cc3e, clickElement {id=36269427-6e05-4ece-9d50-c9c346be6638}]
Capabilities {acceptInsecureCerts: true, browserName: firefox, browserVersion: 125.0.3, moz:accessibilityChecks: false, moz:buildID: 20240425211020, moz:debuggerAddress: 127.0.0.1:18965, moz:geckodriverVersion: 0.34.0, moz:headless: true, moz:platformVersion: 10.0, moz:processID: 43612, moz:profile: C:\Users\anjuk\AppData\Loca..., moz:shutdownTimeout: 60000, moz:webdriverClick: true, moz:windowless: false, pageLoadStrategy: normal, platformName: windows, proxy: Proxy(), se:cdp: ws://127.0.0.1:18965/devtoo..., se:cdpVersion: 85.0, setWindowRect: true, strictFileInteractability: false, timeouts: {implicit: 0, pageLoad: 300000, script: 30000}, unhandledPromptBehavior: dismiss and notify, userAgent: Mozilla/5.0 (Windows NT 10....}
Element: [[FirefoxDriver: firefox on windows (0e5dd7aa-7ac3-48a7-8c4d-40d94a37cc3e)] -&gt; xpath: //a[@href=&#039;tree&#039;]]
Session ID: 0e5dd7aa-7ac3-48a7-8c4d-40d94a37cc3e" type="org.openqa.selenium.ElementClickInterceptedException">
      <![CDATA[org.openqa.selenium.ElementClickInterceptedException: Element <a class="align-self-end btn btn-lg btn-block btn-primary" href="tree"> is not clickable at point (1148,682) because another element <html> obscures it
Build info: version: '4.20.0', revision: '866c76ca80'
System info: os.name: 'Windows 11', os.arch: 'amd64', os.version: '10.0', java.version: '21.0.2'
Driver info: org.openqa.selenium.firefox.FirefoxDriver
Command: [0e5dd7aa-7ac3-48a7-8c4d-40d94a37cc3e, clickElement {id=36269427-6e05-4ece-9d50-c9c346be6638}]
Capabilities {acceptInsecureCerts: true, browserName: firefox, browserVersion: 125.0.3, moz:accessibilityChecks: false, moz:buildID: 20240425211020, moz:debuggerAddress: 127.0.0.1:18965, moz:geckodriverVersion: 0.34.0, moz:headless: true, moz:platformVersion: 10.0, moz:processID: 43612, moz:profile: C:\Users\anjuk\AppData\Loca..., moz:shutdownTimeout: 60000, moz:webdriverClick: true, moz:windowless: false, pageLoadStrategy: normal, platformName: windows, proxy: Proxy(), se:cdp: ws://127.0.0.1:18965/devtoo..., se:cdpVersion: 85.0, setWindowRect: true, strictFileInteractability: false, timeouts: {implicit: 0, pageLoad: 300000, script: 30000}, unhandledPromptBehavior: dismiss and notify, userAgent: Mozilla/5.0 (Windows NT 10....}
Element: [[FirefoxDriver: firefox on windows (0e5dd7aa-7ac3-48a7-8c4d-40d94a37cc3e)] -> xpath: //a[@href='tree']]
Session ID: 0e5dd7aa-7ac3-48a7-8c4d-40d94a37cc3e
at java.base/jdk.internal.reflect.DirectConstructorHandleAccessor.newInstance(DirectConstructorHandleAccessor.java:62)
at java.base/java.lang.reflect.Constructor.newInstanceWithCaller(Constructor.java:502)
at java.base/java.lang.reflect.Constructor.newInstance(Constructor.java:486)
at org.openqa.selenium.remote.ErrorCodec.decode(ErrorCodec.java:167)
at org.openqa.selenium.remote.codec.w3c.W3CHttpResponseCodec.decode(W3CHttpResponseCodec.java:138)
at org.openqa.selenium.remote.codec.w3c.W3CHttpResponseCodec.decode(W3CHttpResponseCodec.java:50)
at org.openqa.selenium.remote.HttpCommandExecutor.execute(HttpCommandExecutor.java:190)
at org.openqa.selenium.remote.service.DriverCommandExecutor.invokeExecute(DriverCommandExecutor.java:216)
at org.openqa.selenium.remote.service.DriverCommandExecutor.execute(DriverCommandExecutor.java:174)
at org.openqa.selenium.remote.RemoteWebDriver.execute(RemoteWebDriver.java:518)
at org.openqa.selenium.remote.RemoteWebElement.execute(RemoteWebElement.java:223)
at org.openqa.selenium.remote.RemoteWebElement.click(RemoteWebElement.java:76)
at dsalgoPOM.TreePage.TreeHomePage(TreePage.java:32)
at dsalgo_stepdefinition.DSTreeStepDefinition.the_user_is_on_the_tree_page(DSTreeStepDefinition.java:28)
at ✽.The user is on the Tree page(file:///C:/MyDSAlgoCode/DSAlgoProject/src/test/resources/Features/Tree.feature:13)
]]>
    </error>
  </testcase> <!-- runScenario -->
  <system-out/>
  <testcase classname="dsAlgoRunner.Runner_Test" name="runScenario" time="27.528"/>
  <system-out/>
  <testcase classname="dsAlgoRunner.Runner_Test" name="runScenario" time="10.499"/>
  <system-out/>
  <testcase classname="dsAlgoRunner.Runner_Test" name="runScenario" time="14.789">
    <error message="Element &lt;a class=&quot;align-self-end btn btn-lg btn-block btn-primary&quot; href=&quot;tree&quot;&gt; is not clickable at point (1148,682) because another element &lt;html&gt; obscures it
Build info: version: &#039;4.20.0&#039;, revision: &#039;866c76ca80&#039;
System info: os.name: &#039;Windows 11&#039;, os.arch: &#039;amd64&#039;, os.version: &#039;10.0&#039;, java.version: &#039;21.0.2&#039;
Driver info: org.openqa.selenium.firefox.FirefoxDriver
Command: [6bf6fdc6-2b1b-47c2-a27c-c50c4f921c42, clickElement {id=66b44dde-9261-4530-9e67-45670359e2d3}]
Capabilities {acceptInsecureCerts: true, browserName: firefox, browserVersion: 125.0.3, moz:accessibilityChecks: false, moz:buildID: 20240425211020, moz:debuggerAddress: 127.0.0.1:46525, moz:geckodriverVersion: 0.34.0, moz:headless: true, moz:platformVersion: 10.0, moz:processID: 30000, moz:profile: C:\Users\anjuk\AppData\Loca..., moz:shutdownTimeout: 60000, moz:webdriverClick: true, moz:windowless: false, pageLoadStrategy: normal, platformName: windows, proxy: Proxy(), se:cdp: ws://127.0.0.1:46525/devtoo..., se:cdpVersion: 85.0, setWindowRect: true, strictFileInteractability: false, timeouts: {implicit: 0, pageLoad: 300000, script: 30000}, unhandledPromptBehavior: dismiss and notify, userAgent: Mozilla/5.0 (Windows NT 10....}
Element: [[FirefoxDriver: firefox on windows (6bf6fdc6-2b1b-47c2-a27c-c50c4f921c42)] -&gt; xpath: //a[@href=&#039;tree&#039;]]
Session ID: 6bf6fdc6-2b1b-47c2-a27c-c50c4f921c42" type="org.openqa.selenium.ElementClickInterceptedException">
      <![CDATA[org.openqa.selenium.ElementClickInterceptedException: Element <a class="align-self-end btn btn-lg btn-block btn-primary" href="tree"> is not clickable at point (1148,682) because another element <html> obscures it
Build info: version: '4.20.0', revision: '866c76ca80'
System info: os.name: 'Windows 11', os.arch: 'amd64', os.version: '10.0', java.version: '21.0.2'
Driver info: org.openqa.selenium.firefox.FirefoxDriver
Command: [6bf6fdc6-2b1b-47c2-a27c-c50c4f921c42, clickElement {id=66b44dde-9261-4530-9e67-45670359e2d3}]
Capabilities {acceptInsecureCerts: true, browserName: firefox, browserVersion: 125.0.3, moz:accessibilityChecks: false, moz:buildID: 20240425211020, moz:debuggerAddress: 127.0.0.1:46525, moz:geckodriverVersion: 0.34.0, moz:headless: true, moz:platformVersion: 10.0, moz:processID: 30000, moz:profile: C:\Users\anjuk\AppData\Loca..., moz:shutdownTimeout: 60000, moz:webdriverClick: true, moz:windowless: false, pageLoadStrategy: normal, platformName: windows, proxy: Proxy(), se:cdp: ws://127.0.0.1:46525/devtoo..., se:cdpVersion: 85.0, setWindowRect: true, strictFileInteractability: false, timeouts: {implicit: 0, pageLoad: 300000, script: 30000}, unhandledPromptBehavior: dismiss and notify, userAgent: Mozilla/5.0 (Windows NT 10....}
Element: [[FirefoxDriver: firefox on windows (6bf6fdc6-2b1b-47c2-a27c-c50c4f921c42)] -> xpath: //a[@href='tree']]
Session ID: 6bf6fdc6-2b1b-47c2-a27c-c50c4f921c42
at java.base/jdk.internal.reflect.DirectConstructorHandleAccessor.newInstance(DirectConstructorHandleAccessor.java:62)
at java.base/java.lang.reflect.Constructor.newInstanceWithCaller(Constructor.java:502)
at java.base/java.lang.reflect.Constructor.newInstance(Constructor.java:486)
at org.openqa.selenium.remote.ErrorCodec.decode(ErrorCodec.java:167)
at org.openqa.selenium.remote.codec.w3c.W3CHttpResponseCodec.decode(W3CHttpResponseCodec.java:138)
at org.openqa.selenium.remote.codec.w3c.W3CHttpResponseCodec.decode(W3CHttpResponseCodec.java:50)
at org.openqa.selenium.remote.HttpCommandExecutor.execute(HttpCommandExecutor.java:190)
at org.openqa.selenium.remote.service.DriverCommandExecutor.invokeExecute(DriverCommandExecutor.java:216)
at org.openqa.selenium.remote.service.DriverCommandExecutor.execute(DriverCommandExecutor.java:174)
at org.openqa.selenium.remote.RemoteWebDriver.execute(RemoteWebDriver.java:518)
at org.openqa.selenium.remote.RemoteWebElement.execute(RemoteWebElement.java:223)
at org.openqa.selenium.remote.RemoteWebElement.click(RemoteWebElement.java:76)
at dsalgoPOM.TreePage.TreeHomePage(TreePage.java:32)
at dsalgo_stepdefinition.DSTreeStepDefinition.the_user_is_on_the_tree_page(DSTreeStepDefinition.java:28)
at ✽.The user is on the Tree page(file:///C:/MyDSAlgoCode/DSAlgoProject/src/test/resources/Features/Tree.feature:38)
]]>
    </error>
  </testcase> <!-- runScenario -->
  <system-out/>
  <testcase classname="dsAlgoRunner.Runner_Test" name="runScenario" time="11.073"/>
  <system-out/>
  <testcase classname="dsAlgoRunner.Runner_Test" name="runScenario" time="29.377"/>
  <system-out/>
  <testcase classname="dsAlgoRunner.Runner_Test" name="runScenario" time="18.235"/>
  <system-out/>
  <testcase classname="dsAlgoRunner.Runner_Test" name="runScenario" time="14.663"/>
  <system-out/>
  <testcase classname="dsAlgoRunner.Runner_Test" name="runScenario" time="30.773"/>
  <system-out/>
  <testcase classname="dsAlgoRunner.Runner_Test" name="runScenario" time="16.788">
    <error message="Element &lt;a class=&quot;align-self-end btn btn-lg btn-block btn-primary&quot; href=&quot;tree&quot;&gt; is not clickable at point (1148,682) because another element &lt;html&gt; obscures it
Build info: version: &#039;4.20.0&#039;, revision: &#039;866c76ca80&#039;
System info: os.name: &#039;Windows 11&#039;, os.arch: &#039;amd64&#039;, os.version: &#039;10.0&#039;, java.version: &#039;21.0.2&#039;
Driver info: org.openqa.selenium.firefox.FirefoxDriver
Command: [b35b46f7-21a3-4d77-80a4-0c163cafa2d7, clickElement {id=a4b04035-567d-4206-bda5-5b3a72738a24}]
Capabilities {acceptInsecureCerts: true, browserName: firefox, browserVersion: 125.0.3, moz:accessibilityChecks: false, moz:buildID: 20240425211020, moz:debuggerAddress: 127.0.0.1:17633, moz:geckodriverVersion: 0.34.0, moz:headless: true, moz:platformVersion: 10.0, moz:processID: 36032, moz:profile: C:\Users\anjuk\AppData\Loca..., moz:shutdownTimeout: 60000, moz:webdriverClick: true, moz:windowless: false, pageLoadStrategy: normal, platformName: windows, proxy: Proxy(), se:cdp: ws://127.0.0.1:17633/devtoo..., se:cdpVersion: 85.0, setWindowRect: true, strictFileInteractability: false, timeouts: {implicit: 0, pageLoad: 300000, script: 30000}, unhandledPromptBehavior: dismiss and notify, userAgent: Mozilla/5.0 (Windows NT 10....}
Element: [[FirefoxDriver: firefox on windows (b35b46f7-21a3-4d77-80a4-0c163cafa2d7)] -&gt; xpath: //a[@href=&#039;tree&#039;]]
Session ID: b35b46f7-21a3-4d77-80a4-0c163cafa2d7" type="org.openqa.selenium.ElementClickInterceptedException">
      <![CDATA[org.openqa.selenium.ElementClickInterceptedException: Element <a class="align-self-end btn btn-lg btn-block btn-primary" href="tree"> is not clickable at point (1148,682) because another element <html> obscures it
Build info: version: '4.20.0', revision: '866c76ca80'
System info: os.name: 'Windows 11', os.arch: 'amd64', os.version: '10.0', java.version: '21.0.2'
Driver info: org.openqa.selenium.firefox.FirefoxDriver
Command: [b35b46f7-21a3-4d77-80a4-0c163cafa2d7, clickElement {id=a4b04035-567d-4206-bda5-5b3a72738a24}]
Capabilities {acceptInsecureCerts: true, browserName: firefox, browserVersion: 125.0.3, moz:accessibilityChecks: false, moz:buildID: 20240425211020, moz:debuggerAddress: 127.0.0.1:17633, moz:geckodriverVersion: 0.34.0, moz:headless: true, moz:platformVersion: 10.0, moz:processID: 36032, moz:profile: C:\Users\anjuk\AppData\Loca..., moz:shutdownTimeout: 60000, moz:webdriverClick: true, moz:windowless: false, pageLoadStrategy: normal, platformName: windows, proxy: Proxy(), se:cdp: ws://127.0.0.1:17633/devtoo..., se:cdpVersion: 85.0, setWindowRect: true, strictFileInteractability: false, timeouts: {implicit: 0, pageLoad: 300000, script: 30000}, unhandledPromptBehavior: dismiss and notify, userAgent: Mozilla/5.0 (Windows NT 10....}
Element: [[FirefoxDriver: firefox on windows (b35b46f7-21a3-4d77-80a4-0c163cafa2d7)] -> xpath: //a[@href='tree']]
Session ID: b35b46f7-21a3-4d77-80a4-0c163cafa2d7
at java.base/jdk.internal.reflect.DirectConstructorHandleAccessor.newInstance(DirectConstructorHandleAccessor.java:62)
at java.base/java.lang.reflect.Constructor.newInstanceWithCaller(Constructor.java:502)
at java.base/java.lang.reflect.Constructor.newInstance(Constructor.java:486)
at org.openqa.selenium.remote.ErrorCodec.decode(ErrorCodec.java:167)
at org.openqa.selenium.remote.codec.w3c.W3CHttpResponseCodec.decode(W3CHttpResponseCodec.java:138)
at org.openqa.selenium.remote.codec.w3c.W3CHttpResponseCodec.decode(W3CHttpResponseCodec.java:50)
at org.openqa.selenium.remote.HttpCommandExecutor.execute(HttpCommandExecutor.java:190)
at org.openqa.selenium.remote.service.DriverCommandExecutor.invokeExecute(DriverCommandExecutor.java:216)
at org.openqa.selenium.remote.service.DriverCommandExecutor.execute(DriverCommandExecutor.java:174)
at org.openqa.selenium.remote.RemoteWebDriver.execute(RemoteWebDriver.java:518)
at org.openqa.selenium.remote.RemoteWebElement.execute(RemoteWebElement.java:223)
at org.openqa.selenium.remote.RemoteWebElement.click(RemoteWebElement.java:76)
at dsalgoPOM.TreePage.TreeHomePage(TreePage.java:32)
at dsalgo_stepdefinition.DSTreeStepDefinition.the_user_is_on_the_tree_page(DSTreeStepDefinition.java:28)
at ✽.The user is on the Tree page(file:///C:/MyDSAlgoCode/DSAlgoProject/src/test/resources/Features/Tree.feature:13)
]]>
    </error>
  </testcase> <!-- runScenario -->
  <system-out/>
  <testcase classname="dsAlgoRunner.Runner_Test" name="runScenario" time="14.575">
    <error message="Element &lt;a class=&quot;align-self-end btn btn-lg btn-block btn-primary&quot; href=&quot;tree&quot;&gt; is not clickable at point (1148,682) because another element &lt;html&gt; obscures it
Build info: version: &#039;4.20.0&#039;, revision: &#039;866c76ca80&#039;
System info: os.name: &#039;Windows 11&#039;, os.arch: &#039;amd64&#039;, os.version: &#039;10.0&#039;, java.version: &#039;21.0.2&#039;
Driver info: org.openqa.selenium.firefox.FirefoxDriver
Command: [1519be8e-9a31-4983-ada2-e9e981d78e6f, clickElement {id=bf9a8570-feb4-4e3d-a9ec-6873c57e02c4}]
Capabilities {acceptInsecureCerts: true, browserName: firefox, browserVersion: 125.0.3, moz:accessibilityChecks: false, moz:buildID: 20240425211020, moz:debuggerAddress: 127.0.0.1:4762, moz:geckodriverVersion: 0.34.0, moz:headless: true, moz:platformVersion: 10.0, moz:processID: 21556, moz:profile: C:\Users\anjuk\AppData\Loca..., moz:shutdownTimeout: 60000, moz:webdriverClick: true, moz:windowless: false, pageLoadStrategy: normal, platformName: windows, proxy: Proxy(), se:cdp: ws://127.0.0.1:4762/devtool..., se:cdpVersion: 85.0, setWindowRect: true, strictFileInteractability: false, timeouts: {implicit: 0, pageLoad: 300000, script: 30000}, unhandledPromptBehavior: dismiss and notify, userAgent: Mozilla/5.0 (Windows NT 10....}
Element: [[FirefoxDriver: firefox on windows (1519be8e-9a31-4983-ada2-e9e981d78e6f)] -&gt; xpath: //a[@href=&#039;tree&#039;]]
Session ID: 1519be8e-9a31-4983-ada2-e9e981d78e6f" type="org.openqa.selenium.ElementClickInterceptedException">
      <![CDATA[org.openqa.selenium.ElementClickInterceptedException: Element <a class="align-self-end btn btn-lg btn-block btn-primary" href="tree"> is not clickable at point (1148,682) because another element <html> obscures it
Build info: version: '4.20.0', revision: '866c76ca80'
System info: os.name: 'Windows 11', os.arch: 'amd64', os.version: '10.0', java.version: '21.0.2'
Driver info: org.openqa.selenium.firefox.FirefoxDriver
Command: [1519be8e-9a31-4983-ada2-e9e981d78e6f, clickElement {id=bf9a8570-feb4-4e3d-a9ec-6873c57e02c4}]
Capabilities {acceptInsecureCerts: true, browserName: firefox, browserVersion: 125.0.3, moz:accessibilityChecks: false, moz:buildID: 20240425211020, moz:debuggerAddress: 127.0.0.1:4762, moz:geckodriverVersion: 0.34.0, moz:headless: true, moz:platformVersion: 10.0, moz:processID: 21556, moz:profile: C:\Users\anjuk\AppData\Loca..., moz:shutdownTimeout: 60000, moz:webdriverClick: true, moz:windowless: false, pageLoadStrategy: normal, platformName: windows, proxy: Proxy(), se:cdp: ws://127.0.0.1:4762/devtool..., se:cdpVersion: 85.0, setWindowRect: true, strictFileInteractability: false, timeouts: {implicit: 0, pageLoad: 300000, script: 30000}, unhandledPromptBehavior: dismiss and notify, userAgent: Mozilla/5.0 (Windows NT 10....}
Element: [[FirefoxDriver: firefox on windows (1519be8e-9a31-4983-ada2-e9e981d78e6f)] -> xpath: //a[@href='tree']]
Session ID: 1519be8e-9a31-4983-ada2-e9e981d78e6f
at java.base/jdk.internal.reflect.DirectConstructorHandleAccessor.newInstance(DirectConstructorHandleAccessor.java:62)
at java.base/java.lang.reflect.Constructor.newInstanceWithCaller(Constructor.java:502)
at java.base/java.lang.reflect.Constructor.newInstance(Constructor.java:486)
at org.openqa.selenium.remote.ErrorCodec.decode(ErrorCodec.java:167)
at org.openqa.selenium.remote.codec.w3c.W3CHttpResponseCodec.decode(W3CHttpResponseCodec.java:138)
at org.openqa.selenium.remote.codec.w3c.W3CHttpResponseCodec.decode(W3CHttpResponseCodec.java:50)
at org.openqa.selenium.remote.HttpCommandExecutor.execute(HttpCommandExecutor.java:190)
at org.openqa.selenium.remote.service.DriverCommandExecutor.invokeExecute(DriverCommandExecutor.java:216)
at org.openqa.selenium.remote.service.DriverCommandExecutor.execute(DriverCommandExecutor.java:174)
at org.openqa.selenium.remote.RemoteWebDriver.execute(RemoteWebDriver.java:518)
at org.openqa.selenium.remote.RemoteWebElement.execute(RemoteWebElement.java:223)
at org.openqa.selenium.remote.RemoteWebElement.click(RemoteWebElement.java:76)
at dsalgoPOM.TreePage.TreeHomePage(TreePage.java:32)
at dsalgo_stepdefinition.DSTreeStepDefinition.the_user_is_on_the_tree_page(DSTreeStepDefinition.java:28)
at ✽.The user is on the Tree page(file:///C:/MyDSAlgoCode/DSAlgoProject/src/test/resources/Features/Tree.feature:38)
]]>
    </error>
  </testcase> <!-- runScenario -->
  <system-out/>
  <testcase classname="dsAlgoRunner.Runner_Test" name="runScenario" time="29.762"/>
  <system-out/>
  <testcase classname="dsAlgoRunner.Runner_Test" name="runScenario" time="11.073"/>
  <system-out/>
  <testcase classname="dsAlgoRunner.Runner_Test" name="runScenario" time="28.379"/>
  <system-out/>
  <testcase classname="dsAlgoRunner.Runner_Test" name="runScenario" time="18.009">
    <error message="Element &lt;a class=&quot;align-self-end btn btn-lg btn-block btn-primary&quot; href=&quot;tree&quot;&gt; is not clickable at point (1148,682) because another element &lt;html&gt; obscures it
Build info: version: &#039;4.20.0&#039;, revision: &#039;866c76ca80&#039;
System info: os.name: &#039;Windows 11&#039;, os.arch: &#039;amd64&#039;, os.version: &#039;10.0&#039;, java.version: &#039;21.0.2&#039;
Driver info: org.openqa.selenium.firefox.FirefoxDriver
Command: [6187813f-2a50-4ea6-ba7b-451260a079b4, clickElement {id=279088ee-d65f-42a6-86e0-0125f1d1a80d}]
Capabilities {acceptInsecureCerts: true, browserName: firefox, browserVersion: 125.0.3, moz:accessibilityChecks: false, moz:buildID: 20240425211020, moz:debuggerAddress: 127.0.0.1:40466, moz:geckodriverVersion: 0.34.0, moz:headless: true, moz:platformVersion: 10.0, moz:processID: 17468, moz:profile: C:\Users\anjuk\AppData\Loca..., moz:shutdownTimeout: 60000, moz:webdriverClick: true, moz:windowless: false, pageLoadStrategy: normal, platformName: windows, proxy: Proxy(), se:cdp: ws://127.0.0.1:40466/devtoo..., se:cdpVersion: 85.0, setWindowRect: true, strictFileInteractability: false, timeouts: {implicit: 0, pageLoad: 300000, script: 30000}, unhandledPromptBehavior: dismiss and notify, userAgent: Mozilla/5.0 (Windows NT 10....}
Element: [[FirefoxDriver: firefox on windows (6187813f-2a50-4ea6-ba7b-451260a079b4)] -&gt; xpath: //a[@href=&#039;tree&#039;]]
Session ID: 6187813f-2a50-4ea6-ba7b-451260a079b4" type="org.openqa.selenium.ElementClickInterceptedException">
      <![CDATA[org.openqa.selenium.ElementClickInterceptedException: Element <a class="align-self-end btn btn-lg btn-block btn-primary" href="tree"> is not clickable at point (1148,682) because another element <html> obscures it
Build info: version: '4.20.0', revision: '866c76ca80'
System info: os.name: 'Windows 11', os.arch: 'amd64', os.version: '10.0', java.version: '21.0.2'
Driver info: org.openqa.selenium.firefox.FirefoxDriver
Command: [6187813f-2a50-4ea6-ba7b-451260a079b4, clickElement {id=279088ee-d65f-42a6-86e0-0125f1d1a80d}]
Capabilities {acceptInsecureCerts: true, browserName: firefox, browserVersion: 125.0.3, moz:accessibilityChecks: false, moz:buildID: 20240425211020, moz:debuggerAddress: 127.0.0.1:40466, moz:geckodriverVersion: 0.34.0, moz:headless: true, moz:platformVersion: 10.0, moz:processID: 17468, moz:profile: C:\Users\anjuk\AppData\Loca..., moz:shutdownTimeout: 60000, moz:webdriverClick: true, moz:windowless: false, pageLoadStrategy: normal, platformName: windows, proxy: Proxy(), se:cdp: ws://127.0.0.1:40466/devtoo..., se:cdpVersion: 85.0, setWindowRect: true, strictFileInteractability: false, timeouts: {implicit: 0, pageLoad: 300000, script: 30000}, unhandledPromptBehavior: dismiss and notify, userAgent: Mozilla/5.0 (Windows NT 10....}
Element: [[FirefoxDriver: firefox on windows (6187813f-2a50-4ea6-ba7b-451260a079b4)] -> xpath: //a[@href='tree']]
Session ID: 6187813f-2a50-4ea6-ba7b-451260a079b4
at java.base/jdk.internal.reflect.DirectConstructorHandleAccessor.newInstance(DirectConstructorHandleAccessor.java:62)
at java.base/java.lang.reflect.Constructor.newInstanceWithCaller(Constructor.java:502)
at java.base/java.lang.reflect.Constructor.newInstance(Constructor.java:486)
at org.openqa.selenium.remote.ErrorCodec.decode(ErrorCodec.java:167)
at org.openqa.selenium.remote.codec.w3c.W3CHttpResponseCodec.decode(W3CHttpResponseCodec.java:138)
at org.openqa.selenium.remote.codec.w3c.W3CHttpResponseCodec.decode(W3CHttpResponseCodec.java:50)
at org.openqa.selenium.remote.HttpCommandExecutor.execute(HttpCommandExecutor.java:190)
at org.openqa.selenium.remote.service.DriverCommandExecutor.invokeExecute(DriverCommandExecutor.java:216)
at org.openqa.selenium.remote.service.DriverCommandExecutor.execute(DriverCommandExecutor.java:174)
at org.openqa.selenium.remote.RemoteWebDriver.execute(RemoteWebDriver.java:518)
at org.openqa.selenium.remote.RemoteWebElement.execute(RemoteWebElement.java:223)
at org.openqa.selenium.remote.RemoteWebElement.click(RemoteWebElement.java:76)
at dsalgoPOM.TreePage.TreeHomePage(TreePage.java:32)
at dsalgo_stepdefinition.DSTreeStepDefinition.the_user_is_on_the_tree_page(DSTreeStepDefinition.java:28)
at ✽.The user is on the Tree page(file:///C:/MyDSAlgoCode/DSAlgoProject/src/test/resources/Features/Tree.feature:13)
]]>
    </error>
  </testcase> <!-- runScenario -->
  <system-out/>
  <testcase classname="dsAlgoRunner.Runner_Test" name="runScenario" time="11.931"/>
  <system-out/>
  <testcase classname="dsAlgoRunner.Runner_Test" name="runScenario" time="6.830"/>
  <system-out/>
  <testcase classname="dsAlgoRunner.Runner_Test" name="runScenario" time="6.566"/>
  <system-out/>
  <testcase classname="dsAlgoRunner.Runner_Test" name="runScenario" time="7.900"/>
  <system-out/>
  <testcase classname="dsAlgoRunner.Runner_Test" name="runScenario" time="11.199"/>
  <system-out/>
  <testcase classname="dsAlgoRunner.Runner_Test" name="runScenario" time="7.522"/>
  <system-out/>
  <testcase classname="dsAlgoRunner.Runner_Test" name="runScenario" time="15.994">
    <error message="Element &lt;a class=&quot;align-self-end btn btn-lg btn-block btn-primary&quot; href=&quot;tree&quot;&gt; is not clickable at point (1148,682) because another element &lt;html&gt; obscures it
Build info: version: &#039;4.20.0&#039;, revision: &#039;866c76ca80&#039;
System info: os.name: &#039;Windows 11&#039;, os.arch: &#039;amd64&#039;, os.version: &#039;10.0&#039;, java.version: &#039;21.0.2&#039;
Driver info: org.openqa.selenium.firefox.FirefoxDriver
Command: [20223d61-bd3b-4b4c-9f2d-f6b233d06e11, clickElement {id=31344f12-ae61-4f62-a599-e5cf0d7ebcab}]
Capabilities {acceptInsecureCerts: true, browserName: firefox, browserVersion: 125.0.3, moz:accessibilityChecks: false, moz:buildID: 20240425211020, moz:debuggerAddress: 127.0.0.1:34013, moz:geckodriverVersion: 0.34.0, moz:headless: true, moz:platformVersion: 10.0, moz:processID: 20856, moz:profile: C:\Users\anjuk\AppData\Loca..., moz:shutdownTimeout: 60000, moz:webdriverClick: true, moz:windowless: false, pageLoadStrategy: normal, platformName: windows, proxy: Proxy(), se:cdp: ws://127.0.0.1:34013/devtoo..., se:cdpVersion: 85.0, setWindowRect: true, strictFileInteractability: false, timeouts: {implicit: 0, pageLoad: 300000, script: 30000}, unhandledPromptBehavior: dismiss and notify, userAgent: Mozilla/5.0 (Windows NT 10....}
Element: [[FirefoxDriver: firefox on windows (20223d61-bd3b-4b4c-9f2d-f6b233d06e11)] -&gt; xpath: //a[@href=&#039;tree&#039;]]
Session ID: 20223d61-bd3b-4b4c-9f2d-f6b233d06e11" type="org.openqa.selenium.ElementClickInterceptedException">
      <![CDATA[org.openqa.selenium.ElementClickInterceptedException: Element <a class="align-self-end btn btn-lg btn-block btn-primary" href="tree"> is not clickable at point (1148,682) because another element <html> obscures it
Build info: version: '4.20.0', revision: '866c76ca80'
System info: os.name: 'Windows 11', os.arch: 'amd64', os.version: '10.0', java.version: '21.0.2'
Driver info: org.openqa.selenium.firefox.FirefoxDriver
Command: [20223d61-bd3b-4b4c-9f2d-f6b233d06e11, clickElement {id=31344f12-ae61-4f62-a599-e5cf0d7ebcab}]
Capabilities {acceptInsecureCerts: true, browserName: firefox, browserVersion: 125.0.3, moz:accessibilityChecks: false, moz:buildID: 20240425211020, moz:debuggerAddress: 127.0.0.1:34013, moz:geckodriverVersion: 0.34.0, moz:headless: true, moz:platformVersion: 10.0, moz:processID: 20856, moz:profile: C:\Users\anjuk\AppData\Loca..., moz:shutdownTimeout: 60000, moz:webdriverClick: true, moz:windowless: false, pageLoadStrategy: normal, platformName: windows, proxy: Proxy(), se:cdp: ws://127.0.0.1:34013/devtoo..., se:cdpVersion: 85.0, setWindowRect: true, strictFileInteractability: false, timeouts: {implicit: 0, pageLoad: 300000, script: 30000}, unhandledPromptBehavior: dismiss and notify, userAgent: Mozilla/5.0 (Windows NT 10....}
Element: [[FirefoxDriver: firefox on windows (20223d61-bd3b-4b4c-9f2d-f6b233d06e11)] -> xpath: //a[@href='tree']]
Session ID: 20223d61-bd3b-4b4c-9f2d-f6b233d06e11
at java.base/jdk.internal.reflect.DirectConstructorHandleAccessor.newInstance(DirectConstructorHandleAccessor.java:62)
at java.base/java.lang.reflect.Constructor.newInstanceWithCaller(Constructor.java:502)
at java.base/java.lang.reflect.Constructor.newInstance(Constructor.java:486)
at org.openqa.selenium.remote.ErrorCodec.decode(ErrorCodec.java:167)
at org.openqa.selenium.remote.codec.w3c.W3CHttpResponseCodec.decode(W3CHttpResponseCodec.java:138)
at org.openqa.selenium.remote.codec.w3c.W3CHttpResponseCodec.decode(W3CHttpResponseCodec.java:50)
at org.openqa.selenium.remote.HttpCommandExecutor.execute(HttpCommandExecutor.java:190)
at org.openqa.selenium.remote.service.DriverCommandExecutor.invokeExecute(DriverCommandExecutor.java:216)
at org.openqa.selenium.remote.service.DriverCommandExecutor.execute(DriverCommandExecutor.java:174)
at org.openqa.selenium.remote.RemoteWebDriver.execute(RemoteWebDriver.java:518)
at org.openqa.selenium.remote.RemoteWebElement.execute(RemoteWebElement.java:223)
at org.openqa.selenium.remote.RemoteWebElement.click(RemoteWebElement.java:76)
at dsalgoPOM.TreePage.TreeHomePage(TreePage.java:32)
at dsalgo_stepdefinition.DSTreeStepDefinition.the_user_is_on_the_tree_page(DSTreeStepDefinition.java:28)
at ✽.The user is on the Tree page(file:///C:/MyDSAlgoCode/DSAlgoProject/src/test/resources/Features/Tree.feature:13)
]]>
    </error>
  </testcase> <!-- runScenario -->
  <system-out/>
  <testcase classname="dsAlgoRunner.Runner_Test" name="runScenario" time="25.775"/>
  <system-out/>
  <testcase classname="dsAlgoRunner.Runner_Test" name="runScenario" time="7.861"/>
  <system-out/>
  <testcase classname="dsAlgoRunner.Runner_Test" name="runScenario" time="6.878"/>
  <system-out/>
  <testcase classname="dsAlgoRunner.Runner_Test" name="runScenario" time="28.537"/>
  <system-out/>
  <testcase classname="dsAlgoRunner.Runner_Test" name="runScenario" time="14.650"/>
  <system-out/>
  <testcase classname="dsAlgoRunner.Runner_Test" name="runScenario" time="22.286">
    <error message="Element &lt;a class=&quot;align-self-end btn btn-lg btn-block btn-primary&quot; href=&quot;stack&quot;&gt; is not clickable at point (217,682) because another element &lt;html&gt; obscures it
Build info: version: &#039;4.20.0&#039;, revision: &#039;866c76ca80&#039;
System info: os.name: &#039;Windows 11&#039;, os.arch: &#039;amd64&#039;, os.version: &#039;10.0&#039;, java.version: &#039;21.0.2&#039;
Driver info: org.openqa.selenium.firefox.FirefoxDriver
Command: [00234fb2-9774-42e3-af70-ed2c05f721f5, clickElement {id=229fb9ca-da73-40be-875b-a087dfa643a6}]
Capabilities {acceptInsecureCerts: true, browserName: firefox, browserVersion: 125.0.3, moz:accessibilityChecks: false, moz:buildID: 20240425211020, moz:debuggerAddress: 127.0.0.1:40563, moz:geckodriverVersion: 0.34.0, moz:headless: true, moz:platformVersion: 10.0, moz:processID: 39952, moz:profile: C:\Users\anjuk\AppData\Loca..., moz:shutdownTimeout: 60000, moz:webdriverClick: true, moz:windowless: false, pageLoadStrategy: normal, platformName: windows, proxy: Proxy(), se:cdp: ws://127.0.0.1:40563/devtoo..., se:cdpVersion: 85.0, setWindowRect: true, strictFileInteractability: false, timeouts: {implicit: 0, pageLoad: 300000, script: 30000}, unhandledPromptBehavior: dismiss and notify, userAgent: Mozilla/5.0 (Windows NT 10....}
Element: [[FirefoxDriver: firefox on windows (00234fb2-9774-42e3-af70-ed2c05f721f5)] -&gt; xpath: //a[@href=&#039;stack&#039;]]
Session ID: 00234fb2-9774-42e3-af70-ed2c05f721f5" type="org.openqa.selenium.ElementClickInterceptedException">
      <![CDATA[org.openqa.selenium.ElementClickInterceptedException: Element <a class="align-self-end btn btn-lg btn-block btn-primary" href="stack"> is not clickable at point (217,682) because another element <html> obscures it
Build info: version: '4.20.0', revision: '866c76ca80'
System info: os.name: 'Windows 11', os.arch: 'amd64', os.version: '10.0', java.version: '21.0.2'
Driver info: org.openqa.selenium.firefox.FirefoxDriver
Command: [00234fb2-9774-42e3-af70-ed2c05f721f5, clickElement {id=229fb9ca-da73-40be-875b-a087dfa643a6}]
Capabilities {acceptInsecureCerts: true, browserName: firefox, browserVersion: 125.0.3, moz:accessibilityChecks: false, moz:buildID: 20240425211020, moz:debuggerAddress: 127.0.0.1:40563, moz:geckodriverVersion: 0.34.0, moz:headless: true, moz:platformVersion: 10.0, moz:processID: 39952, moz:profile: C:\Users\anjuk\AppData\Loca..., moz:shutdownTimeout: 60000, moz:webdriverClick: true, moz:windowless: false, pageLoadStrategy: normal, platformName: windows, proxy: Proxy(), se:cdp: ws://127.0.0.1:40563/devtoo..., se:cdpVersion: 85.0, setWindowRect: true, strictFileInteractability: false, timeouts: {implicit: 0, pageLoad: 300000, script: 30000}, unhandledPromptBehavior: dismiss and notify, userAgent: Mozilla/5.0 (Windows NT 10....}
Element: [[FirefoxDriver: firefox on windows (00234fb2-9774-42e3-af70-ed2c05f721f5)] -> xpath: //a[@href='stack']]
Session ID: 00234fb2-9774-42e3-af70-ed2c05f721f5
at java.base/jdk.internal.reflect.DirectConstructorHandleAccessor.newInstance(DirectConstructorHandleAccessor.java:62)
at java.base/java.lang.reflect.Constructor.newInstanceWithCaller(Constructor.java:502)
at java.base/java.lang.reflect.Constructor.newInstance(Constructor.java:486)
at org.openqa.selenium.remote.ErrorCodec.decode(ErrorCodec.java:167)
at org.openqa.selenium.remote.codec.w3c.W3CHttpResponseCodec.decode(W3CHttpResponseCodec.java:138)
at org.openqa.selenium.remote.codec.w3c.W3CHttpResponseCodec.decode(W3CHttpResponseCodec.java:50)
at org.openqa.selenium.remote.HttpCommandExecutor.execute(HttpCommandExecutor.java:190)
at org.openqa.selenium.remote.service.DriverCommandExecutor.invokeExecute(DriverCommandExecutor.java:216)
at org.openqa.selenium.remote.service.DriverCommandExecutor.execute(DriverCommandExecutor.java:174)
at org.openqa.selenium.remote.RemoteWebDriver.execute(RemoteWebDriver.java:518)
at org.openqa.selenium.remote.RemoteWebElement.execute(RemoteWebElement.java:223)
at org.openqa.selenium.remote.RemoteWebElement.click(RemoteWebElement.java:76)
at java.base/jdk.internal.reflect.DirectMethodHandleAccessor.invoke(DirectMethodHandleAccessor.java:103)
at java.base/java.lang.reflect.Method.invoke(Method.java:580)
at org.openqa.selenium.support.pagefactory.internal.LocatingElementHandler.invoke(LocatingElementHandler.java:51)
at jdk.proxy2/jdk.proxy2.$Proxy28.click(Unknown Source)
at dsalgoPOM.DSStack_Page.StackHomePage(DSStack_Page.java:45)
at dsalgo_stepdefinition.DSStack_StepDefinition.the_user_is_on_the_stack_page(DSStack_StepDefinition.java:29)
at ✽.The user is on the stack page(file:///C:/MyDSAlgoCode/DSAlgoProject/src/test/resources/Features/DSStack.feature:13)
]]>
    </error>
  </testcase> <!-- runScenario -->
  <system-out/>
  <testcase classname="dsAlgoRunner.Runner_Test" name="runScenario" time="11.148"/>
  <system-out/>
  <testcase classname="dsAlgoRunner.Runner_Test" name="runScenario" time="17.238">
    <error message="Element &lt;a class=&quot;align-self-end btn btn-lg btn-block btn-primary&quot; href=&quot;tree&quot;&gt; is not clickable at point (1148,682) because another element &lt;html&gt; obscures it
Build info: version: &#039;4.20.0&#039;, revision: &#039;866c76ca80&#039;
System info: os.name: &#039;Windows 11&#039;, os.arch: &#039;amd64&#039;, os.version: &#039;10.0&#039;, java.version: &#039;21.0.2&#039;
Driver info: org.openqa.selenium.firefox.FirefoxDriver
Command: [8ad85d58-73de-4854-8d88-fe4fa1ee86ad, clickElement {id=d96b72dd-bb8a-4a5d-9701-f7b7a922eb6e}]
Capabilities {acceptInsecureCerts: true, browserName: firefox, browserVersion: 125.0.3, moz:accessibilityChecks: false, moz:buildID: 20240425211020, moz:debuggerAddress: 127.0.0.1:6611, moz:geckodriverVersion: 0.34.0, moz:headless: true, moz:platformVersion: 10.0, moz:processID: 46704, moz:profile: C:\Users\anjuk\AppData\Loca..., moz:shutdownTimeout: 60000, moz:webdriverClick: true, moz:windowless: false, pageLoadStrategy: normal, platformName: windows, proxy: Proxy(), se:cdp: ws://127.0.0.1:6611/devtool..., se:cdpVersion: 85.0, setWindowRect: true, strictFileInteractability: false, timeouts: {implicit: 0, pageLoad: 300000, script: 30000}, unhandledPromptBehavior: dismiss and notify, userAgent: Mozilla/5.0 (Windows NT 10....}
Element: [[FirefoxDriver: firefox on windows (8ad85d58-73de-4854-8d88-fe4fa1ee86ad)] -&gt; xpath: //a[@href=&#039;tree&#039;]]
Session ID: 8ad85d58-73de-4854-8d88-fe4fa1ee86ad" type="org.openqa.selenium.ElementClickInterceptedException">
      <![CDATA[org.openqa.selenium.ElementClickInterceptedException: Element <a class="align-self-end btn btn-lg btn-block btn-primary" href="tree"> is not clickable at point (1148,682) because another element <html> obscures it
Build info: version: '4.20.0', revision: '866c76ca80'
System info: os.name: 'Windows 11', os.arch: 'amd64', os.version: '10.0', java.version: '21.0.2'
Driver info: org.openqa.selenium.firefox.FirefoxDriver
Command: [8ad85d58-73de-4854-8d88-fe4fa1ee86ad, clickElement {id=d96b72dd-bb8a-4a5d-9701-f7b7a922eb6e}]
Capabilities {acceptInsecureCerts: true, browserName: firefox, browserVersion: 125.0.3, moz:accessibilityChecks: false, moz:buildID: 20240425211020, moz:debuggerAddress: 127.0.0.1:6611, moz:geckodriverVersion: 0.34.0, moz:headless: true, moz:platformVersion: 10.0, moz:processID: 46704, moz:profile: C:\Users\anjuk\AppData\Loca..., moz:shutdownTimeout: 60000, moz:webdriverClick: true, moz:windowless: false, pageLoadStrategy: normal, platformName: windows, proxy: Proxy(), se:cdp: ws://127.0.0.1:6611/devtool..., se:cdpVersion: 85.0, setWindowRect: true, strictFileInteractability: false, timeouts: {implicit: 0, pageLoad: 300000, script: 30000}, unhandledPromptBehavior: dismiss and notify, userAgent: Mozilla/5.0 (Windows NT 10....}
Element: [[FirefoxDriver: firefox on windows (8ad85d58-73de-4854-8d88-fe4fa1ee86ad)] -> xpath: //a[@href='tree']]
Session ID: 8ad85d58-73de-4854-8d88-fe4fa1ee86ad
at java.base/jdk.internal.reflect.DirectConstructorHandleAccessor.newInstance(DirectConstructorHandleAccessor.java:62)
at java.base/java.lang.reflect.Constructor.newInstanceWithCaller(Constructor.java:502)
at java.base/java.lang.reflect.Constructor.newInstance(Constructor.java:486)
at org.openqa.selenium.remote.ErrorCodec.decode(ErrorCodec.java:167)
at org.openqa.selenium.remote.codec.w3c.W3CHttpResponseCodec.decode(W3CHttpResponseCodec.java:138)
at org.openqa.selenium.remote.codec.w3c.W3CHttpResponseCodec.decode(W3CHttpResponseCodec.java:50)
at org.openqa.selenium.remote.HttpCommandExecutor.execute(HttpCommandExecutor.java:190)
at org.openqa.selenium.remote.service.DriverCommandExecutor.invokeExecute(DriverCommandExecutor.java:216)
at org.openqa.selenium.remote.service.DriverCommandExecutor.execute(DriverCommandExecutor.java:174)
at org.openqa.selenium.remote.RemoteWebDriver.execute(RemoteWebDriver.java:518)
at org.openqa.selenium.remote.RemoteWebElement.execute(RemoteWebElement.java:223)
at org.openqa.selenium.remote.RemoteWebElement.click(RemoteWebElement.java:76)
at dsalgoPOM.TreePage.TreeHomePage(TreePage.java:32)
at dsalgo_stepdefinition.DSTreeStepDefinition.the_user_is_on_the_tree_page(DSTreeStepDefinition.java:28)
at ✽.The user is on the Tree page(file:///C:/MyDSAlgoCode/DSAlgoProject/src/test/resources/Features/Tree.feature:38)
]]>
    </error>
  </testcase> <!-- runScenario -->
  <system-out/>
  <testcase classname="dsAlgoRunner.Runner_Test" name="runScenario" time="5.943"/>
  <system-out/>
  <testcase classname="dsAlgoRunner.Runner_Test" name="runScenario" time="26.050"/>
  <system-out/>
  <testcase classname="dsAlgoRunner.Runner_Test" name="runScenario" time="28.780"/>
  <system-out/>
  <testcase classname="dsAlgoRunner.Runner_Test" name="runScenario" time="26.010"/>
  <system-out/>
  <testcase classname="dsAlgoRunner.Runner_Test" name="runScenario" time="16.904">
    <error message="Element &lt;a class=&quot;align-self-end btn btn-lg btn-block btn-primary&quot; href=&quot;stack&quot;&gt; is not clickable at point (217,682) because another element &lt;html&gt; obscures it
Build info: version: &#039;4.20.0&#039;, revision: &#039;866c76ca80&#039;
System info: os.name: &#039;Windows 11&#039;, os.arch: &#039;amd64&#039;, os.version: &#039;10.0&#039;, java.version: &#039;21.0.2&#039;
Driver info: org.openqa.selenium.firefox.FirefoxDriver
Command: [b39334f4-4fe6-4927-b856-52097434ce8c, clickElement {id=58c9da07-ff34-4de7-a5a5-cc2b387a15eb}]
Capabilities {acceptInsecureCerts: true, browserName: firefox, browserVersion: 125.0.3, moz:accessibilityChecks: false, moz:buildID: 20240425211020, moz:debuggerAddress: 127.0.0.1:35937, moz:geckodriverVersion: 0.34.0, moz:headless: true, moz:platformVersion: 10.0, moz:processID: 5716, moz:profile: C:\Users\anjuk\AppData\Loca..., moz:shutdownTimeout: 60000, moz:webdriverClick: true, moz:windowless: false, pageLoadStrategy: normal, platformName: windows, proxy: Proxy(), se:cdp: ws://127.0.0.1:35937/devtoo..., se:cdpVersion: 85.0, setWindowRect: true, strictFileInteractability: false, timeouts: {implicit: 0, pageLoad: 300000, script: 30000}, unhandledPromptBehavior: dismiss and notify, userAgent: Mozilla/5.0 (Windows NT 10....}
Element: [[FirefoxDriver: firefox on windows (b39334f4-4fe6-4927-b856-52097434ce8c)] -&gt; xpath: //a[@href=&#039;stack&#039;]]
Session ID: b39334f4-4fe6-4927-b856-52097434ce8c" type="org.openqa.selenium.ElementClickInterceptedException">
      <![CDATA[org.openqa.selenium.ElementClickInterceptedException: Element <a class="align-self-end btn btn-lg btn-block btn-primary" href="stack"> is not clickable at point (217,682) because another element <html> obscures it
Build info: version: '4.20.0', revision: '866c76ca80'
System info: os.name: 'Windows 11', os.arch: 'amd64', os.version: '10.0', java.version: '21.0.2'
Driver info: org.openqa.selenium.firefox.FirefoxDriver
Command: [b39334f4-4fe6-4927-b856-52097434ce8c, clickElement {id=58c9da07-ff34-4de7-a5a5-cc2b387a15eb}]
Capabilities {acceptInsecureCerts: true, browserName: firefox, browserVersion: 125.0.3, moz:accessibilityChecks: false, moz:buildID: 20240425211020, moz:debuggerAddress: 127.0.0.1:35937, moz:geckodriverVersion: 0.34.0, moz:headless: true, moz:platformVersion: 10.0, moz:processID: 5716, moz:profile: C:\Users\anjuk\AppData\Loca..., moz:shutdownTimeout: 60000, moz:webdriverClick: true, moz:windowless: false, pageLoadStrategy: normal, platformName: windows, proxy: Proxy(), se:cdp: ws://127.0.0.1:35937/devtoo..., se:cdpVersion: 85.0, setWindowRect: true, strictFileInteractability: false, timeouts: {implicit: 0, pageLoad: 300000, script: 30000}, unhandledPromptBehavior: dismiss and notify, userAgent: Mozilla/5.0 (Windows NT 10....}
Element: [[FirefoxDriver: firefox on windows (b39334f4-4fe6-4927-b856-52097434ce8c)] -> xpath: //a[@href='stack']]
Session ID: b39334f4-4fe6-4927-b856-52097434ce8c
at java.base/jdk.internal.reflect.DirectConstructorHandleAccessor.newInstance(DirectConstructorHandleAccessor.java:62)
at java.base/java.lang.reflect.Constructor.newInstanceWithCaller(Constructor.java:502)
at java.base/java.lang.reflect.Constructor.newInstance(Constructor.java:486)
at org.openqa.selenium.remote.ErrorCodec.decode(ErrorCodec.java:167)
at org.openqa.selenium.remote.codec.w3c.W3CHttpResponseCodec.decode(W3CHttpResponseCodec.java:138)
at org.openqa.selenium.remote.codec.w3c.W3CHttpResponseCodec.decode(W3CHttpResponseCodec.java:50)
at org.openqa.selenium.remote.HttpCommandExecutor.execute(HttpCommandExecutor.java:190)
at org.openqa.selenium.remote.service.DriverCommandExecutor.invokeExecute(DriverCommandExecutor.java:216)
at org.openqa.selenium.remote.service.DriverCommandExecutor.execute(DriverCommandExecutor.java:174)
at org.openqa.selenium.remote.RemoteWebDriver.execute(RemoteWebDriver.java:518)
at org.openqa.selenium.remote.RemoteWebElement.execute(RemoteWebElement.java:223)
at org.openqa.selenium.remote.RemoteWebElement.click(RemoteWebElement.java:76)
at java.base/jdk.internal.reflect.DirectMethodHandleAccessor.invoke(DirectMethodHandleAccessor.java:103)
at java.base/java.lang.reflect.Method.invoke(Method.java:580)
at org.openqa.selenium.support.pagefactory.internal.LocatingElementHandler.invoke(LocatingElementHandler.java:51)
at jdk.proxy2/jdk.proxy2.$Proxy28.click(Unknown Source)
at dsalgoPOM.DSStack_Page.StackHomePage(DSStack_Page.java:45)
at dsalgo_stepdefinition.DSStack_StepDefinition.the_user_is_on_the_stack_page(DSStack_StepDefinition.java:29)
at ✽.The user is on the stack page(file:///C:/MyDSAlgoCode/DSAlgoProject/src/test/resources/Features/DSStack.feature:30)
]]>
    </error>
  </testcase> <!-- runScenario -->
  <system-out/>
  <testcase classname="dsAlgoRunner.Runner_Test" name="runScenario" time="15.232"/>
  <system-out/>
  <testcase classname="dsAlgoRunner.Runner_Test" name="runScenario" time="26.423"/>
  <system-out/>
  <testcase classname="dsAlgoRunner.Runner_Test" name="runScenario" time="30.493"/>
  <system-out/>
  <testcase classname="dsAlgoRunner.Runner_Test" name="runScenario" time="20.012">
    <error message="Element &lt;a class=&quot;align-self-end btn btn-lg btn-block btn-primary&quot; href=&quot;queue&quot;&gt; is not clickable at point (682,682) because another element &lt;html&gt; obscures it
Build info: version: &#039;4.20.0&#039;, revision: &#039;866c76ca80&#039;
System info: os.name: &#039;Windows 11&#039;, os.arch: &#039;amd64&#039;, os.version: &#039;10.0&#039;, java.version: &#039;21.0.2&#039;
Driver info: org.openqa.selenium.firefox.FirefoxDriver
Command: [a5cfc7a4-98ed-496d-91ec-0f4302697cfd, clickElement {id=1ec6f838-5df5-43d2-b15f-3d249277dfe8}]
Capabilities {acceptInsecureCerts: true, browserName: firefox, browserVersion: 125.0.3, moz:accessibilityChecks: false, moz:buildID: 20240425211020, moz:debuggerAddress: 127.0.0.1:41608, moz:geckodriverVersion: 0.34.0, moz:headless: true, moz:platformVersion: 10.0, moz:processID: 45400, moz:profile: C:\Users\anjuk\AppData\Loca..., moz:shutdownTimeout: 60000, moz:webdriverClick: true, moz:windowless: false, pageLoadStrategy: normal, platformName: windows, proxy: Proxy(), se:cdp: ws://127.0.0.1:41608/devtoo..., se:cdpVersion: 85.0, setWindowRect: true, strictFileInteractability: false, timeouts: {implicit: 0, pageLoad: 300000, script: 30000}, unhandledPromptBehavior: dismiss and notify, userAgent: Mozilla/5.0 (Windows NT 10....}
Element: [[FirefoxDriver: firefox on windows (a5cfc7a4-98ed-496d-91ec-0f4302697cfd)] -&gt; xpath: //a[@href=&#039;queue&#039;]]
Session ID: a5cfc7a4-98ed-496d-91ec-0f4302697cfd" type="org.openqa.selenium.ElementClickInterceptedException">
      <![CDATA[org.openqa.selenium.ElementClickInterceptedException: Element <a class="align-self-end btn btn-lg btn-block btn-primary" href="queue"> is not clickable at point (682,682) because another element <html> obscures it
Build info: version: '4.20.0', revision: '866c76ca80'
System info: os.name: 'Windows 11', os.arch: 'amd64', os.version: '10.0', java.version: '21.0.2'
Driver info: org.openqa.selenium.firefox.FirefoxDriver
Command: [a5cfc7a4-98ed-496d-91ec-0f4302697cfd, clickElement {id=1ec6f838-5df5-43d2-b15f-3d249277dfe8}]
Capabilities {acceptInsecureCerts: true, browserName: firefox, browserVersion: 125.0.3, moz:accessibilityChecks: false, moz:buildID: 20240425211020, moz:debuggerAddress: 127.0.0.1:41608, moz:geckodriverVersion: 0.34.0, moz:headless: true, moz:platformVersion: 10.0, moz:processID: 45400, moz:profile: C:\Users\anjuk\AppData\Loca..., moz:shutdownTimeout: 60000, moz:webdriverClick: true, moz:windowless: false, pageLoadStrategy: normal, platformName: windows, proxy: Proxy(), se:cdp: ws://127.0.0.1:41608/devtoo..., se:cdpVersion: 85.0, setWindowRect: true, strictFileInteractability: false, timeouts: {implicit: 0, pageLoad: 300000, script: 30000}, unhandledPromptBehavior: dismiss and notify, userAgent: Mozilla/5.0 (Windows NT 10....}
Element: [[FirefoxDriver: firefox on windows (a5cfc7a4-98ed-496d-91ec-0f4302697cfd)] -> xpath: //a[@href='queue']]
Session ID: a5cfc7a4-98ed-496d-91ec-0f4302697cfd
at java.base/jdk.internal.reflect.DirectConstructorHandleAccessor.newInstance(DirectConstructorHandleAccessor.java:62)
at java.base/java.lang.reflect.Constructor.newInstanceWithCaller(Constructor.java:502)
at java.base/java.lang.reflect.Constructor.newInstance(Constructor.java:486)
at org.openqa.selenium.remote.ErrorCodec.decode(ErrorCodec.java:167)
at org.openqa.selenium.remote.codec.w3c.W3CHttpResponseCodec.decode(W3CHttpResponseCodec.java:138)
at org.openqa.selenium.remote.codec.w3c.W3CHttpResponseCodec.decode(W3CHttpResponseCodec.java:50)
at org.openqa.selenium.remote.HttpCommandExecutor.execute(HttpCommandExecutor.java:190)
at org.openqa.selenium.remote.service.DriverCommandExecutor.invokeExecute(DriverCommandExecutor.java:216)
at org.openqa.selenium.remote.service.DriverCommandExecutor.execute(DriverCommandExecutor.java:174)
at org.openqa.selenium.remote.RemoteWebDriver.execute(RemoteWebDriver.java:518)
at org.openqa.selenium.remote.RemoteWebElement.execute(RemoteWebElement.java:223)
at org.openqa.selenium.remote.RemoteWebElement.click(RemoteWebElement.java:76)
at dsalgoPOM.QueuePage.QueuehomePage(QueuePage.java:35)
at dsalgo_stepdefinition.QueuePage_stepdefination.the_user_is_on_the_queue_page(QueuePage_stepdefination.java:28)
at ✽.The user is on the queue page(file:///C:/MyDSAlgoCode/DSAlgoProject/src/test/resources/Features/Queue.feature:33)
]]>
    </error>
  </testcase> <!-- runScenario -->
  <system-out/>
  <testcase classname="dsAlgoRunner.Runner_Test" name="runScenario" time="7.791"/>
  <system-out/>
  <testcase classname="dsAlgoRunner.Runner_Test" name="runScenario" time="10.272"/>
  <system-out/>
  <testcase classname="dsAlgoRunner.Runner_Test" name="runScenario" time="27.018"/>
  <system-out/>
  <testcase classname="dsAlgoRunner.Runner_Test" name="runScenario" time="17.217">
    <error message="Element &lt;a class=&quot;align-self-end btn btn-lg btn-block btn-primary&quot; href=&quot;tree&quot;&gt; is not clickable at point (1148,682) because another element &lt;html&gt; obscures it
Build info: version: &#039;4.20.0&#039;, revision: &#039;866c76ca80&#039;
System info: os.name: &#039;Windows 11&#039;, os.arch: &#039;amd64&#039;, os.version: &#039;10.0&#039;, java.version: &#039;21.0.2&#039;
Driver info: org.openqa.selenium.firefox.FirefoxDriver
Command: [e88ac884-60be-40de-bce7-6c4cdf116870, clickElement {id=5175c77b-f2c2-4fc9-9919-5ef701101f7e}]
Capabilities {acceptInsecureCerts: true, browserName: firefox, browserVersion: 125.0.3, moz:accessibilityChecks: false, moz:buildID: 20240425211020, moz:debuggerAddress: 127.0.0.1:8413, moz:geckodriverVersion: 0.34.0, moz:headless: true, moz:platformVersion: 10.0, moz:processID: 44148, moz:profile: C:\Users\anjuk\AppData\Loca..., moz:shutdownTimeout: 60000, moz:webdriverClick: true, moz:windowless: false, pageLoadStrategy: normal, platformName: windows, proxy: Proxy(), se:cdp: ws://127.0.0.1:8413/devtool..., se:cdpVersion: 85.0, setWindowRect: true, strictFileInteractability: false, timeouts: {implicit: 0, pageLoad: 300000, script: 30000}, unhandledPromptBehavior: dismiss and notify, userAgent: Mozilla/5.0 (Windows NT 10....}
Element: [[FirefoxDriver: firefox on windows (e88ac884-60be-40de-bce7-6c4cdf116870)] -&gt; xpath: //a[@href=&#039;tree&#039;]]
Session ID: e88ac884-60be-40de-bce7-6c4cdf116870" type="org.openqa.selenium.ElementClickInterceptedException">
      <![CDATA[org.openqa.selenium.ElementClickInterceptedException: Element <a class="align-self-end btn btn-lg btn-block btn-primary" href="tree"> is not clickable at point (1148,682) because another element <html> obscures it
Build info: version: '4.20.0', revision: '866c76ca80'
System info: os.name: 'Windows 11', os.arch: 'amd64', os.version: '10.0', java.version: '21.0.2'
Driver info: org.openqa.selenium.firefox.FirefoxDriver
Command: [e88ac884-60be-40de-bce7-6c4cdf116870, clickElement {id=5175c77b-f2c2-4fc9-9919-5ef701101f7e}]
Capabilities {acceptInsecureCerts: true, browserName: firefox, browserVersion: 125.0.3, moz:accessibilityChecks: false, moz:buildID: 20240425211020, moz:debuggerAddress: 127.0.0.1:8413, moz:geckodriverVersion: 0.34.0, moz:headless: true, moz:platformVersion: 10.0, moz:processID: 44148, moz:profile: C:\Users\anjuk\AppData\Loca..., moz:shutdownTimeout: 60000, moz:webdriverClick: true, moz:windowless: false, pageLoadStrategy: normal, platformName: windows, proxy: Proxy(), se:cdp: ws://127.0.0.1:8413/devtool..., se:cdpVersion: 85.0, setWindowRect: true, strictFileInteractability: false, timeouts: {implicit: 0, pageLoad: 300000, script: 30000}, unhandledPromptBehavior: dismiss and notify, userAgent: Mozilla/5.0 (Windows NT 10....}
Element: [[FirefoxDriver: firefox on windows (e88ac884-60be-40de-bce7-6c4cdf116870)] -> xpath: //a[@href='tree']]
Session ID: e88ac884-60be-40de-bce7-6c4cdf116870
at java.base/jdk.internal.reflect.DirectConstructorHandleAccessor.newInstance(DirectConstructorHandleAccessor.java:62)
at java.base/java.lang.reflect.Constructor.newInstanceWithCaller(Constructor.java:502)
at java.base/java.lang.reflect.Constructor.newInstance(Constructor.java:486)
at org.openqa.selenium.remote.ErrorCodec.decode(ErrorCodec.java:167)
at org.openqa.selenium.remote.codec.w3c.W3CHttpResponseCodec.decode(W3CHttpResponseCodec.java:138)
at org.openqa.selenium.remote.codec.w3c.W3CHttpResponseCodec.decode(W3CHttpResponseCodec.java:50)
at org.openqa.selenium.remote.HttpCommandExecutor.execute(HttpCommandExecutor.java:190)
at org.openqa.selenium.remote.service.DriverCommandExecutor.invokeExecute(DriverCommandExecutor.java:216)
at org.openqa.selenium.remote.service.DriverCommandExecutor.execute(DriverCommandExecutor.java:174)
at org.openqa.selenium.remote.RemoteWebDriver.execute(RemoteWebDriver.java:518)
at org.openqa.selenium.remote.RemoteWebElement.execute(RemoteWebElement.java:223)
at org.openqa.selenium.remote.RemoteWebElement.click(RemoteWebElement.java:76)
at dsalgoPOM.TreePage.TreeHomePage(TreePage.java:32)
at dsalgo_stepdefinition.DSTreeStepDefinition.the_user_is_on_the_tree_page(DSTreeStepDefinition.java:28)
at ✽.The user is on the Tree page(file:///C:/MyDSAlgoCode/DSAlgoProject/src/test/resources/Features/Tree.feature:13)
]]>
    </error>
  </testcase> <!-- runScenario -->
  <system-out/>
  <testcase classname="dsAlgoRunner.Runner_Test" name="runScenario" time="16.218">
    <error message="Element &lt;a class=&quot;align-self-end btn btn-lg btn-block btn-primary&quot; href=&quot;tree&quot;&gt; is not clickable at point (1148,682) because another element &lt;html&gt; obscures it
Build info: version: &#039;4.20.0&#039;, revision: &#039;866c76ca80&#039;
System info: os.name: &#039;Windows 11&#039;, os.arch: &#039;amd64&#039;, os.version: &#039;10.0&#039;, java.version: &#039;21.0.2&#039;
Driver info: org.openqa.selenium.firefox.FirefoxDriver
Command: [4e7c781b-540c-440f-a61d-54ae62183361, clickElement {id=2c7eb636-d9cf-4ce9-9395-0e480629be3e}]
Capabilities {acceptInsecureCerts: true, browserName: firefox, browserVersion: 125.0.3, moz:accessibilityChecks: false, moz:buildID: 20240425211020, moz:debuggerAddress: 127.0.0.1:37308, moz:geckodriverVersion: 0.34.0, moz:headless: true, moz:platformVersion: 10.0, moz:processID: 22220, moz:profile: C:\Users\anjuk\AppData\Loca..., moz:shutdownTimeout: 60000, moz:webdriverClick: true, moz:windowless: false, pageLoadStrategy: normal, platformName: windows, proxy: Proxy(), se:cdp: ws://127.0.0.1:37308/devtoo..., se:cdpVersion: 85.0, setWindowRect: true, strictFileInteractability: false, timeouts: {implicit: 0, pageLoad: 300000, script: 30000}, unhandledPromptBehavior: dismiss and notify, userAgent: Mozilla/5.0 (Windows NT 10....}
Element: [[FirefoxDriver: firefox on windows (4e7c781b-540c-440f-a61d-54ae62183361)] -&gt; xpath: //a[@href=&#039;tree&#039;]]
Session ID: 4e7c781b-540c-440f-a61d-54ae62183361" type="org.openqa.selenium.ElementClickInterceptedException">
      <![CDATA[org.openqa.selenium.ElementClickInterceptedException: Element <a class="align-self-end btn btn-lg btn-block btn-primary" href="tree"> is not clickable at point (1148,682) because another element <html> obscures it
Build info: version: '4.20.0', revision: '866c76ca80'
System info: os.name: 'Windows 11', os.arch: 'amd64', os.version: '10.0', java.version: '21.0.2'
Driver info: org.openqa.selenium.firefox.FirefoxDriver
Command: [4e7c781b-540c-440f-a61d-54ae62183361, clickElement {id=2c7eb636-d9cf-4ce9-9395-0e480629be3e}]
Capabilities {acceptInsecureCerts: true, browserName: firefox, browserVersion: 125.0.3, moz:accessibilityChecks: false, moz:buildID: 20240425211020, moz:debuggerAddress: 127.0.0.1:37308, moz:geckodriverVersion: 0.34.0, moz:headless: true, moz:platformVersion: 10.0, moz:processID: 22220, moz:profile: C:\Users\anjuk\AppData\Loca..., moz:shutdownTimeout: 60000, moz:webdriverClick: true, moz:windowless: false, pageLoadStrategy: normal, platformName: windows, proxy: Proxy(), se:cdp: ws://127.0.0.1:37308/devtoo..., se:cdpVersion: 85.0, setWindowRect: true, strictFileInteractability: false, timeouts: {implicit: 0, pageLoad: 300000, script: 30000}, unhandledPromptBehavior: dismiss and notify, userAgent: Mozilla/5.0 (Windows NT 10....}
Element: [[FirefoxDriver: firefox on windows (4e7c781b-540c-440f-a61d-54ae62183361)] -> xpath: //a[@href='tree']]
Session ID: 4e7c781b-540c-440f-a61d-54ae62183361
at java.base/jdk.internal.reflect.DirectConstructorHandleAccessor.newInstance(DirectConstructorHandleAccessor.java:62)
at java.base/java.lang.reflect.Constructor.newInstanceWithCaller(Constructor.java:502)
at java.base/java.lang.reflect.Constructor.newInstance(Constructor.java:486)
at org.openqa.selenium.remote.ErrorCodec.decode(ErrorCodec.java:167)
at org.openqa.selenium.remote.codec.w3c.W3CHttpResponseCodec.decode(W3CHttpResponseCodec.java:138)
at org.openqa.selenium.remote.codec.w3c.W3CHttpResponseCodec.decode(W3CHttpResponseCodec.java:50)
at org.openqa.selenium.remote.HttpCommandExecutor.execute(HttpCommandExecutor.java:190)
at org.openqa.selenium.remote.service.DriverCommandExecutor.invokeExecute(DriverCommandExecutor.java:216)
at org.openqa.selenium.remote.service.DriverCommandExecutor.execute(DriverCommandExecutor.java:174)
at org.openqa.selenium.remote.RemoteWebDriver.execute(RemoteWebDriver.java:518)
at org.openqa.selenium.remote.RemoteWebElement.execute(RemoteWebElement.java:223)
at org.openqa.selenium.remote.RemoteWebElement.click(RemoteWebElement.java:76)
at dsalgoPOM.TreePage.TreeHomePage(TreePage.java:32)
at dsalgo_stepdefinition.DSTreeStepDefinition.the_user_is_on_the_tree_page(DSTreeStepDefinition.java:28)
at ✽.The user is on the Tree page(file:///C:/MyDSAlgoCode/DSAlgoProject/src/test/resources/Features/Tree.feature:13)
]]>
    </error>
  </testcase> <!-- runScenario -->
  <system-out/>
  <testcase classname="dsAlgoRunner.Runner_Test" name="runScenario" time="14.391">
    <error message="Element &lt;a class=&quot;align-self-end btn btn-lg btn-block btn-primary&quot; href=&quot;tree&quot;&gt; is not clickable at point (1148,682) because another element &lt;html&gt; obscures it
Build info: version: &#039;4.20.0&#039;, revision: &#039;866c76ca80&#039;
System info: os.name: &#039;Windows 11&#039;, os.arch: &#039;amd64&#039;, os.version: &#039;10.0&#039;, java.version: &#039;21.0.2&#039;
Driver info: org.openqa.selenium.firefox.FirefoxDriver
Command: [bab58fad-ddda-4f0f-88b3-d5eb78f52370, clickElement {id=ed84e6a9-4559-4ca9-9248-a0643eda3f31}]
Capabilities {acceptInsecureCerts: true, browserName: firefox, browserVersion: 125.0.3, moz:accessibilityChecks: false, moz:buildID: 20240425211020, moz:debuggerAddress: 127.0.0.1:4073, moz:geckodriverVersion: 0.34.0, moz:headless: true, moz:platformVersion: 10.0, moz:processID: 30500, moz:profile: C:\Users\anjuk\AppData\Loca..., moz:shutdownTimeout: 60000, moz:webdriverClick: true, moz:windowless: false, pageLoadStrategy: normal, platformName: windows, proxy: Proxy(), se:cdp: ws://127.0.0.1:4073/devtool..., se:cdpVersion: 85.0, setWindowRect: true, strictFileInteractability: false, timeouts: {implicit: 0, pageLoad: 300000, script: 30000}, unhandledPromptBehavior: dismiss and notify, userAgent: Mozilla/5.0 (Windows NT 10....}
Element: [[FirefoxDriver: firefox on windows (bab58fad-ddda-4f0f-88b3-d5eb78f52370)] -&gt; xpath: //a[@href=&#039;tree&#039;]]
Session ID: bab58fad-ddda-4f0f-88b3-d5eb78f52370" type="org.openqa.selenium.ElementClickInterceptedException">
      <![CDATA[org.openqa.selenium.ElementClickInterceptedException: Element <a class="align-self-end btn btn-lg btn-block btn-primary" href="tree"> is not clickable at point (1148,682) because another element <html> obscures it
Build info: version: '4.20.0', revision: '866c76ca80'
System info: os.name: 'Windows 11', os.arch: 'amd64', os.version: '10.0', java.version: '21.0.2'
Driver info: org.openqa.selenium.firefox.FirefoxDriver
Command: [bab58fad-ddda-4f0f-88b3-d5eb78f52370, clickElement {id=ed84e6a9-4559-4ca9-9248-a0643eda3f31}]
Capabilities {acceptInsecureCerts: true, browserName: firefox, browserVersion: 125.0.3, moz:accessibilityChecks: false, moz:buildID: 20240425211020, moz:debuggerAddress: 127.0.0.1:4073, moz:geckodriverVersion: 0.34.0, moz:headless: true, moz:platformVersion: 10.0, moz:processID: 30500, moz:profile: C:\Users\anjuk\AppData\Loca..., moz:shutdownTimeout: 60000, moz:webdriverClick: true, moz:windowless: false, pageLoadStrategy: normal, platformName: windows, proxy: Proxy(), se:cdp: ws://127.0.0.1:4073/devtool..., se:cdpVersion: 85.0, setWindowRect: true, strictFileInteractability: false, timeouts: {implicit: 0, pageLoad: 300000, script: 30000}, unhandledPromptBehavior: dismiss and notify, userAgent: Mozilla/5.0 (Windows NT 10....}
Element: [[FirefoxDriver: firefox on windows (bab58fad-ddda-4f0f-88b3-d5eb78f52370)] -> xpath: //a[@href='tree']]
Session ID: bab58fad-ddda-4f0f-88b3-d5eb78f52370
at java.base/jdk.internal.reflect.DirectConstructorHandleAccessor.newInstance(DirectConstructorHandleAccessor.java:62)
at java.base/java.lang.reflect.Constructor.newInstanceWithCaller(Constructor.java:502)
at java.base/java.lang.reflect.Constructor.newInstance(Constructor.java:486)
at org.openqa.selenium.remote.ErrorCodec.decode(ErrorCodec.java:167)
at org.openqa.selenium.remote.codec.w3c.W3CHttpResponseCodec.decode(W3CHttpResponseCodec.java:138)
at org.openqa.selenium.remote.codec.w3c.W3CHttpResponseCodec.decode(W3CHttpResponseCodec.java:50)
at org.openqa.selenium.remote.HttpCommandExecutor.execute(HttpCommandExecutor.java:190)
at org.openqa.selenium.remote.service.DriverCommandExecutor.invokeExecute(DriverCommandExecutor.java:216)
at org.openqa.selenium.remote.service.DriverCommandExecutor.execute(DriverCommandExecutor.java:174)
at org.openqa.selenium.remote.RemoteWebDriver.execute(RemoteWebDriver.java:518)
at org.openqa.selenium.remote.RemoteWebElement.execute(RemoteWebElement.java:223)
at org.openqa.selenium.remote.RemoteWebElement.click(RemoteWebElement.java:76)
at dsalgoPOM.TreePage.TreeHomePage(TreePage.java:32)
at dsalgo_stepdefinition.DSTreeStepDefinition.the_user_is_on_the_tree_page(DSTreeStepDefinition.java:28)
at ✽.The user is on the Tree page(file:///C:/MyDSAlgoCode/DSAlgoProject/src/test/resources/Features/Tree.feature:38)
]]>
    </error>
  </testcase> <!-- runScenario -->
  <system-out/>
  <testcase classname="dsAlgoRunner.Runner_Test" name="runScenario" time="14.692">
    <error message="Element &lt;a class=&quot;align-self-end btn btn-lg btn-block btn-primary&quot; href=&quot;tree&quot;&gt; is not clickable at point (1148,682) because another element &lt;html&gt; obscures it
Build info: version: &#039;4.20.0&#039;, revision: &#039;866c76ca80&#039;
System info: os.name: &#039;Windows 11&#039;, os.arch: &#039;amd64&#039;, os.version: &#039;10.0&#039;, java.version: &#039;21.0.2&#039;
Driver info: org.openqa.selenium.firefox.FirefoxDriver
Command: [f1c5a5f1-b766-41bf-b918-9e2a5ea4bcd7, clickElement {id=e3f5e27c-d2bc-470d-bacf-b487d17d370f}]
Capabilities {acceptInsecureCerts: true, browserName: firefox, browserVersion: 125.0.3, moz:accessibilityChecks: false, moz:buildID: 20240425211020, moz:debuggerAddress: 127.0.0.1:45017, moz:geckodriverVersion: 0.34.0, moz:headless: true, moz:platformVersion: 10.0, moz:processID: 36080, moz:profile: C:\Users\anjuk\AppData\Loca..., moz:shutdownTimeout: 60000, moz:webdriverClick: true, moz:windowless: false, pageLoadStrategy: normal, platformName: windows, proxy: Proxy(), se:cdp: ws://127.0.0.1:45017/devtoo..., se:cdpVersion: 85.0, setWindowRect: true, strictFileInteractability: false, timeouts: {implicit: 0, pageLoad: 300000, script: 30000}, unhandledPromptBehavior: dismiss and notify, userAgent: Mozilla/5.0 (Windows NT 10....}
Element: [[FirefoxDriver: firefox on windows (f1c5a5f1-b766-41bf-b918-9e2a5ea4bcd7)] -&gt; xpath: //a[@href=&#039;tree&#039;]]
Session ID: f1c5a5f1-b766-41bf-b918-9e2a5ea4bcd7" type="org.openqa.selenium.ElementClickInterceptedException">
      <![CDATA[org.openqa.selenium.ElementClickInterceptedException: Element <a class="align-self-end btn btn-lg btn-block btn-primary" href="tree"> is not clickable at point (1148,682) because another element <html> obscures it
Build info: version: '4.20.0', revision: '866c76ca80'
System info: os.name: 'Windows 11', os.arch: 'amd64', os.version: '10.0', java.version: '21.0.2'
Driver info: org.openqa.selenium.firefox.FirefoxDriver
Command: [f1c5a5f1-b766-41bf-b918-9e2a5ea4bcd7, clickElement {id=e3f5e27c-d2bc-470d-bacf-b487d17d370f}]
Capabilities {acceptInsecureCerts: true, browserName: firefox, browserVersion: 125.0.3, moz:accessibilityChecks: false, moz:buildID: 20240425211020, moz:debuggerAddress: 127.0.0.1:45017, moz:geckodriverVersion: 0.34.0, moz:headless: true, moz:platformVersion: 10.0, moz:processID: 36080, moz:profile: C:\Users\anjuk\AppData\Loca..., moz:shutdownTimeout: 60000, moz:webdriverClick: true, moz:windowless: false, pageLoadStrategy: normal, platformName: windows, proxy: Proxy(), se:cdp: ws://127.0.0.1:45017/devtoo..., se:cdpVersion: 85.0, setWindowRect: true, strictFileInteractability: false, timeouts: {implicit: 0, pageLoad: 300000, script: 30000}, unhandledPromptBehavior: dismiss and notify, userAgent: Mozilla/5.0 (Windows NT 10....}
Element: [[FirefoxDriver: firefox on windows (f1c5a5f1-b766-41bf-b918-9e2a5ea4bcd7)] -> xpath: //a[@href='tree']]
Session ID: f1c5a5f1-b766-41bf-b918-9e2a5ea4bcd7
at java.base/jdk.internal.reflect.DirectConstructorHandleAccessor.newInstance(DirectConstructorHandleAccessor.java:62)
at java.base/java.lang.reflect.Constructor.newInstanceWithCaller(Constructor.java:502)
at java.base/java.lang.reflect.Constructor.newInstance(Constructor.java:486)
at org.openqa.selenium.remote.ErrorCodec.decode(ErrorCodec.java:167)
at org.openqa.selenium.remote.codec.w3c.W3CHttpResponseCodec.decode(W3CHttpResponseCodec.java:138)
at org.openqa.selenium.remote.codec.w3c.W3CHttpResponseCodec.decode(W3CHttpResponseCodec.java:50)
at org.openqa.selenium.remote.HttpCommandExecutor.execute(HttpCommandExecutor.java:190)
at org.openqa.selenium.remote.service.DriverCommandExecutor.invokeExecute(DriverCommandExecutor.java:216)
at org.openqa.selenium.remote.service.DriverCommandExecutor.execute(DriverCommandExecutor.java:174)
at org.openqa.selenium.remote.RemoteWebDriver.execute(RemoteWebDriver.java:518)
at org.openqa.selenium.remote.RemoteWebElement.execute(RemoteWebElement.java:223)
at org.openqa.selenium.remote.RemoteWebElement.click(RemoteWebElement.java:76)
at dsalgoPOM.TreePage.TreeHomePage(TreePage.java:32)
at dsalgo_stepdefinition.DSTreeStepDefinition.the_user_is_on_the_tree_page(DSTreeStepDefinition.java:28)
at ✽.The user is on the Tree page(file:///C:/MyDSAlgoCode/DSAlgoProject/src/test/resources/Features/Tree.feature:38)
]]>
    </error>
  </testcase> <!-- runScenario -->
  <system-out/>
  <testcase classname="dsAlgoRunner.Runner_Test" name="runScenario" time="29.379"/>
  <system-out/>
  <testcase classname="dsAlgoRunner.Runner_Test" name="runScenario" time="14.831">
    <error message="Element &lt;a class=&quot;align-self-end btn btn-lg btn-block btn-primary&quot; href=&quot;tree&quot;&gt; is not clickable at point (1148,682) because another element &lt;html&gt; obscures it
Build info: version: &#039;4.20.0&#039;, revision: &#039;866c76ca80&#039;
System info: os.name: &#039;Windows 11&#039;, os.arch: &#039;amd64&#039;, os.version: &#039;10.0&#039;, java.version: &#039;21.0.2&#039;
Driver info: org.openqa.selenium.firefox.FirefoxDriver
Command: [1982dccd-02b5-4f4e-8ef1-60de90db7227, clickElement {id=0c610c02-57d8-485f-a913-5969e387594b}]
Capabilities {acceptInsecureCerts: true, browserName: firefox, browserVersion: 125.0.3, moz:accessibilityChecks: false, moz:buildID: 20240425211020, moz:debuggerAddress: 127.0.0.1:3020, moz:geckodriverVersion: 0.34.0, moz:headless: true, moz:platformVersion: 10.0, moz:processID: 31312, moz:profile: C:\Users\anjuk\AppData\Loca..., moz:shutdownTimeout: 60000, moz:webdriverClick: true, moz:windowless: false, pageLoadStrategy: normal, platformName: windows, proxy: Proxy(), se:cdp: ws://127.0.0.1:3020/devtool..., se:cdpVersion: 85.0, setWindowRect: true, strictFileInteractability: false, timeouts: {implicit: 0, pageLoad: 300000, script: 30000}, unhandledPromptBehavior: dismiss and notify, userAgent: Mozilla/5.0 (Windows NT 10....}
Element: [[FirefoxDriver: firefox on windows (1982dccd-02b5-4f4e-8ef1-60de90db7227)] -&gt; xpath: //a[@href=&#039;tree&#039;]]
[...]
at org.openqa.selenium.remote.RemoteWebElement.click(RemoteWebElement.java:76)
at java.base/jdk.internal.reflect.DirectMethodHandleAccessor.invoke(DirectMethodHandleAccessor.java:103)
at java.base/java.lang.reflect.Method.invoke(Method.java:580)
at org.openqa.selenium.support.pagefactory.internal.LocatingElementHandler.invoke(LocatingElementHandler.java:51)
at jdk.proxy2/jdk.proxy2.$Proxy28.click(Unknown Source)
at dsalgoPOM.DSStack_Page.StackHomePage(DSStack_Page.java:45)
at dsalgo_stepdefinition.DSStack_StepDefinition.the_user_is_on_the_stack_page(DSStack_StepDefinition.java:29)
at ✽.The user is on the stack page(file:///C:/MyDSAlgoCode/DSAlgoProject/src/test/resources/Features/DSStack.feature:13)
]]>
    </error>
  </testcase> <!-- runScenario -->
  <system-out/>
  <testcase classname="dsAlgoRunner.Runner_Test" name="runScenario" time="7.894"/>
  <system-out/>
  <testcase classname="dsAlgoRunner.Runner_Test" name="runScenario" time="35.143"/>
  <system-out/>
  <testcase classname="dsAlgoRunner.Runner_Test" name="runScenario" time="14.604"/>
  <system-out/>
  <testcase classname="dsAlgoRunner.Runner_Test" name="runScenario" time="7.632"/>
  <system-out/>
  <testcase classname="dsAlgoRunner.Runner_Test" name="runScenario" time="14.912"/>
  <system-out/>
  <testcase classname="dsAlgoRunner.Runner_Test" name="runScenario" time="28.586"/>
  <system-out/>
  <testcase classname="dsAlgoRunner.Runner_Test" name="runScenario" time="28.738"/>
  <system-out/>
  <testcase classname="dsAlgoRunner.Runner_Test" name="runScenario" time="17.500">
    <error message="Element &lt;a class=&quot;align-self-end btn btn-lg btn-block btn-primary&quot; href=&quot;tree&quot;&gt; is not clickable at point (1148,682) because another element &lt;html&gt; obscures it
Build info: version: &#039;4.20.0&#039;, revision: &#039;866c76ca80&#039;
System info: os.name: &#039;Windows 11&#039;, os.arch: &#039;amd64&#039;, os.version: &#039;10.0&#039;, java.version: &#039;21.0.2&#039;
Driver info: org.openqa.selenium.firefox.FirefoxDriver
Command: [c40b0f95-1d75-4ad2-9fea-3de5165bebe9, clickElement {id=b6fac173-7699-4228-9f1c-0576042c4e3b}]
Capabilities {acceptInsecureCerts: true, browserName: firefox, browserVersion: 125.0.3, moz:accessibilityChecks: false, moz:buildID: 20240425211020, moz:debuggerAddress: 127.0.0.1:3965, moz:geckodriverVersion: 0.34.0, moz:headless: true, moz:platformVersion: 10.0, moz:processID: 38608, moz:profile: C:\Users\anjuk\AppData\Loca..., moz:shutdownTimeout: 60000, moz:webdriverClick: true, moz:windowless: false, pageLoadStrategy: normal, platformName: windows, proxy: Proxy(), se:cdp: ws://127.0.0.1:3965/devtool..., se:cdpVersion: 85.0, setWindowRect: true, strictFileInteractability: false, timeouts: {implicit: 0, pageLoad: 300000, script: 30000}, unhandledPromptBehavior: dismiss and notify, userAgent: Mozilla/5.0 (Windows NT 10....}
Element: [[FirefoxDriver: firefox on windows (c40b0f95-1d75-4ad2-9fea-3de5165bebe9)] -&gt; xpath: //a[@href=&#039;tree&#039;]]
Session ID: c40b0f95-1d75-4ad2-9fea-3de5165bebe9" type="org.openqa.selenium.ElementClickInterceptedException">
      <![CDATA[org.openqa.selenium.ElementClickInterceptedException: Element <a class="align-self-end btn btn-lg btn-block btn-primary" href="tree"> is not clickable at point (1148,682) because another element <html> obscures it
Build info: version: '4.20.0', revision: '866c76ca80'
System info: os.name: 'Windows 11', os.arch: 'amd64', os.version: '10.0', java.version: '21.0.2'
Driver info: org.openqa.selenium.firefox.FirefoxDriver
Command: [c40b0f95-1d75-4ad2-9fea-3de5165bebe9, clickElement {id=b6fac173-7699-4228-9f1c-0576042c4e3b}]
Capabilities {acceptInsecureCerts: true, browserName: firefox, browserVersion: 125.0.3, moz:accessibilityChecks: false, moz:buildID: 20240425211020, moz:debuggerAddress: 127.0.0.1:3965, moz:geckodriverVersion: 0.34.0, moz:headless: true, moz:platformVersion: 10.0, moz:processID: 38608, moz:profile: C:\Users\anjuk\AppData\Loca..., moz:shutdownTimeout: 60000, moz:webdriverClick: true, moz:windowless: false, pageLoadStrategy: normal, platformName: windows, proxy: Proxy(), se:cdp: ws://127.0.0.1:3965/devtool..., se:cdpVersion: 85.0, setWindowRect: true, strictFileInteractability: false, timeouts: {implicit: 0, pageLoad: 300000, script: 30000}, unhandledPromptBehavior: dismiss and notify, userAgent: Mozilla/5.0 (Windows NT 10....}
Element: [[FirefoxDriver: firefox on windows (c40b0f95-1d75-4ad2-9fea-3de5165bebe9)] -> xpath: //a[@href='tree']]
Session ID: c40b0f95-1d75-4ad2-9fea-3de5165bebe9
at java.base/jdk.internal.reflect.DirectConstructorHandleAccessor.newInstance(DirectConstructorHandleAccessor.java:62)
at java.base/java.lang.reflect.Constructor.newInstanceWithCaller(Constructor.java:502)
at java.base/java.lang.reflect.Constructor.newInstance(Constructor.java:486)
at org.openqa.selenium.remote.ErrorCodec.decode(ErrorCodec.java:167)
at org.openqa.selenium.remote.codec.w3c.W3CHttpResponseCodec.decode(W3CHttpResponseCodec.java:138)
at org.openqa.selenium.remote.codec.w3c.W3CHttpResponseCodec.decode(W3CHttpResponseCodec.java:50)
at org.openqa.selenium.remote.HttpCommandExecutor.execute(HttpCommandExecutor.java:190)
at org.openqa.selenium.remote.service.DriverCommandExecutor.invokeExecute(DriverCommandExecutor.java:216)
at org.openqa.selenium.remote.service.DriverCommandExecutor.execute(DriverCommandExecutor.java:174)
at org.openqa.selenium.remote.RemoteWebDriver.execute(RemoteWebDriver.java:518)
at org.openqa.selenium.remote.RemoteWebElement.execute(RemoteWebElement.java:223)
at org.openqa.selenium.remote.RemoteWebElement.click(RemoteWebElement.java:76)
at dsalgoPOM.TreePage.TreeHomePage(TreePage.java:32)
at dsalgo_stepdefinition.DSTreeStepDefinition.the_user_is_on_the_tree_page(DSTreeStepDefinition.java:28)
at ✽.The user is on the Tree page(file:///C:/MyDSAlgoCode/DSAlgoProject/src/test/resources/Features/Tree.feature:13)
]]>
    </error>
  </testcase> <!-- runScenario -->
  <system-out/>
  <testcase classname="dsAlgoRunner.Runner_Test" name="runScenario" time="18.606">
    <error message="Element &lt;a class=&quot;align-self-end btn btn-lg btn-block btn-primary&quot; href=&quot;tree&quot;&gt; is not clickable at point (1148,682) because another element &lt;html&gt; obscures it
Build info: version: &#039;4.20.0&#039;, revision: &#039;866c76ca80&#039;
System info: os.name: &#039;Windows 11&#039;, os.arch: &#039;amd64&#039;, os.version: &#039;10.0&#039;, java.version: &#039;21.0.2&#039;
Driver info: org.openqa.selenium.firefox.FirefoxDriver
Command: [89cc6056-d4ad-4181-ad7d-f5092d12b5b2, clickElement {id=fe445c0c-1707-4280-9c95-27718274bc00}]
Capabilities {acceptInsecureCerts: true, browserName: firefox, browserVersion: 125.0.3, moz:accessibilityChecks: false, moz:buildID: 20240425211020, moz:debuggerAddress: 127.0.0.1:19559, moz:geckodriverVersion: 0.34.0, moz:headless: true, moz:platformVersion: 10.0, moz:processID: 37184, moz:profile: C:\Users\anjuk\AppData\Loca..., moz:shutdownTimeout: 60000, moz:webdriverClick: true, moz:windowless: false, pageLoadStrategy: normal, platformName: windows, proxy: Proxy(), se:cdp: ws://127.0.0.1:19559/devtoo..., se:cdpVersion: 85.0, setWindowRect: true, strictFileInteractability: false, timeouts: {implicit: 0, pageLoad: 300000, script: 30000}, unhandledPromptBehavior: dismiss and notify, userAgent: Mozilla/5.0 (Windows NT 10....}
Element: [[FirefoxDriver: firefox on windows (89cc6056-d4ad-4181-ad7d-f5092d12b5b2)] -&gt; xpath: //a[@href=&#039;tree&#039;]]
Session ID: 89cc6056-d4ad-4181-ad7d-f5092d12b5b2" type="org.openqa.selenium.ElementClickInterceptedException">
      <![CDATA[org.openqa.selenium.ElementClickInterceptedException: Element <a class="align-self-end btn btn-lg btn-block btn-primary" href="tree"> is not clickable at point (1148,682) because another element <html> obscures it
Build info: version: '4.20.0', revision: '866c76ca80'
System info: os.name: 'Windows 11', os.arch: 'amd64', os.version: '10.0', java.version: '21.0.2'
Driver info: org.openqa.selenium.firefox.FirefoxDriver
Command: [89cc6056-d4ad-4181-ad7d-f5092d12b5b2, clickElement {id=fe445c0c-1707-4280-9c95-27718274bc00}]
Capabilities {acceptInsecureCerts: true, browserName: firefox, browserVersion: 125.0.3, moz:accessibilityChecks: false, moz:buildID: 20240425211020, moz:debuggerAddress: 127.0.0.1:19559, moz:geckodriverVersion: 0.34.0, moz:headless: true, moz:platformVersion: 10.0, moz:processID: 37184, moz:profile: C:\Users\anjuk\AppData\Loca..., moz:shutdownTimeout: 60000, moz:webdriverClick: true, moz:windowless: false, pageLoadStrategy: normal, platformName: windows, proxy: Proxy(), se:cdp: ws://127.0.0.1:19559/devtoo..., se:cdpVersion: 85.0, setWindowRect: true, strictFileInteractability: false, timeouts: {implicit: 0, pageLoad: 300000, script: 30000}, unhandledPromptBehavior: dismiss and notify, userAgent: Mozilla/5.0 (Windows NT 10....}
Element: [[FirefoxDriver: firefox on windows (89cc6056-d4ad-4181-ad7d-f5092d12b5b2)] -> xpath: //a[@href='tree']]
Session ID: 89cc6056-d4ad-4181-ad7d-f5092d12b5b2
at java.base/jdk.internal.reflect.DirectConstructorHandleAccessor.newInstance(DirectConstructorHandleAccessor.java:62)
at java.base/java.lang.reflect.Constructor.newInstanceWithCaller(Constructor.java:502)
at java.base/java.lang.reflect.Constructor.newInstance(Constructor.java:486)
at org.openqa.selenium.remote.ErrorCodec.decode(ErrorCodec.java:167)
at org.openqa.selenium.remote.codec.w3c.W3CHttpResponseCodec.decode(W3CHttpResponseCodec.java:138)
at org.openqa.selenium.remote.codec.w3c.W3CHttpResponseCodec.decode(W3CHttpResponseCodec.java:50)
at org.openqa.selenium.remote.HttpCommandExecutor.execute(HttpCommandExecutor.java:190)
at org.openqa.selenium.remote.service.DriverCommandExecutor.invokeExecute(DriverCommandExecutor.java:216)
at org.openqa.selenium.remote.service.DriverCommandExecutor.execute(DriverCommandExecutor.java:174)
at org.openqa.selenium.remote.RemoteWebDriver.execute(RemoteWebDriver.java:518)
at org.openqa.selenium.remote.RemoteWebElement.execute(RemoteWebElement.java:223)
at org.openqa.selenium.remote.RemoteWebElement.click(RemoteWebElement.java:76)
at dsalgoPOM.TreePage.TreeHomePage(TreePage.java:32)
at dsalgo_stepdefinition.DSTreeStepDefinition.the_user_is_on_the_tree_page(DSTreeStepDefinition.java:28)
at ✽.The user is on the Tree page(file:///C:/MyDSAlgoCode/DSAlgoProject/src/test/resources/Features/Tree.feature:13)
]]>
    </error>
  </testcase> <!-- runScenario -->
  <system-out/>
  <testcase classname="dsAlgoRunner.Runner_Test" name="runScenario" time="13.380">
    <error message="Element &lt;a class=&quot;align-self-end btn btn-lg btn-block btn-primary&quot; href=&quot;queue&quot;&gt; is not clickable at point (682,682) because another element &lt;html&gt; obscures it
Build info: version: &#039;4.20.0&#039;, revision: &#039;866c76ca80&#039;
System info: os.name: &#039;Windows 11&#039;, os.arch: &#039;amd64&#039;, os.version: &#039;10.0&#039;, java.version: &#039;21.0.2&#039;
Driver info: org.openqa.selenium.firefox.FirefoxDriver
Command: [2c75c1ca-0066-4182-a07f-3ca7e0d6ffc5, clickElement {id=95fd200a-c775-438f-8d7b-b10927c52ad7}]
Capabilities {acceptInsecureCerts: true, browserName: firefox, browserVersion: 125.0.3, moz:accessibilityChecks: false, moz:buildID: 20240425211020, moz:debuggerAddress: 127.0.0.1:23374, moz:geckodriverVersion: 0.34.0, moz:headless: true, moz:platformVersion: 10.0, moz:processID: 41812, moz:profile: C:\Users\anjuk\AppData\Loca..., moz:shutdownTimeout: 60000, moz:webdriverClick: true, moz:windowless: false, pageLoadStrategy: normal, platformName: windows, proxy: Proxy(), se:cdp: ws://127.0.0.1:23374/devtoo..., se:cdpVersion: 85.0, setWindowRect: true, strictFileInteractability: false, timeouts: {implicit: 0, pageLoad: 300000, script: 30000}, unhandledPromptBehavior: dismiss and notify, userAgent: Mozilla/5.0 (Windows NT 10....}
Element: [[FirefoxDriver: firefox on windows (2c75c1ca-0066-4182-a07f-3ca7e0d6ffc5)] -&gt; xpath: //a[@href=&#039;queue&#039;]]
Session ID: 2c75c1ca-0066-4182-a07f-3ca7e0d6ffc5" type="org.openqa.selenium.ElementClickInterceptedException">
      <![CDATA[org.openqa.selenium.ElementClickInterceptedException: Element <a class="align-self-end btn btn-lg btn-block btn-primary" href="queue"> is not clickable at point (682,682) because another element <html> obscures it
Build info: version: '4.20.0', revision: '866c76ca80'
System info: os.name: 'Windows 11', os.arch: 'amd64', os.version: '10.0', java.version: '21.0.2'
Driver info: org.openqa.selenium.firefox.FirefoxDriver
Command: [2c75c1ca-0066-4182-a07f-3ca7e0d6ffc5, clickElement {id=95fd200a-c775-438f-8d7b-b10927c52ad7}]
Capabilities {acceptInsecureCerts: true, browserName: firefox, browserVersion: 125.0.3, moz:accessibilityChecks: false, moz:buildID: 20240425211020, moz:debuggerAddress: 127.0.0.1:23374, moz:geckodriverVersion: 0.34.0, moz:headless: true, moz:platformVersion: 10.0, moz:processID: 41812, moz:profile: C:\Users\anjuk\AppData\Loca..., moz:shutdownTimeout: 60000, moz:webdriverClick: true, moz:windowless: false, pageLoadStrategy: normal, platformName: windows, proxy: Proxy(), se:cdp: ws://127.0.0.1:23374/devtoo..., se:cdpVersion: 85.0, setWindowRect: true, strictFileInteractability: false, timeouts: {implicit: 0, pageLoad: 300000, script: 30000}, unhandledPromptBehavior: dismiss and notify, userAgent: Mozilla/5.0 (Windows NT 10....}
Element: [[FirefoxDriver: firefox on windows (2c75c1ca-0066-4182-a07f-3ca7e0d6ffc5)] -> xpath: //a[@href='queue']]
Session ID: 2c75c1ca-0066-4182-a07f-3ca7e0d6ffc5
at java.base/jdk.internal.reflect.DirectConstructorHandleAccessor.newInstance(DirectConstructorHandleAccessor.java:62)
at java.base/java.lang.reflect.Constructor.newInstanceWithCaller(Constructor.java:502)
at java.base/java.lang.reflect.Constructor.newInstance(Constructor.java:486)
at org.openqa.selenium.remote.ErrorCodec.decode(ErrorCodec.java:167)
at org.openqa.selenium.remote.codec.w3c.W3CHttpResponseCodec.decode(W3CHttpResponseCodec.java:138)
at org.openqa.selenium.remote.codec.w3c.W3CHttpResponseCodec.decode(W3CHttpResponseCodec.java:50)
at org.openqa.selenium.remote.HttpCommandExecutor.execute(HttpCommandExecutor.java:190)
at org.openqa.selenium.remote.service.DriverCommandExecutor.invokeExecute(DriverCommandExecutor.java:216)
at org.openqa.selenium.remote.service.DriverCommandExecutor.execute(DriverCommandExecutor.java:174)
at org.openqa.selenium.remote.RemoteWebDriver.execute(RemoteWebDriver.java:518)
at org.openqa.selenium.remote.RemoteWebElement.execute(RemoteWebElement.java:223)
at org.openqa.selenium.remote.RemoteWebElement.click(RemoteWebElement.java:76)
at dsalgoPOM.QueuePage.QueuehomePage(QueuePage.java:35)
at dsalgo_stepdefinition.QueuePage_stepdefination.the_user_is_on_the_queue_page(QueuePage_stepdefination.java:28)
at ✽.The user is on the queue page(file:///C:/MyDSAlgoCode/DSAlgoProject/src/test/resources/Features/Queue.feature:15)
]]>
    </error>
  </testcase> <!-- runScenario -->
  <system-out/>
  <testcase classname="dsAlgoRunner.Runner_Test" name="runScenario" time="19.037">
    <error message="Element &lt;a class=&quot;align-self-end btn btn-lg btn-block btn-primary&quot; href=&quot;queue&quot;&gt; is not clickable at point (682,682) because another element &lt;html&gt; obscures it
Build info: version: &#039;4.20.0&#039;, revision: &#039;866c76ca80&#039;
System info: os.name: &#039;Windows 11&#039;, os.arch: &#039;amd64&#039;, os.version: &#039;10.0&#039;, java.version: &#039;21.0.2&#039;
Driver info: org.openqa.selenium.firefox.FirefoxDriver
Command: [e7373b57-6bf9-40ef-bcc1-8ad41d04592d, clickElement {id=f0e53ed9-9e29-4dd9-b166-d4dab6fb9c22}]
Capabilities {acceptInsecureCerts: true, browserName: firefox, browserVersion: 125.0.3, moz:accessibilityChecks: false, moz:buildID: 20240425211020, moz:debuggerAddress: 127.0.0.1:44592, moz:geckodriverVersion: 0.34.0, moz:headless: true, moz:platformVersion: 10.0, moz:processID: 45688, moz:profile: C:\Users\anjuk\AppData\Loca..., moz:shutdownTimeout: 60000, moz:webdriverClick: true, moz:windowless: false, pageLoadStrategy: normal, platformName: windows, proxy: Proxy(), se:cdp: ws://127.0.0.1:44592/devtoo..., se:cdpVersion: 85.0, setWindowRect: true, strictFileInteractability: false, timeouts: {implicit: 0, pageLoad: 300000, script: 30000}, unhandledPromptBehavior: dismiss and notify, userAgent: Mozilla/5.0 (Windows NT 10....}
Element: [[FirefoxDriver: firefox on windows (e7373b57-6bf9-40ef-bcc1-8ad41d04592d)] -&gt; xpath: //a[@href=&#039;queue&#039;]]
Session ID: e7373b57-6bf9-40ef-bcc1-8ad41d04592d" type="org.openqa.selenium.ElementClickInterceptedException">
      <![CDATA[org.openqa.selenium.ElementClickInterceptedException: Element <a class="align-self-end btn btn-lg btn-block btn-primary" href="queue"> is not clickable at point (682,682) because another element <html> obscures it
Build info: version: '4.20.0', revision: '866c76ca80'
System info: os.name: 'Windows 11', os.arch: 'amd64', os.version: '10.0', java.version: '21.0.2'
Driver info: org.openqa.selenium.firefox.FirefoxDriver
Command: [e7373b57-6bf9-40ef-bcc1-8ad41d04592d, clickElement {id=f0e53ed9-9e29-4dd9-b166-d4dab6fb9c22}]
Capabilities {acceptInsecureCerts: true, browserName: firefox, browserVersion: 125.0.3, moz:accessibilityChecks: false, moz:buildID: 20240425211020, moz:debuggerAddress: 127.0.0.1:44592, moz:geckodriverVersion: 0.34.0, moz:headless: true, moz:platformVersion: 10.0, moz:processID: 45688, moz:profile: C:\Users\anjuk\AppData\Loca..., moz:shutdownTimeout: 60000, moz:webdriverClick: true, moz:windowless: false, pageLoadStrategy: normal, platformName: windows, proxy: Proxy(), se:cdp: ws://127.0.0.1:44592/devtoo..., se:cdpVersion: 85.0, setWindowRect: true, strictFileInteractability: false, timeouts: {implicit: 0, pageLoad: 300000, script: 30000}, unhandledPromptBehavior: dismiss and notify, userAgent: Mozilla/5.0 (Windows NT 10....}
Element: [[FirefoxDriver: firefox on windows (e7373b57-6bf9-40ef-bcc1-8ad41d04592d)] -> xpath: //a[@href='queue']]
Session ID: e7373b57-6bf9-40ef-bcc1-8ad41d04592d
at java.base/jdk.internal.reflect.DirectConstructorHandleAccessor.newInstance(DirectConstructorHandleAccessor.java:62)
at java.base/java.lang.reflect.Constructor.newInstanceWithCaller(Constructor.java:502)
at java.base/java.lang.reflect.Constructor.newInstance(Constructor.java:486)
at org.openqa.selenium.remote.ErrorCodec.decode(ErrorCodec.java:167)
at org.openqa.selenium.remote.codec.w3c.W3CHttpResponseCodec.decode(W3CHttpResponseCodec.java:138)
at org.openqa.selenium.remote.codec.w3c.W3CHttpResponseCodec.decode(W3CHttpResponseCodec.java:50)
at org.openqa.selenium.remote.HttpCommandExecutor.execute(HttpCommandExecutor.java:190)
at org.openqa.selenium.remote.service.DriverCommandExecutor.invokeExecute(DriverCommandExecutor.java:216)
at org.openqa.selenium.remote.service.DriverCommandExecutor.execute(DriverCommandExecutor.java:174)
at org.openqa.selenium.remote.RemoteWebDriver.execute(RemoteWebDriver.java:518)
at org.openqa.selenium.remote.RemoteWebElement.execute(RemoteWebElement.java:223)
at org.openqa.selenium.remote.RemoteWebElement.click(RemoteWebElement.java:76)
at dsalgoPOM.QueuePage.QueuehomePage(QueuePage.java:35)
at dsalgo_stepdefinition.QueuePage_stepdefination.the_user_is_on_the_queue_page(QueuePage_stepdefination.java:28)
at ✽.The user is on the queue page(file:///C:/MyDSAlgoCode/DSAlgoProject/src/test/resources/Features/Queue.feature:33)
]]>
    </error>
  </testcase> <!-- runScenario -->
  <system-out/>
  <testcase classname="dsAlgoRunner.Runner_Test" name="runScenario" time="5.925"/>
  <system-out/>
  <testcase classname="dsAlgoRunner.Runner_Test" name="runScenario" time="14.776"/>
  <system-out/>
  <testcase classname="dsAlgoRunner.Runner_Test" name="runScenario" time="7.428"/>
  <system-out/>
  <testcase classname="dsAlgoRunner.Runner_Test" name="runScenario" time="15.169"/>
  <system-out/>
</testsuite> <!-- dsAlgoRunner.Runner_Test -->
