<?xml version="1.0" encoding="UTF-8"?>
<!-- Generated by org.testng.reporters.JUnitReportReporter -->
<testsuite hostname="MSI" failures="1" tests="18" name="dsAlgoRunner.Runner_Test" time="239.477" errors="0" timestamp="2024-05-09T11:12:20 EDT" skipped="0">
  <testcase classname="dsAlgoRunner.Runner_Test" name="runScenario" time="10.554"/>
  <testcase classname="dsAlgoRunner.Runner_Test" name="runScenario" time="15.599"/>
  <testcase classname="dsAlgoRunner.Runner_Test" name="runScenario" time="10.310"/>
  <testcase classname="dsAlgoRunner.Runner_Test" name="runScenario" time="15.611"/>
  <testcase classname="dsAlgoRunner.Runner_Test" name="runScenario" time="15.476"/>
  <testcase classname="dsAlgoRunner.Runner_Test" name="runScenario" time="15.614"/>
  <testcase classname="dsAlgoRunner.Runner_Test" name="runScenario" time="5.191">
    <failure message="expected:&lt;Please fill [out] this field.&gt; but was:&lt;Please fill [in] this field.&gt;" type="org.junit.ComparisonFailure">
      <![CDATA[org.junit.ComparisonFailure: expected:<Please fill [out] this field.> but was:<Please fill [in] this field.>
at org.junit.Assert.assertEquals(Assert.java:117)
at org.junit.Assert.assertEquals(Assert.java:146)
at dsalgo_stepdefinition.DsalgoRegistrationpageStepDefinitions.the_message_is_displayed_below_the_password_textbox_to_the_user_as(DsalgoRegistrationpageStepDefinitions.java:39)
at ✽.The message is displayed below the password textbox to the user as  "Please fill out this field."(file:///C:/Users/sofia/eclipse-workspace/DSAlgoProject/src/test/resources/Features/DsalgoRegistrationpage.feature:9)
]]>
    </failure>
  </testcase> <!-- runScenario -->
  <testcase classname="dsAlgoRunner.Runner_Test" name="runScenario" time="11.997"/>
  <testcase classname="dsAlgoRunner.Runner_Test" name="runScenario" time="15.358"/>
  <testcase classname="dsAlgoRunner.Runner_Test" name="runScenario" time="15.618"/>
  <testcase classname="dsAlgoRunner.Runner_Test" name="runScenario" time="10.610"/>
  <testcase classname="dsAlgoRunner.Runner_Test" name="runScenario" time="15.611"/>
  <testcase classname="dsAlgoRunner.Runner_Test" name="runScenario" time="12.029"/>
  <testcase classname="dsAlgoRunner.Runner_Test" name="runScenario" time="11.024"/>
  <testcase classname="dsAlgoRunner.Runner_Test" name="runScenario" time="15.662"/>
  <testcase classname="dsAlgoRunner.Runner_Test" name="runScenario" time="11.933"/>
  <testcase classname="dsAlgoRunner.Runner_Test" name="runScenario" time="15.640"/>
  <testcase classname="dsAlgoRunner.Runner_Test" name="runScenario" time="15.640"/>
</testsuite> <!-- dsAlgoRunner.Runner_Test -->
