<?xml version="1.0" encoding="UTF-8"?>
<!-- Generated by org.testng.reporters.JUnitReportReporter -->
<testsuite hostname="DESKTOP-F07AI6Q" failures="0" tests="142" name="dsAlgoRunner.Runner_Test" time="2199.908" errors="38" timestamp="2024-05-14T09:30:58 EDT" skipped="0">
  <testcase classname="dsAlgoRunner.Runner_Test" name="runScenario" time="12.680"/>
  <system-out/>
  <testcase classname="dsAlgoRunner.Runner_Test" name="runScenario" time="17.503">
    <error message="Element &lt;a class=&quot;align-self-end btn btn-lg btn-block btn-primary&quot; href=&quot;stack&quot;&gt; is not clickable at point (217,682) because another element &lt;html&gt; obscures it
Build info: version: &#039;4.20.0&#039;, revision: &#039;866c76ca80&#039;
System info: os.name: &#039;Windows 11&#039;, os.arch: &#039;amd64&#039;, os.version: &#039;10.0&#039;, java.version: &#039;21.0.2&#039;
Driver info: org.openqa.selenium.firefox.FirefoxDriver
Command: [e5970bda-c12b-411b-a7cb-f489374d26ac, clickElement {id=88cf3e6e-990d-4e3f-b5e1-e76c5b32b3e6}]
Capabilities {acceptInsecureCerts: true, browserName: firefox, browserVersion: 125.0.3, moz:accessibilityChecks: false, moz:buildID: 20240425211020, moz:debuggerAddress: 127.0.0.1:2985, moz:geckodriverVersion: 0.34.0, moz:headless: true, moz:platformVersion: 10.0, moz:processID: 36304, moz:profile: C:\Users\anjuk\AppData\Loca..., moz:shutdownTimeout: 60000, moz:webdriverClick: true, moz:windowless: false, pageLoadStrategy: normal, platformName: windows, proxy: Proxy(), se:cdp: ws://127.0.0.1:2985/devtool..., se:cdpVersion: 85.0, setWindowRect: true, strictFileInteractability: false, timeouts: {implicit: 0, pageLoad: 300000, script: 30000}, unhandledPromptBehavior: dismiss and notify, userAgent: Mozilla/5.0 (Windows NT 10....}
Element: [[FirefoxDriver: firefox on windows (e5970bda-c12b-411b-a7cb-f489374d26ac)] -&gt; xpath: //a[@href=&#039;stack&#039;]]
Session ID: e5970bda-c12b-411b-a7cb-f489374d26ac" type="org.openqa.selenium.ElementClickInterceptedException">
      <![CDATA[org.openqa.selenium.ElementClickInterceptedException: Element <a class="align-self-end btn btn-lg btn-block btn-primary" href="stack"> is not clickable at point (217,682) because another element <html> obscures it
Build info: version: '4.20.0', revision: '866c76ca80'
System info: os.name: 'Windows 11', os.arch: 'amd64', os.version: '10.0', java.version: '21.0.2'
Driver info: org.openqa.selenium.firefox.FirefoxDriver
Command: [e5970bda-c12b-411b-a7cb-f489374d26ac, clickElement {id=88cf3e6e-990d-4e3f-b5e1-e76c5b32b3e6}]
Capabilities {acceptInsecureCerts: true, browserName: firefox, browserVersion: 125.0.3, moz:accessibilityChecks: false, moz:buildID: 20240425211020, moz:debuggerAddress: 127.0.0.1:2985, moz:geckodriverVersion: 0.34.0, moz:headless: true, moz:platformVersion: 10.0, moz:processID: 36304, moz:profile: C:\Users\anjuk\AppData\Loca..., moz:shutdownTimeout: 60000, moz:webdriverClick: true, moz:windowless: false, pageLoadStrategy: normal, platformName: windows, proxy: Proxy(), se:cdp: ws://127.0.0.1:2985/devtool..., se:cdpVersion: 85.0, setWindowRect: true, strictFileInteractability: false, timeouts: {implicit: 0, pageLoad: 300000, script: 30000}, unhandledPromptBehavior: dismiss and notify, userAgent: Mozilla/5.0 (Windows NT 10....}
Element: [[FirefoxDriver: firefox on windows (e5970bda-c12b-411b-a7cb-f489374d26ac)] -> xpath: //a[@href='stack']]
Session ID: e5970bda-c12b-411b-a7cb-f489374d26ac
at java.base/jdk.internal.reflect.DirectConstructorHandleAccessor.newInstance(DirectConstructorHandleAccessor.java:62)
at java.base/java.lang.reflect.Constructor.newInstanceWithCaller(Constructor.java:502)
at java.base/java.lang.reflect.Constructor.newInstance(Constructor.java:486)
at org.openqa.selenium.remote.ErrorCodec.decode(ErrorCodec.java:167)
at org.openqa.selenium.remote.codec.w3c.W3CHttpResponseCodec.decode(W3CHttpResponseCodec.java:138)
at org.openqa.selenium.remote.codec.w3c.W3CHttpResponseCodec.decode(W3CHttpResponseCodec.java:50)
at org.openqa.selenium.remote.HttpCommandExecutor.execute(HttpCommandExecutor.java:190)
at org.openqa.selenium.remote.service.DriverCommandExecutor.invokeExecute(DriverCommandExecutor.java:216)
at org.openqa.selenium.remote.service.DriverCommandExecutor.execute(DriverCommandExecutor.java:174)
at org.openqa.selenium.remote.RemoteWebDriver.execute(RemoteWebDriver.java:518)
at org.openqa.selenium.remote.RemoteWebElement.execute(RemoteWebElement.java:223)
at org.openqa.selenium.remote.RemoteWebElement.click(RemoteWebElement.java:76)
at java.base/jdk.internal.reflect.DirectMethodHandleAccessor.invoke(DirectMethodHandleAccessor.java:103)
at java.base/java.lang.reflect.Method.invoke(Method.java:580)
at org.openqa.selenium.support.pagefactory.internal.LocatingElementHandler.invoke(LocatingElementHandler.java:51)
at jdk.proxy2/jdk.proxy2.$Proxy29.click(Unknown Source)
at dsalgoPOM.DSStack_Page.StackHomePage(DSStack_Page.java:45)
at dsalgo_stepdefinition.DSStack_StepDefinition.the_user_is_on_the_stack_page(DSStack_StepDefinition.java:29)
at ✽.The user is on the stack page(file:///C:/MyDSAlgoCode/DSAlgoProject/src/test/resources/Features/DSStack.feature:30)
]]>
    </error>
  </testcase> <!-- runScenario -->
  <system-out/>
  <testcase classname="dsAlgoRunner.Runner_Test" name="runScenario" time="15.912"/>
  <system-out/>
  <testcase classname="dsAlgoRunner.Runner_Test" name="runScenario" time="22.812"/>
  <system-out/>
  <testcase classname="dsAlgoRunner.Runner_Test" name="runScenario" time="13.693">
    <error message="Element &lt;a class=&quot;align-self-end btn btn-lg btn-block btn-primary&quot; href=&quot;queue&quot;&gt; is not clickable at point (682,682) because another element &lt;html&gt; obscures it
Build info: version: &#039;4.20.0&#039;, revision: &#039;866c76ca80&#039;
System info: os.name: &#039;Windows 11&#039;, os.arch: &#039;amd64&#039;, os.version: &#039;10.0&#039;, java.version: &#039;21.0.2&#039;
Driver info: org.openqa.selenium.firefox.FirefoxDriver
Command: [5ede39d8-17ff-4e88-accb-9f5ffa727fca, clickElement {id=c4966252-d799-4ed8-a232-d8162d0766a8}]
Capabilities {acceptInsecureCerts: true, browserName: firefox, browserVersion: 125.0.3, moz:accessibilityChecks: false, moz:buildID: 20240425211020, moz:debuggerAddress: 127.0.0.1:11154, moz:geckodriverVersion: 0.34.0, moz:headless: true, moz:platformVersion: 10.0, moz:processID: 21568, moz:profile: C:\Users\anjuk\AppData\Loca..., moz:shutdownTimeout: 60000, moz:webdriverClick: true, moz:windowless: false, pageLoadStrategy: normal, platformName: windows, proxy: Proxy(), se:cdp: ws://127.0.0.1:11154/devtoo..., se:cdpVersion: 85.0, setWindowRect: true, strictFileInteractability: false, timeouts: {implicit: 0, pageLoad: 300000, script: 30000}, unhandledPromptBehavior: dismiss and notify, userAgent: Mozilla/5.0 (Windows NT 10....}
Element: [[FirefoxDriver: firefox on windows (5ede39d8-17ff-4e88-accb-9f5ffa727fca)] -&gt; xpath: //a[@href=&#039;queue&#039;]]
Session ID: 5ede39d8-17ff-4e88-accb-9f5ffa727fca" type="org.openqa.selenium.ElementClickInterceptedException">
      <![CDATA[org.openqa.selenium.ElementClickInterceptedException: Element <a class="align-self-end btn btn-lg btn-block btn-primary" href="queue"> is not clickable at point (682,682) because another element <html> obscures it
Build info: version: '4.20.0', revision: '866c76ca80'
System info: os.name: 'Windows 11', os.arch: 'amd64', os.version: '10.0', java.version: '21.0.2'
Driver info: org.openqa.selenium.firefox.FirefoxDriver
Command: [5ede39d8-17ff-4e88-accb-9f5ffa727fca, clickElement {id=c4966252-d799-4ed8-a232-d8162d0766a8}]
Capabilities {acceptInsecureCerts: true, browserName: firefox, browserVersion: 125.0.3, moz:accessibilityChecks: false, moz:buildID: 20240425211020, moz:debuggerAddress: 127.0.0.1:11154, moz:geckodriverVersion: 0.34.0, moz:headless: true, moz:platformVersion: 10.0, moz:processID: 21568, moz:profile: C:\Users\anjuk\AppData\Loca..., moz:shutdownTimeout: 60000, moz:webdriverClick: true, moz:windowless: false, pageLoadStrategy: normal, platformName: windows, proxy: Proxy(), se:cdp: ws://127.0.0.1:11154/devtoo..., se:cdpVersion: 85.0, setWindowRect: true, strictFileInteractability: false, timeouts: {implicit: 0, pageLoad: 300000, script: 30000}, unhandledPromptBehavior: dismiss and notify, userAgent: Mozilla/5.0 (Windows NT 10....}
Element: [[FirefoxDriver: firefox on windows (5ede39d8-17ff-4e88-accb-9f5ffa727fca)] -> xpath: //a[@href='queue']]
Session ID: 5ede39d8-17ff-4e88-accb-9f5ffa727fca
at java.base/jdk.internal.reflect.DirectConstructorHandleAccessor.newInstance(DirectConstructorHandleAccessor.java:62)
at java.base/java.lang.reflect.Constructor.newInstanceWithCaller(Constructor.java:502)
at java.base/java.lang.reflect.Constructor.newInstance(Constructor.java:486)
at org.openqa.selenium.remote.ErrorCodec.decode(ErrorCodec.java:167)
at org.openqa.selenium.remote.codec.w3c.W3CHttpResponseCodec.decode(W3CHttpResponseCodec.java:138)
at org.openqa.selenium.remote.codec.w3c.W3CHttpResponseCodec.decode(W3CHttpResponseCodec.java:50)
at org.openqa.selenium.remote.HttpCommandExecutor.execute(HttpCommandExecutor.java:190)
at org.openqa.selenium.remote.service.DriverCommandExecutor.invokeExecute(DriverCommandExecutor.java:216)
at org.openqa.selenium.remote.service.DriverCommandExecutor.execute(DriverCommandExecutor.java:174)
at org.openqa.selenium.remote.RemoteWebDriver.execute(RemoteWebDriver.java:518)
at org.openqa.selenium.remote.RemoteWebElement.execute(RemoteWebElement.java:223)
at org.openqa.selenium.remote.RemoteWebElement.click(RemoteWebElement.java:76)
at dsalgoPOM.QueuePage.QueuehomePage(QueuePage.java:35)
at dsalgo_stepdefinition.QueuePage_stepdefination.the_user_is_on_the_queue_page(QueuePage_stepdefination.java:28)
at ✽.The user is on the queue page(file:///C:/MyDSAlgoCode/DSAlgoProject/src/test/resources/Features/Queue.feature:15)
]]>
    </error>
  </testcase> <!-- runScenario -->
  <system-out/>
  <testcase classname="dsAlgoRunner.Runner_Test" name="runScenario" time="10.125"/>
  <system-out/>
  <testcase classname="dsAlgoRunner.Runner_Test" name="runScenario" time="16.778"/>
  <system-out/>
  <testcase classname="dsAlgoRunner.Runner_Test" name="runScenario" time="28.715"/>
  <system-out/>
  <testcase classname="dsAlgoRunner.Runner_Test" name="runScenario" time="26.847">
    <error message="Element &lt;a class=&quot;align-self-end btn btn-lg btn-block btn-primary&quot; href=&quot;tree&quot;&gt; is not clickable at point (1148,682) because another element &lt;html&gt; obscures it
Build info: version: &#039;4.20.0&#039;, revision: &#039;866c76ca80&#039;
System info: os.name: &#039;Windows 11&#039;, os.arch: &#039;amd64&#039;, os.version: &#039;10.0&#039;, java.version: &#039;21.0.2&#039;
Driver info: org.openqa.selenium.firefox.FirefoxDriver
Command: [42c25c7c-bd5f-4a9c-ab27-a93fb5012956, clickElement {id=8fc4f6bb-7369-4d2e-ba0c-af86e60cc10a}]
Capabilities {acceptInsecureCerts: true, browserName: firefox, browserVersion: 125.0.3, moz:accessibilityChecks: false, moz:buildID: 20240425211020, moz:debuggerAddress: 127.0.0.1:12113, moz:geckodriverVersion: 0.34.0, moz:headless: true, moz:platformVersion: 10.0, moz:processID: 35472, moz:profile: C:\Users\anjuk\AppData\Loca..., moz:shutdownTimeout: 60000, moz:webdriverClick: true, moz:windowless: false, pageLoadStrategy: normal, platformName: windows, proxy: Proxy(), se:cdp: ws://127.0.0.1:12113/devtoo..., se:cdpVersion: 85.0, setWindowRect: true, strictFileInteractability: false, timeouts: {implicit: 0, pageLoad: 300000, script: 30000}, unhandledPromptBehavior: dismiss and notify, userAgent: Mozilla/5.0 (Windows NT 10....}
Element: [[FirefoxDriver: firefox on windows (42c25c7c-bd5f-4a9c-ab27-a93fb5012956)] -&gt; xpath: //a[@href=&#039;tree&#039;]]
Session ID: 42c25c7c-bd5f-4a9c-ab27-a93fb5012956" type="org.openqa.selenium.ElementClickInterceptedException">
      <![CDATA[org.openqa.selenium.ElementClickInterceptedException: Element <a class="align-self-end btn btn-lg btn-block btn-primary" href="tree"> is not clickable at point (1148,682) because another element <html> obscures it
Build info: version: '4.20.0', revision: '866c76ca80'
System info: os.name: 'Windows 11', os.arch: 'amd64', os.version: '10.0', java.version: '21.0.2'
Driver info: org.openqa.selenium.firefox.FirefoxDriver
Command: [42c25c7c-bd5f-4a9c-ab27-a93fb5012956, clickElement {id=8fc4f6bb-7369-4d2e-ba0c-af86e60cc10a}]
Capabilities {acceptInsecureCerts: true, browserName: firefox, browserVersion: 125.0.3, moz:accessibilityChecks: false, moz:buildID: 20240425211020, moz:debuggerAddress: 127.0.0.1:12113, moz:geckodriverVersion: 0.34.0, moz:headless: true, moz:platformVersion: 10.0, moz:processID: 35472, moz:profile: C:\Users\anjuk\AppData\Loca..., moz:shutdownTimeout: 60000, moz:webdriverClick: true, moz:windowless: false, pageLoadStrategy: normal, platformName: windows, proxy: Proxy(), se:cdp: ws://127.0.0.1:12113/devtoo..., se:cdpVersion: 85.0, setWindowRect: true, strictFileInteractability: false, timeouts: {implicit: 0, pageLoad: 300000, script: 30000}, unhandledPromptBehavior: dismiss and notify, userAgent: Mozilla/5.0 (Windows NT 10....}
Element: [[FirefoxDriver: firefox on windows (42c25c7c-bd5f-4a9c-ab27-a93fb5012956)] -> xpath: //a[@href='tree']]
Session ID: 42c25c7c-bd5f-4a9c-ab27-a93fb5012956
at java.base/jdk.internal.reflect.DirectConstructorHandleAccessor.newInstance(DirectConstructorHandleAccessor.java:62)
at java.base/java.lang.reflect.Constructor.newInstanceWithCaller(Constructor.java:502)
at java.base/java.lang.reflect.Constructor.newInstance(Constructor.java:486)
at org.openqa.selenium.remote.ErrorCodec.decode(ErrorCodec.java:167)
at org.openqa.selenium.remote.codec.w3c.W3CHttpResponseCodec.decode(W3CHttpResponseCodec.java:138)
at org.openqa.selenium.remote.codec.w3c.W3CHttpResponseCodec.decode(W3CHttpResponseCodec.java:50)
at org.openqa.selenium.remote.HttpCommandExecutor.execute(HttpCommandExecutor.java:190)
at org.openqa.selenium.remote.service.DriverCommandExecutor.invokeExecute(DriverCommandExecutor.java:216)
at org.openqa.selenium.remote.service.DriverCommandExecutor.execute(DriverCommandExecutor.java:174)
at org.openqa.selenium.remote.RemoteWebDriver.execute(RemoteWebDriver.java:518)
at org.openqa.selenium.remote.RemoteWebElement.execute(RemoteWebElement.java:223)
at org.openqa.selenium.remote.RemoteWebElement.click(RemoteWebElement.java:76)
at dsalgoPOM.TreePage.TreeHomePage(TreePage.java:32)
at dsalgo_stepdefinition.DSTreeStepDefinition.the_user_is_on_the_tree_page(DSTreeStepDefinition.java:28)
at ✽.The user is on the Tree page(file:///C:/MyDSAlgoCode/DSAlgoProject/src/test/resources/Features/Tree.feature:13)
]]>
    </error>
  </testcase> <!-- runScenario -->
  <system-out/>
  <testcase classname="dsAlgoRunner.Runner_Test" name="runScenario" time="15.769">
    <error message="Element &lt;a class=&quot;align-self-end btn btn-lg btn-block btn-primary&quot; href=&quot;tree&quot;&gt; is not clickable at point (1148,682) because another element &lt;html&gt; obscures it
Build info: version: &#039;4.20.0&#039;, revision: &#039;866c76ca80&#039;
System info: os.name: &#039;Windows 11&#039;, os.arch: &#039;amd64&#039;, os.version: &#039;10.0&#039;, java.version: &#039;21.0.2&#039;
Driver info: org.openqa.selenium.firefox.FirefoxDriver
Command: [106d622e-05ba-4f56-b211-84458acb4028, clickElement {id=434ea5a6-928d-48ef-b594-d2d99a822373}]
Capabilities {acceptInsecureCerts: true, browserName: firefox, browserVersion: 125.0.3, moz:accessibilityChecks: false, moz:buildID: 20240425211020, moz:debuggerAddress: 127.0.0.1:1315, moz:geckodriverVersion: 0.34.0, moz:headless: true, moz:platformVersion: 10.0, moz:processID: 25028, moz:profile: C:\Users\anjuk\AppData\Loca..., moz:shutdownTimeout: 60000, moz:webdriverClick: true, moz:windowless: false, pageLoadStrategy: normal, platformName: windows, proxy: Proxy(), se:cdp: ws://127.0.0.1:1315/devtool..., se:cdpVersion: 85.0, setWindowRect: true, strictFileInteractability: false, timeouts: {implicit: 0, pageLoad: 300000, script: 30000}, unhandledPromptBehavior: dismiss and notify, userAgent: Mozilla/5.0 (Windows NT 10....}
Element: [[FirefoxDriver: firefox on windows (106d622e-05ba-4f56-b211-84458acb4028)] -&gt; xpath: //a[@href=&#039;tree&#039;]]
Session ID: 106d622e-05ba-4f56-b211-84458acb4028" type="org.openqa.selenium.ElementClickInterceptedException">
      <![CDATA[org.openqa.selenium.ElementClickInterceptedException: Element <a class="align-self-end btn btn-lg btn-block btn-primary" href="tree"> is not clickable at point (1148,682) because another element <html> obscures it
Build info: version: '4.20.0', revision: '866c76ca80'
System info: os.name: 'Windows 11', os.arch: 'amd64', os.version: '10.0', java.version: '21.0.2'
Driver info: org.openqa.selenium.firefox.FirefoxDriver
Command: [106d622e-05ba-4f56-b211-84458acb4028, clickElement {id=434ea5a6-928d-48ef-b594-d2d99a822373}]
Capabilities {acceptInsecureCerts: true, browserName: firefox, browserVersion: 125.0.3, moz:accessibilityChecks: false, moz:buildID: 20240425211020, moz:debuggerAddress: 127.0.0.1:1315, moz:geckodriverVersion: 0.34.0, moz:headless: true, moz:platformVersion: 10.0, moz:processID: 25028, moz:profile: C:\Users\anjuk\AppData\Loca..., moz:shutdownTimeout: 60000, moz:webdriverClick: true, moz:windowless: false, pageLoadStrategy: normal, platformName: windows, proxy: Proxy(), se:cdp: ws://127.0.0.1:1315/devtool..., se:cdpVersion: 85.0, setWindowRect: true, strictFileInteractability: false, timeouts: {implicit: 0, pageLoad: 300000, script: 30000}, unhandledPromptBehavior: dismiss and notify, userAgent: Mozilla/5.0 (Windows NT 10....}
Element: [[FirefoxDriver: firefox on windows (106d622e-05ba-4f56-b211-84458acb4028)] -> xpath: //a[@href='tree']]
Session ID: 106d622e-05ba-4f56-b211-84458acb4028
at java.base/jdk.internal.reflect.DirectConstructorHandleAccessor.newInstance(DirectConstructorHandleAccessor.java:62)
at java.base/java.lang.reflect.Constructor.newInstanceWithCaller(Constructor.java:502)
at java.base/java.lang.reflect.Constructor.newInstance(Constructor.java:486)
at org.openqa.selenium.remote.ErrorCodec.decode(ErrorCodec.java:167)
at org.openqa.selenium.remote.codec.w3c.W3CHttpResponseCodec.decode(W3CHttpResponseCodec.java:138)
at org.openqa.selenium.remote.codec.w3c.W3CHttpResponseCodec.decode(W3CHttpResponseCodec.java:50)
at org.openqa.selenium.remote.HttpCommandExecutor.execute(HttpCommandExecutor.java:190)
at org.openqa.selenium.remote.service.DriverCommandExecutor.invokeExecute(DriverCommandExecutor.java:216)
at org.openqa.selenium.remote.service.DriverCommandExecutor.execute(DriverCommandExecutor.java:174)
at org.openqa.selenium.remote.RemoteWebDriver.execute(RemoteWebDriver.java:518)
at org.openqa.selenium.remote.RemoteWebElement.execute(RemoteWebElement.java:223)
at org.openqa.selenium.remote.RemoteWebElement.click(RemoteWebElement.java:76)
at dsalgoPOM.TreePage.TreeHomePage(TreePage.java:32)
at dsalgo_stepdefinition.DSTreeStepDefinition.the_user_is_on_the_tree_page(DSTreeStepDefinition.java:28)
at ✽.The user is on the Tree page(file:///C:/MyDSAlgoCode/DSAlgoProject/src/test/resources/Features/Tree.feature:13)
]]>
    </error>
  </testcase> <!-- runScenario -->
  <system-out/>
  <testcase classname="dsAlgoRunner.Runner_Test" name="runScenario" time="12.371"/>
  <system-out/>
  <testcase classname="dsAlgoRunner.Runner_Test" name="runScenario" time="34.189"/>
  <system-out/>
  <testcase classname="dsAlgoRunner.Runner_Test" name="runScenario" time="15.370"/>
  <system-out/>
  <testcase classname="dsAlgoRunner.Runner_Test" name="runScenario" time="15.635"/>
  <system-out/>
  <testcase classname="dsAlgoRunner.Runner_Test" name="runScenario" time="5.698"/>
  <system-out/>
  <testcase classname="dsAlgoRunner.Runner_Test" name="runScenario" time="20.576">
    <error message="Element &lt;a class=&quot;align-self-end btn btn-lg btn-block btn-primary&quot; href=&quot;tree&quot;&gt; is not clickable at point (1148,682) because another element &lt;html&gt; obscures it
Build info: version: &#039;4.20.0&#039;, revision: &#039;866c76ca80&#039;
System info: os.name: &#039;Windows 11&#039;, os.arch: &#039;amd64&#039;, os.version: &#039;10.0&#039;, java.version: &#039;21.0.2&#039;
Driver info: org.openqa.selenium.firefox.FirefoxDriver
Command: [c688ab6b-6189-4ba2-bbaf-90e0c2e8a6d4, clickElement {id=2b6911d1-edac-4816-8d24-9d89c04ae617}]
Capabilities {acceptInsecureCerts: true, browserName: firefox, browserVersion: 125.0.3, moz:accessibilityChecks: false, moz:buildID: 20240425211020, moz:debuggerAddress: 127.0.0.1:20759, moz:geckodriverVersion: 0.34.0, moz:headless: true, moz:platformVersion: 10.0, moz:processID: 6720, moz:profile: C:\Users\anjuk\AppData\Loca..., moz:shutdownTimeout: 60000, moz:webdriverClick: true, moz:windowless: false, pageLoadStrategy: normal, platformName: windows, proxy: Proxy(), se:cdp: ws://127.0.0.1:20759/devtoo..., se:cdpVersion: 85.0, setWindowRect: true, strictFileInteractability: false, timeouts: {implicit: 0, pageLoad: 300000, script: 30000}, unhandledPromptBehavior: dismiss and notify, userAgent: Mozilla/5.0 (Windows NT 10....}
Element: [[FirefoxDriver: firefox on windows (c688ab6b-6189-4ba2-bbaf-90e0c2e8a6d4)] -&gt; xpath: //a[@href=&#039;tree&#039;]]
Session ID: c688ab6b-6189-4ba2-bbaf-90e0c2e8a6d4" type="org.openqa.selenium.ElementClickInterceptedException">
      <![CDATA[org.openqa.selenium.ElementClickInterceptedException: Element <a class="align-self-end btn btn-lg btn-block btn-primary" href="tree"> is not clickable at point (1148,682) because another element <html> obscures it
Build info: version: '4.20.0', revision: '866c76ca80'
System info: os.name: 'Windows 11', os.arch: 'amd64', os.version: '10.0', java.version: '21.0.2'
Driver info: org.openqa.selenium.firefox.FirefoxDriver
Command: [c688ab6b-6189-4ba2-bbaf-90e0c2e8a6d4, clickElement {id=2b6911d1-edac-4816-8d24-9d89c04ae617}]
Capabilities {acceptInsecureCerts: true, browserName: firefox, browserVersion: 125.0.3, moz:accessibilityChecks: false, moz:buildID: 20240425211020, moz:debuggerAddress: 127.0.0.1:20759, moz:geckodriverVersion: 0.34.0, moz:headless: true, moz:platformVersion: 10.0, moz:processID: 6720, moz:profile: C:\Users\anjuk\AppData\Loca..., moz:shutdownTimeout: 60000, moz:webdriverClick: true, moz:windowless: false, pageLoadStrategy: normal, platformName: windows, proxy: Proxy(), se:cdp: ws://127.0.0.1:20759/devtoo..., se:cdpVersion: 85.0, setWindowRect: true, strictFileInteractability: false, timeouts: {implicit: 0, pageLoad: 300000, script: 30000}, unhandledPromptBehavior: dismiss and notify, userAgent: Mozilla/5.0 (Windows NT 10....}
Element: [[FirefoxDriver: firefox on windows (c688ab6b-6189-4ba2-bbaf-90e0c2e8a6d4)] -> xpath: //a[@href='tree']]
Session ID: c688ab6b-6189-4ba2-bbaf-90e0c2e8a6d4
at java.base/jdk.internal.reflect.DirectConstructorHandleAccessor.newInstance(DirectConstructorHandleAccessor.java:62)
at java.base/java.lang.reflect.Constructor.newInstanceWithCaller(Constructor.java:502)
at java.base/java.lang.reflect.Constructor.newInstance(Constructor.java:486)
at org.openqa.selenium.remote.ErrorCodec.decode(ErrorCodec.java:167)
at org.openqa.selenium.remote.codec.w3c.W3CHttpResponseCodec.decode(W3CHttpResponseCodec.java:138)
at org.openqa.selenium.remote.codec.w3c.W3CHttpResponseCodec.decode(W3CHttpResponseCodec.java:50)
at org.openqa.selenium.remote.HttpCommandExecutor.execute(HttpCommandExecutor.java:190)
at org.openqa.selenium.remote.service.DriverCommandExecutor.invokeExecute(DriverCommandExecutor.java:216)
at org.openqa.selenium.remote.service.DriverCommandExecutor.execute(DriverCommandExecutor.java:174)
at org.openqa.selenium.remote.RemoteWebDriver.execute(RemoteWebDriver.java:518)
at org.openqa.selenium.remote.RemoteWebElement.execute(RemoteWebElement.java:223)
at org.openqa.selenium.remote.RemoteWebElement.click(RemoteWebElement.java:76)
at dsalgoPOM.TreePage.TreeHomePage(TreePage.java:32)
at dsalgo_stepdefinition.DSTreeStepDefinition.the_user_is_on_the_tree_page(DSTreeStepDefinition.java:28)
at ✽.The user is on the Tree page(file:///C:/MyDSAlgoCode/DSAlgoProject/src/test/resources/Features/Tree.feature:13)
]]>
    </error>
  </testcase> <!-- runScenario -->
  <system-out/>
  <testcase classname="dsAlgoRunner.Runner_Test" name="runScenario" time="10.719"/>
  <system-out/>
  <testcase classname="dsAlgoRunner.Runner_Test" name="runScenario" time="20.110"/>
  <system-out/>
  <testcase classname="dsAlgoRunner.Runner_Test" name="runScenario" time="5.423"/>
  <system-out/>
  <testcase classname="dsAlgoRunner.Runner_Test" name="runScenario" time="25.914"/>
  <system-out/>
  <testcase classname="dsAlgoRunner.Runner_Test" name="runScenario" time="18.993"/>
  <system-out/>
  <testcase classname="dsAlgoRunner.Runner_Test" name="runScenario" time="12.334"/>
  <system-out/>
  <testcase classname="dsAlgoRunner.Runner_Test" name="runScenario" time="25.724"/>
  <system-out/>
  <testcase classname="dsAlgoRunner.Runner_Test" name="runScenario" time="21.766"/>
  <system-out/>
  <testcase classname="dsAlgoRunner.Runner_Test" name="runScenario" time="12.323"/>
  <system-out/>
  <testcase classname="dsAlgoRunner.Runner_Test" name="runScenario" time="12.099"/>
  <system-out/>
  <testcase classname="dsAlgoRunner.Runner_Test" name="runScenario" time="7.450"/>
  <system-out/>
  <testcase classname="dsAlgoRunner.Runner_Test" name="runScenario" time="12.431"/>
  <system-out/>
  <testcase classname="dsAlgoRunner.Runner_Test" name="runScenario" time="6.654"/>
  <system-out/>
  <testcase classname="dsAlgoRunner.Runner_Test" name="runScenario" time="21.228"/>
  <system-out/>
  <testcase classname="dsAlgoRunner.Runner_Test" name="runScenario" time="21.554"/>
  <system-out/>
  <testcase classname="dsAlgoRunner.Runner_Test" name="runScenario" time="19.042">
    <error message="Element &lt;a class=&quot;align-self-end btn btn-lg btn-block btn-primary&quot; href=&quot;stack&quot;&gt; is not clickable at point (217,682) because another element &lt;html&gt; obscures it
Build info: version: &#039;4.20.0&#039;, revision: &#039;866c76ca80&#039;
System info: os.name: &#039;Windows 11&#039;, os.arch: &#039;amd64&#039;, os.version: &#039;10.0&#039;, java.version: &#039;21.0.2&#039;
Driver info: org.openqa.selenium.firefox.FirefoxDriver
Command: [4339abf4-cd11-4962-acd4-71f994537a0d, clickElement {id=71d9112a-61c6-4c2c-b28b-1b467392ee3c}]
Capabilities {acceptInsecureCerts: true, browserName: firefox, browserVersion: 125.0.3, moz:accessibilityChecks: false, moz:buildID: 20240425211020, moz:debuggerAddress: 127.0.0.1:21822, moz:geckodriverVersion: 0.34.0, moz:headless: true, moz:platformVersion: 10.0, moz:processID: 23160, moz:profile: C:\Users\anjuk\AppData\Loca..., moz:shutdownTimeout: 60000, moz:webdriverClick: true, moz:windowless: false, pageLoadStrategy: normal, platformName: windows, proxy: Proxy(), se:cdp: ws://127.0.0.1:21822/devtoo..., se:cdpVersion: 85.0, setWindowRect: true, strictFileInteractability: false, timeouts: {implicit: 0, pageLoad: 300000, script: 30000}, unhandledPromptBehavior: dismiss and notify, userAgent: Mozilla/5.0 (Windows NT 10....}
Element: [[FirefoxDriver: firefox on windows (4339abf4-cd11-4962-acd4-71f994537a0d)] -&gt; xpath: //a[@href=&#039;stack&#039;]]
Session ID: 4339abf4-cd11-4962-acd4-71f994537a0d" type="org.openqa.selenium.ElementClickInterceptedException">
      <![CDATA[org.openqa.selenium.ElementClickInterceptedException: Element <a class="align-self-end btn btn-lg btn-block btn-primary" href="stack"> is not clickable at point (217,682) because another element <html> obscures it
Build info: version: '4.20.0', revision: '866c76ca80'
System info: os.name: 'Windows 11', os.arch: 'amd64', os.version: '10.0', java.version: '21.0.2'
Driver info: org.openqa.selenium.firefox.FirefoxDriver
Command: [4339abf4-cd11-4962-acd4-71f994537a0d, clickElement {id=71d9112a-61c6-4c2c-b28b-1b467392ee3c}]
Capabilities {acceptInsecureCerts: true, browserName: firefox, browserVersion: 125.0.3, moz:accessibilityChecks: false, moz:buildID: 20240425211020, moz:debuggerAddress: 127.0.0.1:21822, moz:geckodriverVersion: 0.34.0, moz:headless: true, moz:platformVersion: 10.0, moz:processID: 23160, moz:profile: C:\Users\anjuk\AppData\Loca..., moz:shutdownTimeout: 60000, moz:webdriverClick: true, moz:windowless: false, pageLoadStrategy: normal, platformName: windows, proxy: Proxy(), se:cdp: ws://127.0.0.1:21822/devtoo..., se:cdpVersion: 85.0, setWindowRect: true, strictFileInteractability: false, timeouts: {implicit: 0, pageLoad: 300000, script: 30000}, unhandledPromptBehavior: dismiss and notify, userAgent: Mozilla/5.0 (Windows NT 10....}
Element: [[FirefoxDriver: firefox on windows (4339abf4-cd11-4962-acd4-71f994537a0d)] -> xpath: //a[@href='stack']]
Session ID: 4339abf4-cd11-4962-acd4-71f994537a0d
at java.base/jdk.internal.reflect.DirectConstructorHandleAccessor.newInstance(DirectConstructorHandleAccessor.java:62)
at java.base/java.lang.reflect.Constructor.newInstanceWithCaller(Constructor.java:502)
at java.base/java.lang.reflect.Constructor.newInstance(Constructor.java:486)
at org.openqa.selenium.remote.ErrorCodec.decode(ErrorCodec.java:167)
at org.openqa.selenium.remote.codec.w3c.W3CHttpResponseCodec.decode(W3CHttpResponseCodec.java:138)
at org.openqa.selenium.remote.codec.w3c.W3CHttpResponseCodec.decode(W3CHttpResponseCodec.java:50)
at org.openqa.selenium.remote.HttpCommandExecutor.execute(HttpCommandExecutor.java:190)
at org.openqa.selenium.remote.service.DriverCommandExecutor.invokeExecute(DriverCommandExecutor.java:216)
at org.openqa.selenium.remote.service.DriverCommandExecutor.execute(DriverCommandExecutor.java:174)
at org.openqa.selenium.remote.RemoteWebDriver.execute(RemoteWebDriver.java:518)
at org.openqa.selenium.remote.RemoteWebElement.execute(RemoteWebElement.java:223)
at org.openqa.selenium.remote.RemoteWebElement.click(RemoteWebElement.java:76)
at java.base/jdk.internal.reflect.DirectMethodHandleAccessor.invoke(DirectMethodHandleAccessor.java:103)
at java.base/java.lang.reflect.Method.invoke(Method.java:580)
at org.openqa.selenium.support.pagefactory.internal.LocatingElementHandler.invoke(LocatingElementHandler.java:51)
at jdk.proxy2/jdk.proxy2.$Proxy29.click(Unknown Source)
at dsalgoPOM.DSStack_Page.StackHomePage(DSStack_Page.java:45)
at dsalgo_stepdefinition.DSStack_StepDefinition.the_user_is_on_the_stack_page(DSStack_StepDefinition.java:29)
at ✽.The user is on the stack page(file:///C:/MyDSAlgoCode/DSAlgoProject/src/test/resources/Features/DSStack.feature:13)
]]>
    </error>
  </testcase> <!-- runScenario -->
  <system-out/>
  <testcase classname="dsAlgoRunner.Runner_Test" name="runScenario" time="21.292"/>
  <system-out/>
  <testcase classname="dsAlgoRunner.Runner_Test" name="runScenario" time="16.267"/>
  <system-out/>
  <testcase classname="dsAlgoRunner.Runner_Test" name="runScenario" time="12.577"/>
  <system-out/>
  <testcase classname="dsAlgoRunner.Runner_Test" name="runScenario" time="15.919"/>
  <system-out/>
  <testcase classname="dsAlgoRunner.Runner_Test" name="runScenario" time="12.466"/>
  <system-out/>
  <testcase classname="dsAlgoRunner.Runner_Test" name="runScenario" time="26.323"/>
  <system-out/>
  <testcase classname="dsAlgoRunner.Runner_Test" name="runScenario" time="16.616">
    <error message="Element &lt;a class=&quot;align-self-end btn btn-lg btn-block btn-primary&quot; href=&quot;tree&quot;&gt; is not clickable at point (1148,682) because another element &lt;html&gt; obscures it
Build info: version: &#039;4.20.0&#039;, revision: &#039;866c76ca80&#039;
System info: os.name: &#039;Windows 11&#039;, os.arch: &#039;amd64&#039;, os.version: &#039;10.0&#039;, java.version: &#039;21.0.2&#039;
Driver info: org.openqa.selenium.firefox.FirefoxDriver
Command: [77dbc70e-2de6-4bdb-8a5d-c5056e170e05, clickElement {id=3c7fb542-ec30-4bcb-a513-39e6f1f7daae}]
Capabilities {acceptInsecureCerts: true, browserName: firefox, browserVersion: 125.0.3, moz:accessibilityChecks: false, moz:buildID: 20240425211020, moz:debuggerAddress: 127.0.0.1:6299, moz:geckodriverVersion: 0.34.0, moz:headless: true, moz:platformVersion: 10.0, moz:processID: 36104, moz:profile: C:\Users\anjuk\AppData\Loca..., moz:shutdownTimeout: 60000, moz:webdriverClick: true, moz:windowless: false, pageLoadStrategy: normal, platformName: windows, proxy: Proxy(), se:cdp: ws://127.0.0.1:6299/devtool..., se:cdpVersion: 85.0, setWindowRect: true, strictFileInteractability: false, timeouts: {implicit: 0, pageLoad: 300000, script: 30000}, unhandledPromptBehavior: dismiss and notify, userAgent: Mozilla/5.0 (Windows NT 10....}
Element: [[FirefoxDriver: firefox on windows (77dbc70e-2de6-4bdb-8a5d-c5056e170e05)] -&gt; xpath: //a[@href=&#039;tree&#039;]]
Session ID: 77dbc70e-2de6-4bdb-8a5d-c5056e170e05" type="org.openqa.selenium.ElementClickInterceptedException">
      <![CDATA[org.openqa.selenium.ElementClickInterceptedException: Element <a class="align-self-end btn btn-lg btn-block btn-primary" href="tree"> is not clickable at point (1148,682) because another element <html> obscures it
Build info: version: '4.20.0', revision: '866c76ca80'
System info: os.name: 'Windows 11', os.arch: 'amd64', os.version: '10.0', java.version: '21.0.2'
Driver info: org.openqa.selenium.firefox.FirefoxDriver
Command: [77dbc70e-2de6-4bdb-8a5d-c5056e170e05, clickElement {id=3c7fb542-ec30-4bcb-a513-39e6f1f7daae}]
Capabilities {acceptInsecureCerts: true, browserName: firefox, browserVersion: 125.0.3, moz:accessibilityChecks: false, moz:buildID: 20240425211020, moz:debuggerAddress: 127.0.0.1:6299, moz:geckodriverVersion: 0.34.0, moz:headless: true, moz:platformVersion: 10.0, moz:processID: 36104, moz:profile: C:\Users\anjuk\AppData\Loca..., moz:shutdownTimeout: 60000, moz:webdriverClick: true, moz:windowless: false, pageLoadStrategy: normal, platformName: windows, proxy: Proxy(), se:cdp: ws://127.0.0.1:6299/devtool..., se:cdpVersion: 85.0, setWindowRect: true, strictFileInteractability: false, timeouts: {implicit: 0, pageLoad: 300000, script: 30000}, unhandledPromptBehavior: dismiss and notify, userAgent: Mozilla/5.0 (Windows NT 10....}
Element: [[FirefoxDriver: firefox on windows (77dbc70e-2de6-4bdb-8a5d-c5056e170e05)] -> xpath: //a[@href='tree']]
Session ID: 77dbc70e-2de6-4bdb-8a5d-c5056e170e05
at java.base/jdk.internal.reflect.DirectConstructorHandleAccessor.newInstance(DirectConstructorHandleAccessor.java:62)
at java.base/java.lang.reflect.Constructor.newInstanceWithCaller(Constructor.java:502)
at java.base/java.lang.reflect.Constructor.newInstance(Constructor.java:486)
at org.openqa.selenium.remote.ErrorCodec.decode(ErrorCodec.java:167)
at org.openqa.selenium.remote.codec.w3c.W3CHttpResponseCodec.decode(W3CHttpResponseCodec.java:138)
at org.openqa.selenium.remote.codec.w3c.W3CHttpResponseCodec.decode(W3CHttpResponseCodec.java:50)
at org.openqa.selenium.remote.HttpCommandExecutor.execute(HttpCommandExecutor.java:190)
at org.openqa.selenium.remote.service.DriverCommandExecutor.invokeExecute(DriverCommandExecutor.java:216)
at org.openqa.selenium.remote.service.DriverCommandExecutor.execute(DriverCommandExecutor.java:174)
at org.openqa.selenium.remote.RemoteWebDriver.execute(RemoteWebDriver.java:518)
at org.openqa.selenium.remote.RemoteWebElement.execute(RemoteWebElement.java:223)
at org.openqa.selenium.remote.RemoteWebElement.click(RemoteWebElement.java:76)
at dsalgoPOM.TreePage.TreeHomePage(TreePage.java:32)
at dsalgo_stepdefinition.DSTreeStepDefinition.the_user_is_on_the_tree_page(DSTreeStepDefinition.java:28)
at ✽.The user is on the Tree page(file:///C:/MyDSAlgoCode/DSAlgoProject/src/test/resources/Features/Tree.feature:38)
]]>
    </error>
  </testcase> <!-- runScenario -->
  <system-out/>
  <testcase classname="dsAlgoRunner.Runner_Test" name="runScenario" time="9.677"/>
  <system-out/>
  <testcase classname="dsAlgoRunner.Runner_Test" name="runScenario" time="30.749">
    <error message="Element &lt;a class=&quot;align-self-end btn btn-lg btn-block btn-primary&quot; href=&quot;tree&quot;&gt; is not clickable at point (1148,682) because another element &lt;html&gt; obscures it
Build info: version: &#039;4.20.0&#039;, revision: &#039;866c76ca80&#039;
System info: os.name: &#039;Windows 11&#039;, os.arch: &#039;amd64&#039;, os.version: &#039;10.0&#039;, java.version: &#039;21.0.2&#039;
Driver info: org.openqa.selenium.firefox.FirefoxDriver
Command: [040b99cf-0f1e-4a51-b310-aebd53de3e61, clickElement {id=d15cf0dd-74c4-41c1-8681-a8ec66d9f349}]
Capabilities {acceptInsecureCerts: true, browserName: firefox, browserVersion: 125.0.3, moz:accessibilityChecks: false, moz:buildID: 20240425211020, moz:debuggerAddress: 127.0.0.1:46507, moz:geckodriverVersion: 0.34.0, moz:headless: true, moz:platformVersion: 10.0, moz:processID: 24688, moz:profile: C:\Users\anjuk\AppData\Loca..., moz:shutdownTimeout: 60000, moz:webdriverClick: true, moz:windowless: false, pageLoadStrategy: normal, platformName: windows, proxy: Proxy(), se:cdp: ws://127.0.0.1:46507/devtoo..., se:cdpVersion: 85.0, setWindowRect: true, strictFileInteractability: false, timeouts: {implicit: 0, pageLoad: 300000, script: 30000}, unhandledPromptBehavior: dismiss and notify, userAgent: Mozilla/5.0 (Windows NT 10....}
Element: [[FirefoxDriver: firefox on windows (040b99cf-0f1e-4a51-b310-aebd53de3e61)] -&gt; xpath: //a[@href=&#039;tree&#039;]]
Session ID: 040b99cf-0f1e-4a51-b310-aebd53de3e61" type="org.openqa.selenium.ElementClickInterceptedException">
      <![CDATA[org.openqa.selenium.ElementClickInterceptedException: Element <a class="align-self-end btn btn-lg btn-block btn-primary" href="tree"> is not clickable at point (1148,682) because another element <html> obscures it
Build info: version: '4.20.0', revision: '866c76ca80'
System info: os.name: 'Windows 11', os.arch: 'amd64', os.version: '10.0', java.version: '21.0.2'
Driver info: org.openqa.selenium.firefox.FirefoxDriver
Command: [040b99cf-0f1e-4a51-b310-aebd53de3e61, clickElement {id=d15cf0dd-74c4-41c1-8681-a8ec66d9f349}]
Capabilities {acceptInsecureCerts: true, browserName: firefox, browserVersion: 125.0.3, moz:accessibilityChecks: false, moz:buildID: 20240425211020, moz:debuggerAddress: 127.0.0.1:46507, moz:geckodriverVersion: 0.34.0, moz:headless: true, moz:platformVersion: 10.0, moz:processID: 24688, moz:profile: C:\Users\anjuk\AppData\Loca..., moz:shutdownTimeout: 60000, moz:webdriverClick: true, moz:windowless: false, pageLoadStrategy: normal, platformName: windows, proxy: Proxy(), se:cdp: ws://127.0.0.1:46507/devtoo..., se:cdpVersion: 85.0, setWindowRect: true, strictFileInteractability: false, timeouts: {implicit: 0, pageLoad: 300000, script: 30000}, unhandledPromptBehavior: dismiss and notify, userAgent: Mozilla/5.0 (Windows NT 10....}
Element: [[FirefoxDriver: firefox on windows (040b99cf-0f1e-4a51-b310-aebd53de3e61)] -> xpath: //a[@href='tree']]
Session ID: 040b99cf-0f1e-4a51-b310-aebd53de3e61
at java.base/jdk.internal.reflect.DirectConstructorHandleAccessor.newInstance(DirectConstructorHandleAccessor.java:62)
at java.base/java.lang.reflect.Constructor.newInstanceWithCaller(Constructor.java:502)
at java.base/java.lang.reflect.Constructor.newInstance(Constructor.java:486)
at org.openqa.selenium.remote.ErrorCodec.decode(ErrorCodec.java:167)
at org.openqa.selenium.remote.codec.w3c.W3CHttpResponseCodec.decode(W3CHttpResponseCodec.java:138)
at org.openqa.selenium.remote.codec.w3c.W3CHttpResponseCodec.decode(W3CHttpResponseCodec.java:50)
at org.openqa.selenium.remote.HttpCommandExecutor.execute(HttpCommandExecutor.java:190)
at org.openqa.selenium.remote.service.DriverCommandExecutor.invokeExecute(DriverCommandExecutor.java:216)
at org.openqa.selenium.remote.service.DriverCommandExecutor.execute(DriverCommandExecutor.java:174)
at org.openqa.selenium.remote.RemoteWebDriver.execute(RemoteWebDriver.java:518)
at org.openqa.selenium.remote.RemoteWebElement.execute(RemoteWebElement.java:223)
at org.openqa.selenium.remote.RemoteWebElement.click(RemoteWebElement.java:76)
at dsalgoPOM.TreePage.TreeHomePage(TreePage.java:32)
at dsalgo_stepdefinition.DSTreeStepDefinition.the_user_is_on_the_tree_page(DSTreeStepDefinition.java:28)
at ✽.The user is on the Tree page(file:///C:/MyDSAlgoCode/DSAlgoProject/src/test/resources/Features/Tree.feature:13)
]]>
    </error>
  </testcase> <!-- runScenario -->
  <system-out/>
  <testcase classname="dsAlgoRunner.Runner_Test" name="runScenario" time="12.085"/>
  <system-out/>
  <testcase classname="dsAlgoRunner.Runner_Test" name="runScenario" time="6.212"/>
  <system-out/>
  <testcase classname="dsAlgoRunner.Runner_Test" name="runScenario" time="16.631"/>
  <system-out/>
  <testcase classname="dsAlgoRunner.Runner_Test" name="runScenario" time="8.036"/>
  <system-out/>
  <testcase classname="dsAlgoRunner.Runner_Test" name="runScenario" time="19.968">
    <error message="Element &lt;a class=&quot;align-self-end btn btn-lg btn-block btn-primary&quot; href=&quot;queue&quot;&gt; is not clickable at point (682,682) because another element &lt;html&gt; obscures it
Build info: version: &#039;4.20.0&#039;, revision: &#039;866c76ca80&#039;
System info: os.name: &#039;Windows 11&#039;, os.arch: &#039;amd64&#039;, os.version: &#039;10.0&#039;, java.version: &#039;21.0.2&#039;
Driver info: org.openqa.selenium.firefox.FirefoxDriver
Command: [15b9ca43-edfc-4fdd-a86f-e39d699b66dd, clickElement {id=5d241ae0-afe9-42e2-9fed-62650dbe9733}]
Capabilities {acceptInsecureCerts: true, browserName: firefox, browserVersion: 125.0.3, moz:accessibilityChecks: false, moz:buildID: 20240425211020, moz:debuggerAddress: 127.0.0.1:47183, moz:geckodriverVersion: 0.34.0, moz:headless: true, moz:platformVersion: 10.0, moz:processID: 31152, moz:profile: C:\Users\anjuk\AppData\Loca..., moz:shutdownTimeout: 60000, moz:webdriverClick: true, moz:windowless: false, pageLoadStrategy: normal, platformName: windows, proxy: Proxy(), se:cdp: ws://127.0.0.1:47183/devtoo..., se:cdpVersion: 85.0, setWindowRect: true, strictFileInteractability: false, timeouts: {implicit: 0, pageLoad: 300000, script: 30000}, unhandledPromptBehavior: dismiss and notify, userAgent: Mozilla/5.0 (Windows NT 10....}
Element: [[FirefoxDriver: firefox on windows (15b9ca43-edfc-4fdd-a86f-e39d699b66dd)] -&gt; xpath: //a[@href=&#039;queue&#039;]]
Session ID: 15b9ca43-edfc-4fdd-a86f-e39d699b66dd" type="org.openqa.selenium.ElementClickInterceptedException">
      <![CDATA[org.openqa.selenium.ElementClickInterceptedException: Element <a class="align-self-end btn btn-lg btn-block btn-primary" href="queue"> is not clickable at point (682,682) because another element <html> obscures it
Build info: version: '4.20.0', revision: '866c76ca80'
System info: os.name: 'Windows 11', os.arch: 'amd64', os.version: '10.0', java.version: '21.0.2'
Driver info: org.openqa.selenium.firefox.FirefoxDriver
Command: [15b9ca43-edfc-4fdd-a86f-e39d699b66dd, clickElement {id=5d241ae0-afe9-42e2-9fed-62650dbe9733}]
Capabilities {acceptInsecureCerts: true, browserName: firefox, browserVersion: 125.0.3, moz:accessibilityChecks: false, moz:buildID: 20240425211020, moz:debuggerAddress: 127.0.0.1:47183, moz:geckodriverVersion: 0.34.0, moz:headless: true, moz:platformVersion: 10.0, moz:processID: 31152, moz:profile: C:\Users\anjuk\AppData\Loca..., moz:shutdownTimeout: 60000, moz:webdriverClick: true, moz:windowless: false, pageLoadStrategy: normal, platformName: windows, proxy: Proxy(), se:cdp: ws://127.0.0.1:47183/devtoo..., se:cdpVersion: 85.0, setWindowRect: true, strictFileInteractability: false, timeouts: {implicit: 0, pageLoad: 300000, script: 30000}, unhandledPromptBehavior: dismiss and notify, userAgent: Mozilla/5.0 (Windows NT 10....}
Element: [[FirefoxDriver: firefox on windows (15b9ca43-edfc-4fdd-a86f-e39d699b66dd)] -> xpath: //a[@href='queue']]
Session ID: 15b9ca43-edfc-4fdd-a86f-e39d699b66dd
at java.base/jdk.internal.reflect.DirectConstructorHandleAccessor.newInstance(DirectConstructorHandleAccessor.java:62)
at java.base/java.lang.reflect.Constructor.newInstanceWithCaller(Constructor.java:502)
at java.base/java.lang.reflect.Constructor.newInstance(Constructor.java:486)
at org.openqa.selenium.remote.ErrorCodec.decode(ErrorCodec.java:167)
at org.openqa.selenium.remote.codec.w3c.W3CHttpResponseCodec.decode(W3CHttpResponseCodec.java:138)
at org.openqa.selenium.remote.codec.w3c.W3CHttpResponseCodec.decode(W3CHttpResponseCodec.java:50)
at org.openqa.selenium.remote.HttpCommandExecutor.execute(HttpCommandExecutor.java:190)
at org.openqa.selenium.remote.service.DriverCommandExecutor.invokeExecute(DriverCommandExecutor.java:216)
at org.openqa.selenium.remote.service.DriverCommandExecutor.execute(DriverCommandExecutor.java:174)
at org.openqa.selenium.remote.RemoteWebDriver.execute(RemoteWebDriver.java:518)
at org.openqa.selenium.remote.RemoteWebElement.execute(RemoteWebElement.java:223)
at org.openqa.selenium.remote.RemoteWebElement.click(RemoteWebElement.java:76)
at dsalgoPOM.QueuePage.QueuehomePage(QueuePage.java:35)
at dsalgo_stepdefinition.QueuePage_stepdefination.the_user_is_on_the_queue_page(QueuePage_stepdefination.java:28)
at ✽.The user is on the queue page(file:///C:/MyDSAlgoCode/DSAlgoProject/src/test/resources/Features/Queue.feature:33)
]]>
    </error>
  </testcase> <!-- runScenario -->
  <system-out/>
  <testcase classname="dsAlgoRunner.Runner_Test" name="runScenario" time="5.915"/>
  <system-out/>
  <testcase classname="dsAlgoRunner.Runner_Test" name="runScenario" time="9.679"/>
  <system-out/>
  <testcase classname="dsAlgoRunner.Runner_Test" name="runScenario" time="15.372"/>
  <system-out/>
  <testcase classname="dsAlgoRunner.Runner_Test" name="runScenario" time="25.614"/>
  <system-out/>
  <testcase classname="dsAlgoRunner.Runner_Test" name="runScenario" time="27.797"/>
  <system-out/>
  <testcase classname="dsAlgoRunner.Runner_Test" name="runScenario" time="5.171"/>
  <system-out/>
  <testcase classname="dsAlgoRunner.Runner_Test" name="runScenario" time="6.708"/>
  <system-out/>
  <testcase classname="dsAlgoRunner.Runner_Test" name="runScenario" time="7.858"/>
  <system-out/>
  <testcase classname="dsAlgoRunner.Runner_Test" name="runScenario" time="25.151"/>
  <system-out/>
  <testcase classname="dsAlgoRunner.Runner_Test" name="runScenario" time="5.076"/>
  <system-out/>
  <testcase classname="dsAlgoRunner.Runner_Test" name="runScenario" time="6.183"/>
  <system-out/>
  <testcase classname="dsAlgoRunner.Runner_Test" name="runScenario" time="5.362"/>
  <system-out/>
  <testcase classname="dsAlgoRunner.Runner_Test" name="runScenario" time="19.900"/>
  <system-out/>
  <testcase classname="dsAlgoRunner.Runner_Test" name="runScenario" time="7.278">
    <error message="Element &lt;a class=&quot;align-self-end btn btn-lg btn-block btn-primary&quot; href=&quot;tree&quot;&gt; is not clickable at point (1148,682) because another element &lt;html&gt; obscures it
Build info: version: &#039;4.20.0&#039;, revision: &#039;866c76ca80&#039;
System info: os.name: &#039;Windows 11&#039;, os.arch: &#039;amd64&#039;, os.version: &#039;10.0&#039;, java.version: &#039;21.0.2&#039;
Driver info: org.openqa.selenium.firefox.FirefoxDriver
Command: [065e934f-f6c3-4ac2-9f48-6f34570db253, clickElement {id=e1249324-3d75-417b-bd7f-54bdd8b300ac}]
Capabilities {acceptInsecureCerts: true, browserName: firefox, browserVersion: 125.0.3, moz:accessibilityChecks: false, moz:buildID: 20240425211020, moz:debuggerAddress: 127.0.0.1:1400, moz:geckodriverVersion: 0.34.0, moz:headless: true, moz:platformVersion: 10.0, moz:processID: 29380, moz:profile: C:\Users\anjuk\AppData\Loca..., moz:shutdownTimeout: 60000, moz:webdriverClick: true, moz:windowless: false, pageLoadStrategy: normal, platformName: windows, proxy: Proxy(), se:cdp: ws://127.0.0.1:1400/devtool..., se:cdpVersion: 85.0, setWindowRect: true, strictFileInteractability: false, timeouts: {implicit: 0, pageLoad: 300000, script: 30000}, unhandledPromptBehavior: dismiss and notify, userAgent: Mozilla/5.0 (Windows NT 10....}
Element: [[FirefoxDriver: firefox on windows (065e934f-f6c3-4ac2-9f48-6f34570db253)] -&gt; xpath: //a[@href=&#039;tree&#039;]]
Session ID: 065e934f-f6c3-4ac2-9f48-6f34570db253" type="org.openqa.selenium.ElementClickInterceptedException">
      <![CDATA[org.openqa.selenium.ElementClickInterceptedException: Element <a class="align-self-end btn btn-lg btn-block btn-primary" href="tree"> is not clickable at point (1148,682) because another element <html> obscures it
Build info: version: '4.20.0', revision: '866c76ca80'
System info: os.name: 'Windows 11', os.arch: 'amd64', os.version: '10.0', java.version: '21.0.2'
Driver info: org.openqa.selenium.firefox.FirefoxDriver
Command: [065e934f-f6c3-4ac2-9f48-6f34570db253, clickElement {id=e1249324-3d75-417b-bd7f-54bdd8b300ac}]
Capabilities {acceptInsecureCerts: true, browserName: firefox, browserVersion: 125.0.3, moz:accessibilityChecks: false, moz:buildID: 20240425211020, moz:debuggerAddress: 127.0.0.1:1400, moz:geckodriverVersion: 0.34.0, moz:headless: true, moz:platformVersion: 10.0, moz:processID: 29380, moz:profile: C:\Users\anjuk\AppData\Loca..., moz:shutdownTimeout: 60000, moz:webdriverClick: true, moz:windowless: false, pageLoadStrategy: normal, platformName: windows, proxy: Proxy(), se:cdp: ws://127.0.0.1:1400/devtool..., se:cdpVersion: 85.0, setWindowRect: true, strictFileInteractability: false, timeouts: {implicit: 0, pageLoad: 300000, script: 30000}, unhandledPromptBehavior: dismiss and notify, userAgent: Mozilla/5.0 (Windows NT 10....}
Element: [[FirefoxDriver: firefox on windows (065e934f-f6c3-4ac2-9f48-6f34570db253)] -> xpath: //a[@href='tree']]
Session ID: 065e934f-f6c3-4ac2-9f48-6f34570db253
at java.base/jdk.internal.reflect.DirectConstructorHandleAccessor.newInstance(DirectConstructorHandleAccessor.java:62)
at java.base/java.lang.reflect.Constructor.newInstanceWithCaller(Constructor.java:502)
at java.base/java.lang.reflect.Constructor.newInstance(Constructor.java:486)
at org.openqa.selenium.remote.ErrorCodec.decode(ErrorCodec.java:167)
at org.openqa.selenium.remote.codec.w3c.W3CHttpResponseCodec.decode(W3CHttpResponseCodec.java:138)
at org.openqa.selenium.remote.codec.w3c.W3CHttpResponseCodec.decode(W3CHttpResponseCodec.java:50)
at org.openqa.selenium.remote.HttpCommandExecutor.execute(HttpCommandExecutor.java:190)
at org.openqa.selenium.remote.service.DriverCommandExecutor.invokeExecute(DriverCommandExecutor.java:216)
at org.openqa.selenium.remote.service.DriverCommandExecutor.execute(DriverCommandExecutor.java:174)
at org.openqa.selenium.remote.RemoteWebDriver.execute(RemoteWebDriver.java:518)
at org.openqa.selenium.remote.RemoteWebElement.execute(RemoteWebElement.java:223)
at org.openqa.selenium.remote.RemoteWebElement.click(RemoteWebElement.java:76)
at dsalgoPOM.TreePage.TreeHomePage(TreePage.java:32)
at dsalgo_stepdefinition.DSTreeStepDefinition.the_user_is_on_the_tree_page(DSTreeStepDefinition.java:28)
at ✽.The user is on the Tree page(file:///C:/MyDSAlgoCode/DSAlgoProject/src/test/resources/Features/Tree.feature:38)
]]>
    </error>
  </testcase> <!-- runScenario -->
  <system-out/>
  <testcase classname="dsAlgoRunner.Runner_Test" name="runScenario" time="7.821"/>
  <system-out/>
  <testcase classname="dsAlgoRunner.Runner_Test" name="runScenario" time="6.624"/>
  <system-out/>
  <testcase classname="dsAlgoRunner.Runner_Test" name="runScenario" time="19.993">
    <error message="Element &lt;a class=&quot;align-self-end btn btn-lg btn-block btn-primary&quot; href=&quot;queue&quot;&gt; is not clickable at point (682,682) because another element &lt;html&gt; obscures it
Build info: version: &#039;4.20.0&#039;, revision: &#039;866c76ca80&#039;
System info: os.name: &#039;Windows 11&#039;, os.arch: &#039;amd64&#039;, os.version: &#039;10.0&#039;, java.version: &#039;21.0.2&#039;
Driver info: org.openqa.selenium.firefox.FirefoxDriver
Command: [97acb08e-0e0e-4458-b2de-3fe100595fbd, clickElement {id=c32ea1bf-9981-4a58-9586-45d4f8f829de}]
Capabilities {acceptInsecureCerts: true, browserName: firefox, browserVersion: 125.0.3, moz:accessibilityChecks: false, moz:buildID: 20240425211020, moz:debuggerAddress: 127.0.0.1:49012, moz:geckodriverVersion: 0.34.0, moz:headless: true, moz:platformVersion: 10.0, moz:processID: 31900, moz:profile: C:\Users\anjuk\AppData\Loca..., moz:shutdownTimeout: 60000, moz:webdriverClick: true, moz:windowless: false, pageLoadStrategy: normal, platformName: windows, proxy: Proxy(), se:cdp: ws://127.0.0.1:49012/devtoo..., se:cdpVersion: 85.0, setWindowRect: true, strictFileInteractability: false, timeouts: {implicit: 0, pageLoad: 300000, script: 30000}, unhandledPromptBehavior: dismiss and notify, userAgent: Mozilla/5.0 (Windows NT 10....}
Element: [[FirefoxDriver: firefox on windows (97acb08e-0e0e-4458-b2de-3fe100595fbd)] -&gt; xpath: //a[@href=&#039;queue&#039;]]
Session ID: 97acb08e-0e0e-4458-b2de-3fe100595fbd" type="org.openqa.selenium.ElementClickInterceptedException">
      <![CDATA[org.openqa.selenium.ElementClickInterceptedException: Element <a class="align-self-end btn btn-lg btn-block btn-primary" href="queue"> is not clickable at point (682,682) because another element <html> obscures it
Build info: version: '4.20.0', revision: '866c76ca80'
System info: os.name: 'Windows 11', os.arch: 'amd64', os.version: '10.0', java.version: '21.0.2'
Driver info: org.openqa.selenium.firefox.FirefoxDriver
Command: [97acb08e-0e0e-4458-b2de-3fe100595fbd, clickElement {id=c32ea1bf-9981-4a58-9586-45d4f8f829de}]
Capabilities {acceptInsecureCerts: true, browserName: firefox, browserVersion: 125.0.3, moz:accessibilityChecks: false, moz:buildID: 20240425211020, moz:debuggerAddress: 127.0.0.1:49012, moz:geckodriverVersion: 0.34.0, moz:headless: true, moz:platformVersion: 10.0, moz:processID: 31900, moz:profile: C:\Users\anjuk\AppData\Loca..., moz:shutdownTimeout: 60000, moz:webdriverClick: true, moz:windowless: false, pageLoadStrategy: normal, platformName: windows, proxy: Proxy(), se:cdp: ws://127.0.0.1:49012/devtoo..., se:cdpVersion: 85.0, setWindowRect: true, strictFileInteractability: false, timeouts: {implicit: 0, pageLoad: 300000, script: 30000}, unhandledPromptBehavior: dismiss and notify, userAgent: Mozilla/5.0 (Windows NT 10....}
Element: [[FirefoxDriver: firefox on windows (97acb08e-0e0e-4458-b2de-3fe100595fbd)] -> xpath: //a[@href='queue']]
Session ID: 97acb08e-0e0e-4458-b2de-3fe100595fbd
at java.base/jdk.internal.reflect.DirectConstructorHandleAccessor.newInstance(DirectConstructorHandleAccessor.java:62)
at java.base/java.lang.reflect.Constructor.newInstanceWithCaller(Constructor.java:502)
at java.base/java.lang.reflect.Constructor.newInstance(Constructor.java:486)
at org.openqa.selenium.remote.ErrorCodec.decode(ErrorCodec.java:167)
at org.openqa.selenium.remote.codec.w3c.W3CHttpResponseCodec.decode(W3CHttpResponseCodec.java:138)
at org.openqa.selenium.remote.codec.w3c.W3CHttpResponseCodec.decode(W3CHttpResponseCodec.java:50)
at org.openqa.selenium.remote.HttpCommandExecutor.execute(HttpCommandExecutor.java:190)
at org.openqa.selenium.remote.service.DriverCommandExecutor.invokeExecute(DriverCommandExecutor.java:216)
at org.openqa.selenium.remote.service.DriverCommandExecutor.execute(DriverCommandExecutor.java:174)
at org.openqa.selenium.remote.RemoteWebDriver.execute(RemoteWebDriver.java:518)
at org.openqa.selenium.remote.RemoteWebElement.execute(RemoteWebElement.java:223)
at org.openqa.selenium.remote.RemoteWebElement.click(RemoteWebElement.java:76)
at dsalgoPOM.QueuePage.QueuehomePage(QueuePage.java:35)
at dsalgo_stepdefinition.QueuePage_stepdefination.the_user_is_on_the_queue_page(QueuePage_stepdefination.java:28)
at ✽.The user is on the queue page(file:///C:/MyDSAlgoCode/DSAlgoProject/src/test/resources/Features/Queue.feature:33)
]]>
    </error>
  </testcase> <!-- runScenario -->
  <system-out/>
  <testcase classname="dsAlgoRunner.Runner_Test" name="runScenario" time="22.721"/>
  <system-out/>
  <testcase classname="dsAlgoRunner.Runner_Test" name="runScenario" time="23.682">
    <error message="Element &lt;a class=&quot;align-self-end btn btn-lg btn-block btn-primary&quot; href=&quot;queue&quot;&gt; is not clickable at point (682,682) because another element &lt;html&gt; obscures it
Build info: version: &#039;4.20.0&#039;, revision: &#039;866c76ca80&#039;
System info: os.name: &#039;Windows 11&#039;, os.arch: &#039;amd64&#039;, os.version: &#039;10.0&#039;, java.version: &#039;21.0.2&#039;
Driver info: org.openqa.selenium.firefox.FirefoxDriver
Command: [300d200a-a274-4936-91f8-07299879005d, clickElement {id=2340fc3e-a125-4816-9db1-a5350b3d297d}]
Capabilities {acceptInsecureCerts: true, browserName: firefox, browserVersion: 125.0.3, moz:accessibilityChecks: false, moz:buildID: 20240425211020, moz:debuggerAddress: 127.0.0.1:8567, moz:geckodriverVersion: 0.34.0, moz:headless: true, moz:platformVersion: 10.0, moz:processID: 31312, moz:profile: C:\Users\anjuk\AppData\Loca..., moz:shutdownTimeout: 60000, moz:webdriverClick: true, moz:windowless: false, pageLoadStrategy: normal, platformName: windows, proxy: Proxy(), se:cdp: ws://127.0.0.1:8567/devtool..., se:cdpVersion: 85.0, setWindowRect: true, strictFileInteractability: false, timeouts: {implicit: 0, pageLoad: 300000, script: 30000}, unhandledPromptBehavior: dismiss and notify, userAgent: Mozilla/5.0 (Windows NT 10....}
Element: [[FirefoxDriver: firefox on windows (300d200a-a274-4936-91f8-07299879005d)] -&gt; xpath: //a[@href=&#039;queue&#039;]]
Session ID: 300d200a-a274-4936-91f8-07299879005d" type="org.openqa.selenium.ElementClickInterceptedException">
      <![CDATA[org.openqa.selenium.ElementClickInterceptedException: Element <a class="align-self-end btn btn-lg btn-block btn-primary" href="queue"> is not clickable at point (682,682) because another element <html> obscures it
Build info: version: '4.20.0', revision: '866c76ca80'
System info: os.name: 'Windows 11', os.arch: 'amd64', os.version: '10.0', java.version: '21.0.2'
Driver info: org.openqa.selenium.firefox.FirefoxDriver
Command: [300d200a-a274-4936-91f8-07299879005d, clickElement {id=2340fc3e-a125-4816-9db1-a5350b3d297d}]
Capabilities {acceptInsecureCerts: true, browserName: firefox, browserVersion: 125.0.3, moz:accessibilityChecks: false, moz:buildID: 20240425211020, moz:debuggerAddress: 127.0.0.1:8567, moz:geckodriverVersion: 0.34.0, moz:headless: true, moz:platformVersion: 10.0, moz:processID: 31312, moz:profile: C:\Users\anjuk\AppData\Loca..., moz:shutdownTimeout: 60000, moz:webdriverClick: true, moz:windowless: false, pageLoadStrategy: normal, platformName: windows, proxy: Proxy(), se:cdp: ws://127.0.0.1:8567/devtool..., se:cdpVersion: 85.0, setWindowRect: true, strictFileInteractability: false, timeouts: {implicit: 0, pageLoad: 300000, script: 30000}, unhandledPromptBehavior: dismiss and notify, userAgent: Mozilla/5.0 (Windows NT 10....}
Element: [[FirefoxDriver: firefox on windows (300d200a-a274-4936-91f8-07299879005d)] -> xpath: //a[@href='queue']]
Session ID: 300d200a-a274-4936-91f8-07299879005d
at java.base/jdk.internal.reflect.DirectConstructorHandleAccessor.newInstance(DirectConstructorHandleAccessor.java:62)
at java.base/java.lang.reflect.Constructor.newInstanceWithCaller(Constructor.java:502)
at java.base/java.lang.reflect.Constructor.newInstance(Constructor.java:486)
at org.openqa.selenium.remote.ErrorCodec.decode(ErrorCodec.java:167)
at org.openqa.selenium.remote.codec.w3c.W3CHttpResponseCodec.decode(W3CHttpResponseCodec.java:138)
at org.openqa.selenium.remote.codec.w3c.W3CHttpResponseCodec.decode(W3CHttpResponseCodec.java:50)
at org.openqa.selenium.remote.HttpCommandExecutor.execute(HttpCommandExecutor.java:190)
at org.openqa.selenium.remote.service.DriverCommandExecutor.invokeExecute(DriverCommandExecutor.java:216)
at org.openqa.selenium.remote.service.DriverCommandExecutor.execute(DriverCommandExecutor.java:174)
at org.openqa.selenium.remote.RemoteWebDriver.execute(RemoteWebDriver.java:518)
at org.openqa.selenium.remote.RemoteWebElement.execute(RemoteWebElement.java:223)
at org.openqa.selenium.remote.RemoteWebElement.click(RemoteWebElement.java:76)
at dsalgoPOM.QueuePage.QueuehomePage(QueuePage.java:35)
at dsalgo_stepdefinition.QueuePage_stepdefination.the_user_is_on_the_queue_page(QueuePage_stepdefination.java:28)
at ✽.The user is on the queue page(file:///C:/MyDSAlgoCode/DSAlgoProject/src/test/resources/Features/Queue.feature:15)
]]>
    </error>
  </testcase> <!-- runScenario -->
  <system-out/>
  <testcase classname="dsAlgoRunner.Runner_Test" name="runScenario" time="18.996">
    <error message="Element &lt;a class=&quot;align-self-end btn btn-lg btn-block btn-primary&quot; href=&quot;stack&quot;&gt; is not clickable at point (217,682) because another element &lt;html&gt; obscures it
Build info: version: &#039;4.20.0&#039;, revision: &#039;866c76ca80&#039;
System info: os.name: &#039;Windows 11&#039;, os.arch: &#039;amd64&#039;, os.version: &#039;10.0&#039;, java.version: &#039;21.0.2&#039;
Driver info: org.openqa.selenium.firefox.FirefoxDriver
Command: [b2d378fc-596e-4d84-a1d1-61bd60eb9c15, clickElement {id=fbdcd9e1-2778-4af6-bef0-0319ef16e798}]
Capabilities {acceptInsecureCerts: true, browserName: firefox, browserVersion: 125.0.3, moz:accessibilityChecks: false, moz:buildID: 20240425211020, moz:debuggerAddress: 127.0.0.1:32922, moz:geckodriverVersion: 0.34.0, moz:headless: true, moz:platformVersion: 10.0, moz:processID: 28544, moz:profile: C:\Users\anjuk\AppData\Loca..., moz:shutdownTimeout: 60000, moz:webdriverClick: true, moz:windowless: false, pageLoadStrategy: normal, platformName: windows, proxy: Proxy(), se:cdp: ws://127.0.0.1:32922/devtoo..., se:cdpVersion: 85.0, setWindowRect: true, strictFileInteractability: false, timeouts: {implicit: 0, pageLoad: 300000, script: 30000}, unhandledPromptBehavior: dismiss and notify, userAgent: Mozilla/5.0 (Windows NT 10....}
Element: [[FirefoxDriver: firefox on windows (b2d378fc-596e-4d84-a1d1-61bd60eb9c15)] -&gt; xpath: //a[@href=&#039;stack&#039;]]
Session ID: b2d378fc-596e-4d84-a1d1-61bd60eb9c15" type="org.openqa.selenium.ElementClickInterceptedException">
      <![CDATA[org.openqa.selenium.ElementClickInterceptedException: Element <a class="align-self-end btn btn-lg btn-block btn-primary" href="stack"> is not clickable at point (217,682) because another element <html> obscures it
Build info: version: '4.20.0', revision: '866c76ca80'
System info: os.name: 'Windows 11', os.arch: 'amd64', os.version: '10.0', java.version: '21.0.2'
Driver info: org.openqa.selenium.firefox.FirefoxDriver
Command: [b2d378fc-596e-4d84-a1d1-61bd60eb9c15, clickElement {id=fbdcd9e1-2778-4af6-bef0-0319ef16e798}]
Capabilities {acceptInsecureCerts: true, browserName: firefox, browserVersion: 125.0.3, moz:accessibilityChecks: false, moz:buildID: 20240425211020, moz:debuggerAddress: 127.0.0.1:32922, moz:geckodriverVersion: 0.34.0, moz:headless: true, moz:platformVersion: 10.0, moz:processID: 28544, moz:profile: C:\Users\anjuk\AppData\Loca..., moz:shutdownTimeout: 60000, moz:webdriverClick: true, moz:windowless: false, pageLoadStrategy: normal, platformName: windows, proxy: Proxy(), se:cdp: ws://127.0.0.1:32922/devtoo..., se:cdpVersion: 85.0, setWindowRect: true, strictFileInteractability: false, timeouts: {implicit: 0, pageLoad: 300000, script: 30000}, unhandledPromptBehavior: dismiss and notify, userAgent: Mozilla/5.0 (Windows NT 10....}
Element: [[FirefoxDriver: firefox on windows (b2d378fc-596e-4d84-a1d1-61bd60eb9c15)] -> xpath: //a[@href='stack']]
Session ID: b2d378fc-596e-4d84-a1d1-61bd60eb9c15
at java.base/jdk.internal.reflect.DirectConstructorHandleAccessor.newInstance(DirectConstructorHandleAccessor.java:62)
at java.base/java.lang.reflect.Constructor.newInstanceWithCaller(Constructor.java:502)
at java.base/java.lang.reflect.Constructor.newInstance(Constructor.java:486)
at org.openqa.selenium.remote.ErrorCodec.decode(ErrorCodec.java:167)
at org.openqa.selenium.remote.codec.w3c.W3CHttpResponseCodec.decode(W3CHttpResponseCodec.java:138)
at org.openqa.selenium.remote.codec.w3c.W3CHttpResponseCodec.decode(W3CHttpResponseCodec.java:50)
at org.openqa.selenium.remote.HttpCommandExecutor.execute(HttpCommandExecutor.java:190)
at org.openqa.selenium.remote.service.DriverCommandExecutor.invokeExecute(DriverCommandExecutor.java:216)
at org.openqa.selenium.remote.service.DriverCommandExecutor.execute(DriverCommandExecutor.java:174)
at org.openqa.selenium.remote.RemoteWebDriver.execute(RemoteWebDriver.java:518)
at org.openqa.selenium.remote.RemoteWebElement.execute(RemoteWebElement.java:223)
at org.openqa.selenium.remote.RemoteWebElement.click(RemoteWebElement.java:76)
at java.base/jdk.internal.reflect.DirectMethodHandleAccessor.invoke(DirectMethodHandleAccessor.java:103)
at java.base/java.lang.reflect.Method.invoke(Method.java:580)
at org.openqa.selenium.support.pagefactory.internal.LocatingElementHandler.invoke(LocatingElementHandler.java:51)
at jdk.proxy2/jdk.proxy2.$Proxy29.click(Unknown Source)
at dsalgoPOM.DSStack_Page.StackHomePage(DSStack_Page.java:45)
at dsalgo_stepdefinition.DSStack_StepDefinition.the_user_is_on_the_stack_page(DSStack_StepDefinition.java:29)
at ✽.The user is on the stack page(file:///C:/MyDSAlgoCode/DSAlgoProject/src/test/resources/Features/DSStack.feature:13)
]]>
    </error>
  </testcase> <!-- runScenario -->
  <system-out/>
  <testcase classname="dsAlgoRunner.Runner_Test" name="runScenario" time="15.297">
    <error message="Element &lt;a class=&quot;align-self-end btn btn-lg btn-block btn-primary&quot; href=&quot;tree&quot;&gt; is not clickable at point (1148,682) because another element &lt;html&gt; obscures it
Build info: version: &#039;4.20.0&#039;, revision: &#039;866c76ca80&#039;
System info: os.name: &#039;Windows 11&#039;, os.arch: &#039;amd64&#039;, os.version: &#039;10.0&#039;, java.version: &#039;21.0.2&#039;
Driver info: org.openqa.selenium.firefox.FirefoxDriver
Command: [c48f0dad-91bd-4202-90d0-724cb3d1b747, clickElement {id=b7aa2f9e-d0b8-463a-aec1-9b6d69b5781f}]
Capabilities {acceptInsecureCerts: true, browserName: firefox, browserVersion: 125.0.3, moz:accessibilityChecks: false, moz:buildID: 20240425211020, moz:debuggerAddress: 127.0.0.1:17400, moz:geckodriverVersion: 0.34.0, moz:headless: true, moz:platformVersion: 10.0, moz:processID: 31628, moz:profile: C:\Users\anjuk\AppData\Loca..., moz:shutdownTimeout: 60000, moz:webdriverClick: true, moz:windowless: false, pageLoadStrategy: normal, platformName: windows, proxy: Proxy(), se:cdp: ws://127.0.0.1:17400/devtoo..., se:cdpVersion: 85.0, setWindowRect: true, strictFileInteractability: false, timeouts: {implicit: 0, pageLoad: 300000, script: 30000}, unhandledPromptBehavior: dismiss and notify, userAgent: Mozilla/5.0 (Windows NT 10....}
Element: [[FirefoxDriver: firefox on windows (c48f0dad-91bd-4202-90d0-724cb3d1b747)] -&gt; xpath: //a[@href=&#039;tree&#039;]]
Session ID: c48f0dad-91bd-4202-90d0-724cb3d1b747" type="org.openqa.selenium.ElementClickInterceptedException">
      <![CDATA[org.openqa.selenium.ElementClickInterceptedException: Element <a class="align-self-end btn btn-lg btn-block btn-primary" href="tree"> is not clickable at point (1148,682) because another element <html> obscures it
Build info: version: '4.20.0', revision: '866c76ca80'
System info: os.name: 'Windows 11', os.arch: 'amd64', os.version: '10.0', java.version: '21.0.2'
Driver info: org.openqa.selenium.firefox.FirefoxDriver
Command: [c48f0dad-91bd-4202-90d0-724cb3d1b747, clickElement {id=b7aa2f9e-d0b8-463a-aec1-9b6d69b5781f}]
Capabilities {acceptInsecureCerts: true, browserName: firefox, browserVersion: 125.0.3, moz:accessibilityChecks: false, moz:buildID: 20240425211020, moz:debuggerAddress: 127.0.0.1:17400, moz:geckodriverVersion: 0.34.0, moz:headless: true, moz:platformVersion: 10.0, moz:processID: 31628, moz:profile: C:\Users\anjuk\AppData\Loca..., moz:shutdownTimeout: 60000, moz:webdriverClick: true, moz:windowless: false, pageLoadStrategy: normal, platformName: windows, proxy: Proxy(), se:cdp: ws://127.0.0.1:17400/devtoo..., se:cdpVersion: 85.0, setWindowRect: true, strictFileInteractability: false, timeouts: {implicit: 0, pageLoad: 300000, script: 30000}, unhandledPromptBehavior: dismiss and notify, userAgent: Mozilla/5.0 (Windows NT 10....}
Element: [[FirefoxDriver: firefox on windows (c48f0dad-91bd-4202-90d0-724cb3d1b747)] -> xpath: //a[@href='tree']]
Session ID: c48f0dad-91bd-4202-90d0-724cb3d1b747
at java.base/jdk.internal.reflect.DirectConstructorHandleAccessor.newInstance(DirectConstructorHandleAccessor.java:62)
at java.base/java.lang.reflect.Constructor.newInstanceWithCaller(Constructor.java:502)
at java.base/java.lang.reflect.Constructor.newInstance(Constructor.java:486)
at org.openqa.selenium.remote.ErrorCodec.decode(ErrorCodec.java:167)
at org.openqa.selenium.remote.codec.w3c.W3CHttpResponseCodec.decode(W3CHttpResponseCodec.java:138)
at org.openqa.selenium.remote.codec.w3c.W3CHttpResponseCodec.decode(W3CHttpResponseCodec.java:50)
at org.openqa.selenium.remote.HttpCommandExecutor.execute(HttpCommandExecutor.java:190)
at org.openqa.selenium.remote.service.DriverCommandExecutor.invokeExecute(DriverCommandExecutor.java:216)
at org.openqa.selenium.remote.service.DriverCommandExecutor.execute(DriverCommandExecutor.java:174)
at org.openqa.selenium.remote.RemoteWebDriver.execute(RemoteWebDriver.java:518)
at org.openqa.selenium.remote.RemoteWebElement.execute(RemoteWebElement.java:223)
at org.openqa.selenium.remote.RemoteWebElement.click(RemoteWebElement.java:76)
at dsalgoPOM.TreePage.TreeHomePage(TreePage.java:32)
at dsalgo_stepdefinition.DSTreeStepDefinition.the_user_is_on_the_tree_page(DSTreeStepDefinition.java:28)
at ✽.The user is on the Tree page(file:///C:/MyDSAlgoCode/DSAlgoProject/src/test/resources/Features/Tree.feature:38)
]]>
    </error>
  </testcase> <!-- runScenario -->
  <system-out/>
  <testcase classname="dsAlgoRunner.Runner_Test" name="runScenario" time="12.219"/>
  <system-out/>
  <testcase classname="dsAlgoRunner.Runner_Test" name="runScenario" time="15.630">
    <error message="Element &lt;a class=&quot;align-self-end btn btn-lg btn-block btn-primary&quot; href=&quot;tree&quot;&gt; is not clickable at point (1148,682) because another element &lt;html&gt; obscures it
Build info: version: &#039;4.20.0&#039;, revision: &#039;866c76ca80&#039;
System info: os.name: &#039;Windows 11&#039;, os.arch: &#039;amd64&#039;, os.version: &#039;10.0&#039;, java.version: &#039;21.0.2&#039;
Driver info: org.openqa.selenium.firefox.FirefoxDriver
Command: [bd4366e7-3b9c-4ac5-9014-beb6e919a52c, clickElement {id=10b65d1b-3d07-4d0b-9575-28cdf61d7b38}]
Capabilities {acceptInsecureCerts: true, browserName: firefox, browserVersion: 125.0.3, moz:accessibilityChecks: false, moz:buildID: 20240425211020, moz:debuggerAddress: 127.0.0.1:21176, moz:geckodriverVersion: 0.34.0, moz:headless: true, moz:platformVersion: 10.0, moz:processID: 31468, moz:profile: C:\Users\anjuk\AppData\Loca..., moz:shutdownTimeout: 60000, moz:webdriverClick: true, moz:windowless: false, pageLoadStrategy: normal, platformName: windows, proxy: Proxy(), se:cdp: ws://127.0.0.1:21176/devtoo..., se:cdpVersion: 85.0, setWindowRect: true, strictFileInteractability: false, timeouts: {implicit: 0, pageLoad: 300000, script: 30000}, unhandledPromptBehavior: dismiss and notify, userAgent: Mozilla/5.0 (Windows NT 10....}
Element: [[FirefoxDriver: firefox on windows (bd4366e7-3b9c-4ac5-9014-beb6e919a52c)] -&gt; xpath: //a[@href=&#039;tree&#039;]]
Session ID: bd4366e7-3b9c-4ac5-9014-beb6e919a52c" type="org.openqa.selenium.ElementClickInterceptedException">
      <![CDATA[org.openqa.selenium.ElementClickInterceptedException: Element <a class="align-self-end btn btn-lg btn-block btn-primary" href="tree"> is not clickable at point (1148,682) because another element <html> obscures it
Build info: version: '4.20.0', revision: '866c76ca80'
System info: os.name: 'Windows 11', os.arch: 'amd64', os.version: '10.0', java.version: '21.0.2'
Driver info: org.openqa.selenium.firefox.FirefoxDriver
Command: [bd4366e7-3b9c-4ac5-9014-beb6e919a52c, clickElement {id=10b65d1b-3d07-4d0b-9575-28cdf61d7b38}]
Capabilities {acceptInsecureCerts: true, browserName: firefox, browserVersion: 125.0.3, moz:accessibilityChecks: false, moz:buildID: 20240425211020, moz:debuggerAddress: 127.0.0.1:21176, moz:geckodriverVersion: 0.34.0, moz:headless: true, moz:platformVersion: 10.0, moz:processID: 31468, moz:profile: C:\Users\anjuk\AppData\Loca..., moz:shutdownTimeout: 60000, moz:webdriverClick: true, moz:windowless: false, pageLoadStrategy: normal, platformName: windows, proxy: Proxy(), se:cdp: ws://127.0.0.1:21176/devtoo..., se:cdpVersion: 85.0, setWindowRect: true, strictFileInteractability: false, timeouts: {implicit: 0, pageLoad: 300000, script: 30000}, unhandledPromptBehavior: dismiss and notify, userAgent: Mozilla/5.0 (Windows NT 10....}
Element: [[FirefoxDriver: firefox on windows (bd4366e7-3b9c-4ac5-9014-beb6e919a52c)] -> xpath: //a[@href='tree']]
Session ID: bd4366e7-3b9c-4ac5-9014-beb6e919a52c
at java.base/jdk.internal.reflect.DirectConstructorHandleAccessor.newInstance(DirectConstructorHandleAccessor.java:62)
at java.base/java.lang.reflect.Constructor.newInstanceWithCaller(Constructor.java:502)
at java.base/java.lang.reflect.Constructor.newInstance(Constructor.java:486)
at org.openqa.selenium.remote.ErrorCodec.decode(ErrorCodec.java:167)
at org.openqa.selenium.remote.codec.w3c.W3CHttpResponseCodec.decode(W3CHttpResponseCodec.java:138)
at org.openqa.selenium.remote.codec.w3c.W3CHttpResponseCodec.decode(W3CHttpResponseCodec.java:50)
at org.openqa.selenium.remote.HttpCommandExecutor.execute(HttpCommandExecutor.java:190)
at org.openqa.selenium.remote.service.DriverCommandExecutor.invokeExecute(DriverCommandExecutor.java:216)
at org.openqa.selenium.remote.service.DriverCommandExecutor.execute(DriverCommandExecutor.java:174)
at org.openqa.selenium.remote.RemoteWebDriver.execute(RemoteWebDriver.java:518)
at org.openqa.selenium.remote.RemoteWebElement.execute(RemoteWebElement.java:223)
at org.openqa.selenium.remote.RemoteWebElement.click(RemoteWebElement.java:76)
at dsalgoPOM.TreePage.TreeHomePage(TreePage.java:32)
at dsalgo_stepdefinition.DSTreeStepDefinition.the_user_is_on_the_tree_page(DSTreeStepDefinition.java:28)
at ✽.The user is on the Tree page(file:///C:/MyDSAlgoCode/DSAlgoProject/src/test/resources/Features/Tree.feature:38)
]]>
    </error>
  </testcase> <!-- runScenario -->
  <system-out/>
  <testcase classname="dsAlgoRunner.Runner_Test" name="runScenario" time="26.221"/>
  <system-out/>
  <testcase classname="dsAlgoRunner.Runner_Test" name="runScenario" time="15.757"/>
  <system-out/>
  <testcase classname="dsAlgoRunner.Runner_Test" name="runScenario" time="15.665"/>
  <system-out/>
  <testcase classname="dsAlgoRunner.Runner_Test" name="runScenario" time="5.678"/>
  <system-out/>
  <testcase classname="dsAlgoRunner.Runner_Test" name="runScenario" time="6.244"/>
  <system-out/>
  <testcase classname="dsAlgoRunner.Runner_Test" name="runScenario" time="9.315">
    <error message="Element &lt;a class=&quot;align-self-end btn btn-lg btn-block btn-primary&quot; href=&quot;stack&quot;&gt; is not clickable at point (217,682) because another element &lt;html&gt; obscures it
Build info: version: &#039;4.20.0&#039;, revision: &#039;866c76ca80&#039;
System info: os.name: &#039;Windows 11&#039;, os.arch: &#039;amd64&#039;, os.version: &#039;10.0&#039;, java.version: &#039;21.0.2&#039;
Driver info: org.openqa.selenium.firefox.FirefoxDriver
Command: [99c60ea8-efc8-4822-9789-7994f049abf2, clickElement {id=1a081a86-2380-4f41-ab52-c6a539f4e06d}]
Capabilities {acceptInsecureCerts: true, browserName: firefox, browserVersion: 125.0.3, moz:accessibilityChecks: false, moz:buildID: 20240425211020, moz:debuggerAddress: 127.0.0.1:7222, moz:geckodriverVersion: 0.34.0, moz:headless: true, moz:platformVersion: 10.0, moz:processID: 27344, moz:profile: C:\Users\anjuk\AppData\Loca..., moz:shutdownTimeout: 60000, moz:webdriverClick: true, moz:windowless: false, pageLoadStrategy: normal, platformName: windows, proxy: Proxy(), se:cdp: ws://127.0.0.1:7222/devtool..., se:cdpVersion: 85.0, setWindowRect: true, strictFileInteractability: false, timeouts: {implicit: 0, pageLoad: 300000, script: 30000}, unhandledPromptBehavior: dismiss and notify, userAgent: Mozilla/5.0 (Windows NT 10....}
Element: [[FirefoxDriver: firefox on windows (99c60ea8-efc8-4822-9789-7994f049abf2)] -&gt; xpath: //a[@href=&#039;stack&#039;]]
Session ID: 99c60ea8-efc8-4822-9789-7994f049abf2" type="org.openqa.selenium.ElementClickInterceptedException">
      <![CDATA[org.openqa.selenium.ElementClickInterceptedException: Element <a class="align-self-end btn btn-lg btn-block btn-primary" href="stack"> is not clickable at point (217,682) because another element <html> obscures it
Build info: version: '4.20.0', revision: '866c76ca80'
System info: os.name: 'Windows 11', os.arch: 'amd64', os.version: '10.0', java.version: '21.0.2'
Driver info: org.openqa.selenium.firefox.FirefoxDriver
Command: [99c60ea8-efc8-4822-9789-7994f049abf2, clickElement {id=1a081a86-2380-4f41-ab52-c6a539f4e06d}]
Capabilities {acceptInsecureCerts: true, browserName: firefox, browserVersion: 125.0.3, moz:accessibilityChecks: false, moz:buildID: 20240425211020, moz:debuggerAddress: 127.0.0.1:7222, moz:geckodriverVersion: 0.34.0, moz:headless: true, moz:platformVersion: 10.0, moz:processID: 27344, moz:profile: C:\Users\anjuk\AppData\Loca..., moz:shutdownTimeout: 60000, moz:webdriverClick: true, moz:windowless: false, pageLoadStrategy: normal, platformName: windows, proxy: Proxy(), se:cdp: ws://127.0.0.1:7222/devtool..., se:cdpVersion: 85.0, setWindowRect: true, strictFileInteractability: false, timeouts: {implicit: 0, pageLoad: 300000, script: 30000}, unhandledPromptBehavior: dismiss and notify, userAgent: Mozilla/5.0 (Windows NT 10....}
Element: [[FirefoxDriver: firefox on windows (99c60ea8-efc8-4822-9789-7994f049abf2)] -> xpath: //a[@href='stack']]
Session ID: 99c60ea8-efc8-4822-9789-7994f049abf2
at java.base/jdk.internal.reflect.DirectConstructorHandleAccessor.newInstance(DirectConstructorHandleAccessor.java:62)
at java.base/java.lang.reflect.Constructor.newInstanceWithCaller(Constructor.java:502)
at java.base/java.lang.reflect.Constructor.newInstance(Constructor.java:486)
at org.openqa.selenium.remote.ErrorCodec.decode(ErrorCodec.java:167)
at org.openqa.selenium.remote.codec.w3c.W3CHttpResponseCodec.decode(W3CHttpResponseCodec.java:138)
at org.openqa.selenium.remote.codec.w3c.W3CHttpResponseCodec.decode(W3CHttpResponseCodec.java:50)
at org.openqa.selenium.remote.HttpCommandExecutor.execute(HttpCommandExecutor.java:190)
at org.openqa.selenium.remote.service.DriverCommandExecutor.invokeExecute(DriverCommandExecutor.java:216)
at org.openqa.selenium.remote.service.DriverCommandExecutor.execute(DriverCommandExecutor.java:174)
at org.openqa.selenium.remote.RemoteWebDriver.execute(RemoteWebDriver.java:518)
at org.openqa.selenium.remote.RemoteWebElement.execute(RemoteWebElement.java:223)
at org.openqa.selenium.remote.RemoteWebElement.click(RemoteWebElement.java:76)
at java.base/jdk.internal.reflect.DirectMethodHandleAccessor.invoke(DirectMethodHandleAccessor.java:103)
at java.base/java.lang.reflect.Method.invoke(Method.java:580)
at org.openqa.selenium.support.pagefactory.internal.LocatingElementHandler.invoke(LocatingElementHandler.java:51)
at jdk.proxy2/jdk.proxy2.$Proxy29.click(Unknown Source)
at dsalgoPOM.DSStack_Page.StackHomePage(DSStack_Page.java:45)
at dsalgo_stepdefinition.DSStack_StepDefinition.the_user_is_on_the_stack_page(DSStack_StepDefinition.java:29)
at ✽.The user is on the stack page(file:///C:/MyDSAlgoCode/DSAlgoProject/src/test/resources/Features/DSStack.feature:30)
]]>
    </error>
  </testcase> <!-- runScenario -->
  <system-out/>
  <testcase classname="dsAlgoRunner.Runner_Test" name="runScenario" time="15.120">
[...]
at java.base/java.lang.reflect.Constructor.newInstance(Constructor.java:486)
at org.openqa.selenium.remote.ErrorCodec.decode(ErrorCodec.java:167)
at org.openqa.selenium.remote.codec.w3c.W3CHttpResponseCodec.decode(W3CHttpResponseCodec.java:138)
at org.openqa.selenium.remote.codec.w3c.W3CHttpResponseCodec.decode(W3CHttpResponseCodec.java:50)
at org.openqa.selenium.remote.HttpCommandExecutor.execute(HttpCommandExecutor.java:190)
at org.openqa.selenium.remote.service.DriverCommandExecutor.invokeExecute(DriverCommandExecutor.java:216)
at org.openqa.selenium.remote.service.DriverCommandExecutor.execute(DriverCommandExecutor.java:174)
at org.openqa.selenium.remote.RemoteWebDriver.execute(RemoteWebDriver.java:518)
at org.openqa.selenium.remote.RemoteWebElement.execute(RemoteWebElement.java:223)
at org.openqa.selenium.remote.RemoteWebElement.click(RemoteWebElement.java:76)
at dsalgoPOM.TreePage.TreeHomePage(TreePage.java:32)
at dsalgo_stepdefinition.DSTreeStepDefinition.the_user_is_on_the_tree_page(DSTreeStepDefinition.java:28)
at ✽.The user is on the Tree page(file:///C:/MyDSAlgoCode/DSAlgoProject/src/test/resources/Features/Tree.feature:13)
]]>
    </error>
  </testcase> <!-- runScenario -->
  <system-out/>
  <testcase classname="dsAlgoRunner.Runner_Test" name="runScenario" time="23.131"/>
  <system-out/>
  <testcase classname="dsAlgoRunner.Runner_Test" name="runScenario" time="15.247">
    <error message="Element &lt;a class=&quot;align-self-end btn btn-lg btn-block btn-primary&quot; href=&quot;tree&quot;&gt; is not clickable at point (1148,682) because another element &lt;html&gt; obscures it
Build info: version: &#039;4.20.0&#039;, revision: &#039;866c76ca80&#039;
System info: os.name: &#039;Windows 11&#039;, os.arch: &#039;amd64&#039;, os.version: &#039;10.0&#039;, java.version: &#039;21.0.2&#039;
Driver info: org.openqa.selenium.firefox.FirefoxDriver
Command: [2316041a-ea37-489e-a3a8-ef3647219c99, clickElement {id=15e77051-4e31-474b-81fc-7d221db79fef}]
Capabilities {acceptInsecureCerts: true, browserName: firefox, browserVersion: 125.0.3, moz:accessibilityChecks: false, moz:buildID: 20240425211020, moz:debuggerAddress: 127.0.0.1:9267, moz:geckodriverVersion: 0.34.0, moz:headless: true, moz:platformVersion: 10.0, moz:processID: 33328, moz:profile: C:\Users\anjuk\AppData\Loca..., moz:shutdownTimeout: 60000, moz:webdriverClick: true, moz:windowless: false, pageLoadStrategy: normal, platformName: windows, proxy: Proxy(), se:cdp: ws://127.0.0.1:9267/devtool..., se:cdpVersion: 85.0, setWindowRect: true, strictFileInteractability: false, timeouts: {implicit: 0, pageLoad: 300000, script: 30000}, unhandledPromptBehavior: dismiss and notify, userAgent: Mozilla/5.0 (Windows NT 10....}
Element: [[FirefoxDriver: firefox on windows (2316041a-ea37-489e-a3a8-ef3647219c99)] -&gt; xpath: //a[@href=&#039;tree&#039;]]
Session ID: 2316041a-ea37-489e-a3a8-ef3647219c99" type="org.openqa.selenium.ElementClickInterceptedException">
      <![CDATA[org.openqa.selenium.ElementClickInterceptedException: Element <a class="align-self-end btn btn-lg btn-block btn-primary" href="tree"> is not clickable at point (1148,682) because another element <html> obscures it
Build info: version: '4.20.0', revision: '866c76ca80'
System info: os.name: 'Windows 11', os.arch: 'amd64', os.version: '10.0', java.version: '21.0.2'
Driver info: org.openqa.selenium.firefox.FirefoxDriver
Command: [2316041a-ea37-489e-a3a8-ef3647219c99, clickElement {id=15e77051-4e31-474b-81fc-7d221db79fef}]
Capabilities {acceptInsecureCerts: true, browserName: firefox, browserVersion: 125.0.3, moz:accessibilityChecks: false, moz:buildID: 20240425211020, moz:debuggerAddress: 127.0.0.1:9267, moz:geckodriverVersion: 0.34.0, moz:headless: true, moz:platformVersion: 10.0, moz:processID: 33328, moz:profile: C:\Users\anjuk\AppData\Loca..., moz:shutdownTimeout: 60000, moz:webdriverClick: true, moz:windowless: false, pageLoadStrategy: normal, platformName: windows, proxy: Proxy(), se:cdp: ws://127.0.0.1:9267/devtool..., se:cdpVersion: 85.0, setWindowRect: true, strictFileInteractability: false, timeouts: {implicit: 0, pageLoad: 300000, script: 30000}, unhandledPromptBehavior: dismiss and notify, userAgent: Mozilla/5.0 (Windows NT 10....}
Element: [[FirefoxDriver: firefox on windows (2316041a-ea37-489e-a3a8-ef3647219c99)] -> xpath: //a[@href='tree']]
Session ID: 2316041a-ea37-489e-a3a8-ef3647219c99
at java.base/jdk.internal.reflect.DirectConstructorHandleAccessor.newInstance(DirectConstructorHandleAccessor.java:62)
at java.base/java.lang.reflect.Constructor.newInstanceWithCaller(Constructor.java:502)
at java.base/java.lang.reflect.Constructor.newInstance(Constructor.java:486)
at org.openqa.selenium.remote.ErrorCodec.decode(ErrorCodec.java:167)
at org.openqa.selenium.remote.codec.w3c.W3CHttpResponseCodec.decode(W3CHttpResponseCodec.java:138)
at org.openqa.selenium.remote.codec.w3c.W3CHttpResponseCodec.decode(W3CHttpResponseCodec.java:50)
at org.openqa.selenium.remote.HttpCommandExecutor.execute(HttpCommandExecutor.java:190)
at org.openqa.selenium.remote.service.DriverCommandExecutor.invokeExecute(DriverCommandExecutor.java:216)
at org.openqa.selenium.remote.service.DriverCommandExecutor.execute(DriverCommandExecutor.java:174)
at org.openqa.selenium.remote.RemoteWebDriver.execute(RemoteWebDriver.java:518)
at org.openqa.selenium.remote.RemoteWebElement.execute(RemoteWebElement.java:223)
at org.openqa.selenium.remote.RemoteWebElement.click(RemoteWebElement.java:76)
at dsalgoPOM.TreePage.TreeHomePage(TreePage.java:32)
at dsalgo_stepdefinition.DSTreeStepDefinition.the_user_is_on_the_tree_page(DSTreeStepDefinition.java:28)
at ✽.The user is on the Tree page(file:///C:/MyDSAlgoCode/DSAlgoProject/src/test/resources/Features/Tree.feature:38)
]]>
    </error>
  </testcase> <!-- runScenario -->
  <system-out/>
  <testcase classname="dsAlgoRunner.Runner_Test" name="runScenario" time="19.885"/>
  <system-out/>
  <testcase classname="dsAlgoRunner.Runner_Test" name="runScenario" time="7.494">
    <error message="Element &lt;a class=&quot;align-self-end btn btn-lg btn-block btn-primary&quot; href=&quot;tree&quot;&gt; is not clickable at point (1148,682) because another element &lt;html&gt; obscures it
Build info: version: &#039;4.20.0&#039;, revision: &#039;866c76ca80&#039;
System info: os.name: &#039;Windows 11&#039;, os.arch: &#039;amd64&#039;, os.version: &#039;10.0&#039;, java.version: &#039;21.0.2&#039;
Driver info: org.openqa.selenium.firefox.FirefoxDriver
Command: [fd5b4a51-c2d2-4b24-afa6-c3974118eb71, clickElement {id=9210a0d1-702d-4f1a-a3df-160502fe5977}]
Capabilities {acceptInsecureCerts: true, browserName: firefox, browserVersion: 125.0.3, moz:accessibilityChecks: false, moz:buildID: 20240425211020, moz:debuggerAddress: 127.0.0.1:6177, moz:geckodriverVersion: 0.34.0, moz:headless: true, moz:platformVersion: 10.0, moz:processID: 26156, moz:profile: C:\Users\anjuk\AppData\Loca..., moz:shutdownTimeout: 60000, moz:webdriverClick: true, moz:windowless: false, pageLoadStrategy: normal, platformName: windows, proxy: Proxy(), se:cdp: ws://127.0.0.1:6177/devtool..., se:cdpVersion: 85.0, setWindowRect: true, strictFileInteractability: false, timeouts: {implicit: 0, pageLoad: 300000, script: 30000}, unhandledPromptBehavior: dismiss and notify, userAgent: Mozilla/5.0 (Windows NT 10....}
Element: [[FirefoxDriver: firefox on windows (fd5b4a51-c2d2-4b24-afa6-c3974118eb71)] -&gt; xpath: //a[@href=&#039;tree&#039;]]
Session ID: fd5b4a51-c2d2-4b24-afa6-c3974118eb71" type="org.openqa.selenium.ElementClickInterceptedException">
      <![CDATA[org.openqa.selenium.ElementClickInterceptedException: Element <a class="align-self-end btn btn-lg btn-block btn-primary" href="tree"> is not clickable at point (1148,682) because another element <html> obscures it
Build info: version: '4.20.0', revision: '866c76ca80'
System info: os.name: 'Windows 11', os.arch: 'amd64', os.version: '10.0', java.version: '21.0.2'
Driver info: org.openqa.selenium.firefox.FirefoxDriver
Command: [fd5b4a51-c2d2-4b24-afa6-c3974118eb71, clickElement {id=9210a0d1-702d-4f1a-a3df-160502fe5977}]
Capabilities {acceptInsecureCerts: true, browserName: firefox, browserVersion: 125.0.3, moz:accessibilityChecks: false, moz:buildID: 20240425211020, moz:debuggerAddress: 127.0.0.1:6177, moz:geckodriverVersion: 0.34.0, moz:headless: true, moz:platformVersion: 10.0, moz:processID: 26156, moz:profile: C:\Users\anjuk\AppData\Loca..., moz:shutdownTimeout: 60000, moz:webdriverClick: true, moz:windowless: false, pageLoadStrategy: normal, platformName: windows, proxy: Proxy(), se:cdp: ws://127.0.0.1:6177/devtool..., se:cdpVersion: 85.0, setWindowRect: true, strictFileInteractability: false, timeouts: {implicit: 0, pageLoad: 300000, script: 30000}, unhandledPromptBehavior: dismiss and notify, userAgent: Mozilla/5.0 (Windows NT 10....}
Element: [[FirefoxDriver: firefox on windows (fd5b4a51-c2d2-4b24-afa6-c3974118eb71)] -> xpath: //a[@href='tree']]
Session ID: fd5b4a51-c2d2-4b24-afa6-c3974118eb71
at java.base/jdk.internal.reflect.DirectConstructorHandleAccessor.newInstance(DirectConstructorHandleAccessor.java:62)
at java.base/java.lang.reflect.Constructor.newInstanceWithCaller(Constructor.java:502)
at java.base/java.lang.reflect.Constructor.newInstance(Constructor.java:486)
at org.openqa.selenium.remote.ErrorCodec.decode(ErrorCodec.java:167)
at org.openqa.selenium.remote.codec.w3c.W3CHttpResponseCodec.decode(W3CHttpResponseCodec.java:138)
at org.openqa.selenium.remote.codec.w3c.W3CHttpResponseCodec.decode(W3CHttpResponseCodec.java:50)
at org.openqa.selenium.remote.HttpCommandExecutor.execute(HttpCommandExecutor.java:190)
at org.openqa.selenium.remote.service.DriverCommandExecutor.invokeExecute(DriverCommandExecutor.java:216)
at org.openqa.selenium.remote.service.DriverCommandExecutor.execute(DriverCommandExecutor.java:174)
at org.openqa.selenium.remote.RemoteWebDriver.execute(RemoteWebDriver.java:518)
at org.openqa.selenium.remote.RemoteWebElement.execute(RemoteWebElement.java:223)
at org.openqa.selenium.remote.RemoteWebElement.click(RemoteWebElement.java:76)
at dsalgoPOM.TreePage.TreeHomePage(TreePage.java:32)
at dsalgo_stepdefinition.DSTreeStepDefinition.the_user_is_on_the_tree_page(DSTreeStepDefinition.java:28)
at ✽.The user is on the Tree page(file:///C:/MyDSAlgoCode/DSAlgoProject/src/test/resources/Features/Tree.feature:38)
]]>
    </error>
  </testcase> <!-- runScenario -->
  <system-out/>
  <testcase classname="dsAlgoRunner.Runner_Test" name="runScenario" time="24.309"/>
  <system-out/>
  <testcase classname="dsAlgoRunner.Runner_Test" name="runScenario" time="14.990">
    <error message="Element &lt;a class=&quot;align-self-end btn btn-lg btn-block btn-primary&quot; href=&quot;tree&quot;&gt; is not clickable at point (1148,682) because another element &lt;html&gt; obscures it
Build info: version: &#039;4.20.0&#039;, revision: &#039;866c76ca80&#039;
System info: os.name: &#039;Windows 11&#039;, os.arch: &#039;amd64&#039;, os.version: &#039;10.0&#039;, java.version: &#039;21.0.2&#039;
Driver info: org.openqa.selenium.firefox.FirefoxDriver
Command: [042c5215-a100-4d0c-9b26-97550715002a, clickElement {id=0cac912a-a553-4c11-94f3-1d1b0ceec463}]
Capabilities {acceptInsecureCerts: true, browserName: firefox, browserVersion: 125.0.3, moz:accessibilityChecks: false, moz:buildID: 20240425211020, moz:debuggerAddress: 127.0.0.1:27638, moz:geckodriverVersion: 0.34.0, moz:headless: true, moz:platformVersion: 10.0, moz:processID: 21724, moz:profile: C:\Users\anjuk\AppData\Loca..., moz:shutdownTimeout: 60000, moz:webdriverClick: true, moz:windowless: false, pageLoadStrategy: normal, platformName: windows, proxy: Proxy(), se:cdp: ws://127.0.0.1:27638/devtoo..., se:cdpVersion: 85.0, setWindowRect: true, strictFileInteractability: false, timeouts: {implicit: 0, pageLoad: 300000, script: 30000}, unhandledPromptBehavior: dismiss and notify, userAgent: Mozilla/5.0 (Windows NT 10....}
Element: [[FirefoxDriver: firefox on windows (042c5215-a100-4d0c-9b26-97550715002a)] -&gt; xpath: //a[@href=&#039;tree&#039;]]
Session ID: 042c5215-a100-4d0c-9b26-97550715002a" type="org.openqa.selenium.ElementClickInterceptedException">
      <![CDATA[org.openqa.selenium.ElementClickInterceptedException: Element <a class="align-self-end btn btn-lg btn-block btn-primary" href="tree"> is not clickable at point (1148,682) because another element <html> obscures it
Build info: version: '4.20.0', revision: '866c76ca80'
System info: os.name: 'Windows 11', os.arch: 'amd64', os.version: '10.0', java.version: '21.0.2'
Driver info: org.openqa.selenium.firefox.FirefoxDriver
Command: [042c5215-a100-4d0c-9b26-97550715002a, clickElement {id=0cac912a-a553-4c11-94f3-1d1b0ceec463}]
Capabilities {acceptInsecureCerts: true, browserName: firefox, browserVersion: 125.0.3, moz:accessibilityChecks: false, moz:buildID: 20240425211020, moz:debuggerAddress: 127.0.0.1:27638, moz:geckodriverVersion: 0.34.0, moz:headless: true, moz:platformVersion: 10.0, moz:processID: 21724, moz:profile: C:\Users\anjuk\AppData\Loca..., moz:shutdownTimeout: 60000, moz:webdriverClick: true, moz:windowless: false, pageLoadStrategy: normal, platformName: windows, proxy: Proxy(), se:cdp: ws://127.0.0.1:27638/devtoo..., se:cdpVersion: 85.0, setWindowRect: true, strictFileInteractability: false, timeouts: {implicit: 0, pageLoad: 300000, script: 30000}, unhandledPromptBehavior: dismiss and notify, userAgent: Mozilla/5.0 (Windows NT 10....}
Element: [[FirefoxDriver: firefox on windows (042c5215-a100-4d0c-9b26-97550715002a)] -> xpath: //a[@href='tree']]
Session ID: 042c5215-a100-4d0c-9b26-97550715002a
at java.base/jdk.internal.reflect.DirectConstructorHandleAccessor.newInstance(DirectConstructorHandleAccessor.java:62)
at java.base/java.lang.reflect.Constructor.newInstanceWithCaller(Constructor.java:502)
at java.base/java.lang.reflect.Constructor.newInstance(Constructor.java:486)
at org.openqa.selenium.remote.ErrorCodec.decode(ErrorCodec.java:167)
at org.openqa.selenium.remote.codec.w3c.W3CHttpResponseCodec.decode(W3CHttpResponseCodec.java:138)
at org.openqa.selenium.remote.codec.w3c.W3CHttpResponseCodec.decode(W3CHttpResponseCodec.java:50)
at org.openqa.selenium.remote.HttpCommandExecutor.execute(HttpCommandExecutor.java:190)
at org.openqa.selenium.remote.service.DriverCommandExecutor.invokeExecute(DriverCommandExecutor.java:216)
at org.openqa.selenium.remote.service.DriverCommandExecutor.execute(DriverCommandExecutor.java:174)
at org.openqa.selenium.remote.RemoteWebDriver.execute(RemoteWebDriver.java:518)
at org.openqa.selenium.remote.RemoteWebElement.execute(RemoteWebElement.java:223)
at org.openqa.selenium.remote.RemoteWebElement.click(RemoteWebElement.java:76)
at dsalgoPOM.TreePage.TreeHomePage(TreePage.java:32)
at dsalgo_stepdefinition.DSTreeStepDefinition.the_user_is_on_the_tree_page(DSTreeStepDefinition.java:28)
at ✽.The user is on the Tree page(file:///C:/MyDSAlgoCode/DSAlgoProject/src/test/resources/Features/Tree.feature:13)
]]>
    </error>
  </testcase> <!-- runScenario -->
  <system-out/>
  <testcase classname="dsAlgoRunner.Runner_Test" name="runScenario" time="7.336">
    <error message="Element &lt;a class=&quot;align-self-end btn btn-lg btn-block btn-primary&quot; href=&quot;tree&quot;&gt; is not clickable at point (1148,682) because another element &lt;html&gt; obscures it
Build info: version: &#039;4.20.0&#039;, revision: &#039;866c76ca80&#039;
System info: os.name: &#039;Windows 11&#039;, os.arch: &#039;amd64&#039;, os.version: &#039;10.0&#039;, java.version: &#039;21.0.2&#039;
Driver info: org.openqa.selenium.firefox.FirefoxDriver
Command: [48b13a70-b043-41dc-a5f4-bccd344a3598, clickElement {id=b01db147-3578-419a-8ea4-1846080775b3}]
Capabilities {acceptInsecureCerts: true, browserName: firefox, browserVersion: 125.0.3, moz:accessibilityChecks: false, moz:buildID: 20240425211020, moz:debuggerAddress: 127.0.0.1:24332, moz:geckodriverVersion: 0.34.0, moz:headless: true, moz:platformVersion: 10.0, moz:processID: 2108, moz:profile: C:\Users\anjuk\AppData\Loca..., moz:shutdownTimeout: 60000, moz:webdriverClick: true, moz:windowless: false, pageLoadStrategy: normal, platformName: windows, proxy: Proxy(), se:cdp: ws://127.0.0.1:24332/devtoo..., se:cdpVersion: 85.0, setWindowRect: true, strictFileInteractability: false, timeouts: {implicit: 0, pageLoad: 300000, script: 30000}, unhandledPromptBehavior: dismiss and notify, userAgent: Mozilla/5.0 (Windows NT 10....}
Element: [[FirefoxDriver: firefox on windows (48b13a70-b043-41dc-a5f4-bccd344a3598)] -&gt; xpath: //a[@href=&#039;tree&#039;]]
Session ID: 48b13a70-b043-41dc-a5f4-bccd344a3598" type="org.openqa.selenium.ElementClickInterceptedException">
      <![CDATA[org.openqa.selenium.ElementClickInterceptedException: Element <a class="align-self-end btn btn-lg btn-block btn-primary" href="tree"> is not clickable at point (1148,682) because another element <html> obscures it
Build info: version: '4.20.0', revision: '866c76ca80'
System info: os.name: 'Windows 11', os.arch: 'amd64', os.version: '10.0', java.version: '21.0.2'
Driver info: org.openqa.selenium.firefox.FirefoxDriver
Command: [48b13a70-b043-41dc-a5f4-bccd344a3598, clickElement {id=b01db147-3578-419a-8ea4-1846080775b3}]
Capabilities {acceptInsecureCerts: true, browserName: firefox, browserVersion: 125.0.3, moz:accessibilityChecks: false, moz:buildID: 20240425211020, moz:debuggerAddress: 127.0.0.1:24332, moz:geckodriverVersion: 0.34.0, moz:headless: true, moz:platformVersion: 10.0, moz:processID: 2108, moz:profile: C:\Users\anjuk\AppData\Loca..., moz:shutdownTimeout: 60000, moz:webdriverClick: true, moz:windowless: false, pageLoadStrategy: normal, platformName: windows, proxy: Proxy(), se:cdp: ws://127.0.0.1:24332/devtoo..., se:cdpVersion: 85.0, setWindowRect: true, strictFileInteractability: false, timeouts: {implicit: 0, pageLoad: 300000, script: 30000}, unhandledPromptBehavior: dismiss and notify, userAgent: Mozilla/5.0 (Windows NT 10....}
Element: [[FirefoxDriver: firefox on windows (48b13a70-b043-41dc-a5f4-bccd344a3598)] -> xpath: //a[@href='tree']]
Session ID: 48b13a70-b043-41dc-a5f4-bccd344a3598
at java.base/jdk.internal.reflect.DirectConstructorHandleAccessor.newInstance(DirectConstructorHandleAccessor.java:62)
at java.base/java.lang.reflect.Constructor.newInstanceWithCaller(Constructor.java:502)
at java.base/java.lang.reflect.Constructor.newInstance(Constructor.java:486)
at org.openqa.selenium.remote.ErrorCodec.decode(ErrorCodec.java:167)
at org.openqa.selenium.remote.codec.w3c.W3CHttpResponseCodec.decode(W3CHttpResponseCodec.java:138)
at org.openqa.selenium.remote.codec.w3c.W3CHttpResponseCodec.decode(W3CHttpResponseCodec.java:50)
at org.openqa.selenium.remote.HttpCommandExecutor.execute(HttpCommandExecutor.java:190)
at org.openqa.selenium.remote.service.DriverCommandExecutor.invokeExecute(DriverCommandExecutor.java:216)
at org.openqa.selenium.remote.service.DriverCommandExecutor.execute(DriverCommandExecutor.java:174)
at org.openqa.selenium.remote.RemoteWebDriver.execute(RemoteWebDriver.java:518)
at org.openqa.selenium.remote.RemoteWebElement.execute(RemoteWebElement.java:223)
at org.openqa.selenium.remote.RemoteWebElement.click(RemoteWebElement.java:76)
at dsalgoPOM.TreePage.TreeHomePage(TreePage.java:32)
at dsalgo_stepdefinition.DSTreeStepDefinition.the_user_is_on_the_tree_page(DSTreeStepDefinition.java:28)
at ✽.The user is on the Tree page(file:///C:/MyDSAlgoCode/DSAlgoProject/src/test/resources/Features/Tree.feature:38)
]]>
    </error>
  </testcase> <!-- runScenario -->
  <system-out/>
  <testcase classname="dsAlgoRunner.Runner_Test" name="runScenario" time="21.047"/>
  <system-out/>
  <testcase classname="dsAlgoRunner.Runner_Test" name="runScenario" time="39.953"/>
  <system-out/>
  <testcase classname="dsAlgoRunner.Runner_Test" name="runScenario" time="5.064"/>
  <system-out/>
  <testcase classname="dsAlgoRunner.Runner_Test" name="runScenario" time="11.443"/>
  <system-out/>
</testsuite> <!-- dsAlgoRunner.Runner_Test -->
